[M::ha_analyze_count] lowest: count[8] = 37727995
[M::ha_analyze_count] highest: count[23] = 98717906
[M::ha_hist_line]     2: ****************************************************************************************************> 7915364763
[M::ha_hist_line]     3: ****************************************************************************************************> 621942554
[M::ha_hist_line]     4: ****************************************************************************************************> 192747128
[M::ha_hist_line]     5: **************************************************************************************** 86953558
[M::ha_hist_line]     6: ***************************************************** 51926153
[M::ha_hist_line]     7: ***************************************** 40198957
[M::ha_hist_line]     8: ************************************** 37727995
[M::ha_hist_line]     9: **************************************** 39236419
[M::ha_hist_line]    10: ******************************************* 42283258
[M::ha_hist_line]    11: ********************************************** 45664055
[M::ha_hist_line]    12: ************************************************** 49054411
[M::ha_hist_line]    13: ***************************************************** 52580314
[M::ha_hist_line]    14: ********************************************************* 56409214
[M::ha_hist_line]    15: ************************************************************** 60935007
[M::ha_hist_line]    16: ******************************************************************* 66249395
[M::ha_hist_line]    17: ************************************************************************* 72324220
[M::ha_hist_line]    18: ******************************************************************************** 78780784
[M::ha_hist_line]    19: ************************************************************************************** 85138301
[M::ha_hist_line]    20: ******************************************************************************************** 90798103
[M::ha_hist_line]    21: ************************************************************************************************* 95267520
[M::ha_hist_line]    22: *************************************************************************************************** 97998927
[M::ha_hist_line]    23: **************************************************************************************************** 98717906
[M::ha_hist_line]    24: *************************************************************************************************** 97389582
[M::ha_hist_line]    25: *********************************************************************************************** 94120883
[M::ha_hist_line]    26: ****************************************************************************************** 89123586
[M::ha_hist_line]    27: ************************************************************************************ 82818389
[M::ha_hist_line]    28: ***************************************************************************** 75580649
[M::ha_hist_line]    29: ********************************************************************* 67919868
[M::ha_hist_line]    30: ************************************************************* 60213642
[M::ha_hist_line]    31: ***************************************************** 52763205
[M::ha_hist_line]    32: ********************************************** 45818371
[M::ha_hist_line]    33: **************************************** 39564243
[M::ha_hist_line]    34: ********************************** 34054745
[M::ha_hist_line]    35: ****************************** 29281696
[M::ha_hist_line]    36: ************************** 25244257
[M::ha_hist_line]    37: ********************** 21871132
[M::ha_hist_line]    38: ******************* 19069448
[M::ha_hist_line]    39: ***************** 16727868
[M::ha_hist_line]    40: *************** 14767412
[M::ha_hist_line]    41: ************* 13096199
[M::ha_hist_line]    42: ************ 11673059
[M::ha_hist_line]    43: *********** 10458461
[M::ha_hist_line]    44: ********* 9356313
[M::ha_hist_line]    45: ******** 8370946
[M::ha_hist_line]    46: ******** 7479600
[M::ha_hist_line]    47: ******* 6656146
[M::ha_hist_line]    48: ****** 5900748
[M::ha_hist_line]    49: ***** 5220615
[M::ha_hist_line]    50: ***** 4598602
[M::ha_hist_line]    51: **** 4026105
[M::ha_hist_line]    52: **** 3518140
[M::ha_hist_line]    53: *** 3067525
[M::ha_hist_line]    54: *** 2669897
[M::ha_hist_line]    55: ** 2320162
[M::ha_hist_line]    56: ** 2014265
[M::ha_hist_line]    57: ** 1751159
[M::ha_hist_line]    58: ** 1524880
[M::ha_hist_line]    59: * 1337609
[M::ha_hist_line]    60: * 1176407
[M::ha_hist_line]    61: * 1034698
[M::ha_hist_line]    62: * 924174
[M::ha_hist_line]    63: * 829469
[M::ha_hist_line]    64: * 752080
[M::ha_hist_line]    65: * 686829
[M::ha_hist_line]    66: * 634794
[M::ha_hist_line]    67: * 591350
[M::ha_hist_line]    68: * 554257
[M::ha_hist_line]    69: * 523582
[M::ha_hist_line]    70: * 496432
[M::ha_hist_line]  rest: ************************* 24606425
[M::ha_analyze_count] left: none
[M::ha_analyze_count] right: none
[M::ha_ft_gen] peak_hom: 23; peak_het: -1
[M::ha_ct_shrink::2615.516*14.70] ==> counted 11776710 distinct minimizer k-mers
[M::ha_ft_gen::2651.652*14.51@146.955GB] ==> filtered out 11776710 k-mers occurring 115 or more times
[M::ha_opt_update_cov] updated max_n_chain to 115
[M::yak_count] collected 1612917334 minimizers
[M::yak_count] collected 1769417680 minimizers
[M::yak_count] collected 994174698 minimizers
[M::ha_pt_gen::6688.481*8.98] ==> counted 2136231152 distinct minimizer k-mers
[M::ha_pt_gen] count[4095] = 0 (for sanity check)
[M::ha_analyze_count] lowest: count[11] = 3078106
[M::ha_analyze_count] highest: count[20] = 3958459
[M::ha_hist_line]     1: ****************************************************************************************************> 1892653520
[M::ha_hist_line]     2: ****************************************************************************************************> 95416565
[M::ha_hist_line]     3: ****************************************************************************************************> 27506349
[M::ha_hist_line]     4: ****************************************************************************************************> 12821565
[M::ha_hist_line]     5: ****************************************************************************************************> 7627152
[M::ha_hist_line]     6: ****************************************************************************************************> 5294543
[M::ha_hist_line]     7: ****************************************************************************************************> 4130506
[M::ha_hist_line]     8: ***************************************************************************************** 3535123
[M::ha_hist_line]     9: ********************************************************************************** 3234283
[M::ha_hist_line]    10: ******************************************************************************* 3110122
[M::ha_hist_line]    11: ****************************************************************************** 3078106
[M::ha_hist_line]    12: ******************************************************************************* 3117089
[M::ha_hist_line]    13: ********************************************************************************* 3200805
[M::ha_hist_line]    14: ************************************************************************************ 3316782
[M::ha_hist_line]    15: *************************************************************************************** 3457683
[M::ha_hist_line]    16: ******************************************************************************************* 3613241
[M::ha_hist_line]    17: *********************************************************************************************** 3751214
[M::ha_hist_line]    18: ************************************************************************************************** 3869545
[M::ha_hist_line]    19: **************************************************************************************************** 3940915
[M::ha_hist_line]    20: **************************************************************************************************** 3958459
[M::ha_hist_line]    21: *************************************************************************************************** 3914245
[M::ha_hist_line]    22: ************************************************************************************************ 3800994
[M::ha_hist_line]    23: ******************************************************************************************** 3635878
[M::ha_hist_line]    24: ************************************************************************************** 3414450
[M::ha_hist_line]    25: ******************************************************************************** 3169218
[M::ha_hist_line]    26: ************************************************************************* 2890768
[M::ha_hist_line]    27: ****************************************************************** 2607977
[M::ha_hist_line]    28: *********************************************************** 2328548
[M::ha_hist_line]    29: **************************************************** 2056252
[M::ha_hist_line]    30: ********************************************** 1810768
[M::ha_hist_line]    31: **************************************** 1586789
[M::ha_hist_line]    32: *********************************** 1390517
[M::ha_hist_line]    33: ******************************* 1218203
[M::ha_hist_line]    34: *************************** 1073295
[M::ha_hist_line]    35: ************************ 950672
[M::ha_hist_line]    36: ********************* 851004
[M::ha_hist_line]    37: ******************* 763851
[M::ha_hist_line]    38: ***************** 691812
[M::ha_hist_line]    39: **************** 631072
[M::ha_hist_line]    40: *************** 574949
[M::ha_hist_line]    41: ************* 527681
[M::ha_hist_line]    42: ************ 483225
[M::ha_hist_line]    43: *********** 442139
[M::ha_hist_line]    44: ********** 406081
[M::ha_hist_line]    45: ********* 368907
[M::ha_hist_line]    46: ******** 334008
[M::ha_hist_line]    47: ******** 303103
[M::ha_hist_line]    48: ******* 273855
[M::ha_hist_line]    49: ****** 245812
[M::ha_hist_line]    50: ****** 220785
[M::ha_hist_line]    51: ***** 195952
[M::ha_hist_line]    52: **** 175084
[M::ha_hist_line]    53: **** 155783
[M::ha_hist_line]    54: **** 138868
[M::ha_hist_line]    55: *** 123625
[M::ha_hist_line]    56: *** 109575
[M::ha_hist_line]    57: ** 98317
[M::ha_hist_line]    58: ** 87456
[M::ha_hist_line]    59: ** 79108
[M::ha_hist_line]    60: ** 71863
[M::ha_hist_line]    61: ** 65515
[M::ha_hist_line]    62: ** 60249
[M::ha_hist_line]    63: * 56079
[M::ha_hist_line]    64: * 52105
[M::ha_hist_line]    65: * 48333
[M::ha_hist_line]    66: * 45903
[M::ha_hist_line]    67: * 43601
[M::ha_hist_line]    68: * 41378
[M::ha_hist_line]    69: * 39541
[M::ha_hist_line]    70: * 37754
[M::ha_hist_line]    71: * 36332
[M::ha_hist_line]    72: * 34835
[M::ha_hist_line]    73: * 33603
[M::ha_hist_line]    74: * 32931
[M::ha_hist_line]    75: * 31752
[M::ha_hist_line]    76: * 30758
[M::ha_hist_line]    77: * 30296
[M::ha_hist_line]    78: * 29381
[M::ha_hist_line]    79: * 28312
[M::ha_hist_line]    80: * 27466
[M::ha_hist_line]    81: * 27016
[M::ha_hist_line]    82: * 26099
[M::ha_hist_line]    83: * 25807
[M::ha_hist_line]    84: * 24770
[M::ha_hist_line]    85: * 23988
[M::ha_hist_line]    86: * 23231
[M::ha_hist_line]    87: * 22690
[M::ha_hist_line]    88: * 22131
[M::ha_hist_line]    89: * 21306
[M::ha_hist_line]    90: * 20927
[M::ha_hist_line]    91: * 19982
[M::ha_hist_line]  rest: ******** 331025
[M::ha_analyze_count] left: none
[M::ha_analyze_count] right: none
[M::ha_pt_gen] peak_hom: 20; peak_het: -1
[M::ha_ct_shrink::6691.611*8.99] ==> counted 243577632 distinct minimizer k-mers
[M::ha_pt_gen::] counting in normal mode
[M::yak_count] collected 4376509712 minimizers
[M::yak_count] collected 0 minimizers
[M::yak_count] collected 0 minimizers
[M::ha_pt_gen::7161.522*10.50] ==> indexed 2483856192 positions, counted 243577632 distinct minimizer k-mers
[M::pec::7164.964] # bases: 159949158159; # corrected bases: 2465619629
[M::pec::24.176] # exact o: 4145388; # non-exact o: 104472073
[M::ha_assemble::14443.573*35.02@162.647GB] ==> corrected reads for round 1
[M::ha_assemble] # bases: 159949158159; # corrected bases: 2465619629
[M::yak_count] collected 4319039524 minimizers
[M::yak_count] collected 0 minimizers
[M::yak_count] collected 0 minimizers
[M::ha_pt_gen::14853.174*35.00] ==> counted 1304691117 distinct minimizer k-mers
[M::ha_pt_gen] count[4095] = 5 (for sanity check)
[M::ha_analyze_count] lowest: count[9] = 702112
[M::ha_analyze_count] highest: count[35] = 3122236
[M::ha_hist_line]     1: ****************************************************************************************************> 1156730216
[M::ha_hist_line]     2: ****************************************************************************************************> 39899837
[M::ha_hist_line]     3: ****************************************************************************************************> 10860255
[M::ha_hist_line]     4: ****************************************************************************************************> 4648556
[M::ha_hist_line]     5: ***************************************************************************** 2416884
[M::ha_hist_line]     6: ********************************************** 1432344
[M::ha_hist_line]     7: ******************************* 975265
[M::ha_hist_line]     8: ************************* 769321
[M::ha_hist_line]     9: ********************** 702112
[M::ha_hist_line]    10: *********************** 718251
[M::ha_hist_line]    11: ************************* 784957
[M::ha_hist_line]    12: **************************** 882676
[M::ha_hist_line]    13: ******************************** 997627
[M::ha_hist_line]    14: ************************************ 1117550
[M::ha_hist_line]    15: *************************************** 1229777
[M::ha_hist_line]    16: ****************************************** 1324519
[M::ha_hist_line]    17: ********************************************* 1401230
[M::ha_hist_line]    18: *********************************************** 1456345
[M::ha_hist_line]    19: ************************************************ 1495289
[M::ha_hist_line]    20: ************************************************* 1527919
[M::ha_hist_line]    21: ************************************************** 1561453
[M::ha_hist_line]    22: *************************************************** 1601860
[M::ha_hist_line]    23: ***************************************************** 1652968
[M::ha_hist_line]    24: ******************************************************* 1727230
[M::ha_hist_line]    25: *********************************************************** 1827557
[M::ha_hist_line]    26: *************************************************************** 1951813
[M::ha_hist_line]    27: ******************************************************************* 2095672
[M::ha_hist_line]    28: ************************************************************************ 2256823
[M::ha_hist_line]    29: ****************************************************************************** 2425514
[M::ha_hist_line]    30: *********************************************************************************** 2597063
[M::ha_hist_line]    31: **************************************************************************************** 2757809
[M::ha_hist_line]    32: ********************************************************************************************* 2896798
[M::ha_hist_line]    33: ************************************************************************************************ 3005194
[M::ha_hist_line]    34: *************************************************************************************************** 3084242
[M::ha_hist_line]    35: **************************************************************************************************** 3122236
[M::ha_hist_line]    36: **************************************************************************************************** 3117480
[M::ha_hist_line]    37: ************************************************************************************************** 3075195
[M::ha_hist_line]    38: ************************************************************************************************ 2988302
[M::ha_hist_line]    39: ******************************************************************************************** 2870424
[M::ha_hist_line]    40: *************************************************************************************** 2719858
[M::ha_hist_line]    41: ********************************************************************************** 2548620
[M::ha_hist_line]    42: **************************************************************************** 2362386
[M::ha_hist_line]    43: ********************************************************************* 2167414
[M::ha_hist_line]    44: *************************************************************** 1968190
[M::ha_hist_line]    45: ********************************************************* 1771459
[M::ha_hist_line]    46: *************************************************** 1584443
[M::ha_hist_line]    47: ********************************************* 1402628
[M::ha_hist_line]    48: **************************************** 1234281
[M::ha_hist_line]    49: *********************************** 1081304
[M::ha_hist_line]    50: ****************************** 939988
[M::ha_hist_line]    51: ************************** 814367
[M::ha_hist_line]    52: ********************** 701492
[M::ha_hist_line]    53: ******************* 601365
[M::ha_hist_line]    54: **************** 514499
[M::ha_hist_line]    55: ************** 438808
[M::ha_hist_line]    56: ************ 372699
[M::ha_hist_line]    57: ********** 316049
[M::ha_hist_line]    58: ********* 266964
[M::ha_hist_line]    59: ******* 227719
[M::ha_hist_line]    60: ****** 192913
[M::ha_hist_line]    61: ***** 163439
[M::ha_hist_line]    62: **** 138698
[M::ha_hist_line]    63: **** 118151
[M::ha_hist_line]    64: *** 102154
[M::ha_hist_line]    65: *** 88816
[M::ha_hist_line]    66: ** 78024
[M::ha_hist_line]    67: ** 68678
[M::ha_hist_line]    68: ** 61653
[M::ha_hist_line]    69: ** 55873
[M::ha_hist_line]    70: ** 51319
[M::ha_hist_line]    71: ** 47156
[M::ha_hist_line]    72: * 44635
[M::ha_hist_line]    73: * 41579
[M::ha_hist_line]    74: * 39301
[M::ha_hist_line]    75: * 37799
[M::ha_hist_line]    76: * 36572
[M::ha_hist_line]    77: * 34996
[M::ha_hist_line]    78: * 34662
[M::ha_hist_line]    79: * 33207
[M::ha_hist_line]    80: * 32763
[M::ha_hist_line]    81: * 31596
[M::ha_hist_line]    82: * 31182
[M::ha_hist_line]    83: * 30517
[M::ha_hist_line]    84: * 29189
[M::ha_hist_line]    85: * 29286
[M::ha_hist_line]    86: * 28053
[M::ha_hist_line]    87: * 27818
[M::ha_hist_line]    88: * 27137
[M::ha_hist_line]    89: * 26483
[M::ha_hist_line]    90: * 25993
[M::ha_hist_line]    91: * 25778
[M::ha_hist_line]    92: * 25372
[M::ha_hist_line]    93: * 25144
[M::ha_hist_line]    94: * 24583
[M::ha_hist_line]    95: * 24123
[M::ha_hist_line]    96: * 23971
[M::ha_hist_line]    97: * 23673
[M::ha_hist_line]    98: * 23254
[M::ha_hist_line]    99: * 22708
[M::ha_hist_line]   100: * 22705
[M::ha_hist_line]   101: * 21997
[M::ha_hist_line]   102: * 21390
[M::ha_hist_line]   103: * 20917
[M::ha_hist_line]   104: * 20173
[M::ha_hist_line]   105: * 19410
[M::ha_hist_line]   106: * 18974
[M::ha_hist_line]   107: * 18592
[M::ha_hist_line]   108: * 17883
[M::ha_hist_line]   109: * 17248
[M::ha_hist_line]   110: * 16883
[M::ha_hist_line]   111: * 15857
[M::ha_hist_line]  rest: ************** 429744
[M::ha_analyze_count] left: none
[M::ha_analyze_count] right: none
[M::ha_pt_gen] peak_hom: 35; peak_het: -1
[M::ha_ct_shrink::14856.027*35.00] ==> counted 147960896 distinct minimizer k-mers
[M::ha_pt_gen::] counting in normal mode
[M::yak_count] collected 4319039524 minimizers
[M::yak_count] collected 0 minimizers
[M::yak_count] collected 0 minimizers
[M::ha_pt_gen::15313.852*34.90] ==> indexed 3162288379 positions, counted 147960896 distinct minimizer k-mers
[M::pec::7950.915] # bases: 160256482223; # corrected bases: 1723698160
[M::pec::37.758] # exact o: 70344481; # non-exact o: 180548336
[M::ha_assemble::23369.709*43.38@193.337GB] ==> corrected reads for round 2
[M::ha_assemble] # bases: 160256482223; # corrected bases: 1723698160
[M::yak_count] collected 4310482204 minimizers
[M::yak_count] collected 0 minimizers
[M::yak_count] collected 0 minimizers
[M::ha_pt_gen::23771.166*43.23] ==> counted 735400368 distinct minimizer k-mers
[M::ha_pt_gen] count[4095] = 16 (for sanity check)
[M::ha_analyze_count] lowest: count[9] = 207031
[M::ha_analyze_count] highest: count[44] = 3295312
[M::ha_hist_line]     1: ****************************************************************************************************> 631726660
[M::ha_hist_line]     2: ****************************************************************************************************> 12056425
[M::ha_hist_line]     3: *********************************************************************************** 2744463
[M::ha_hist_line]     4: ******************************** 1054122
[M::ha_hist_line]     5: **************** 539019
[M::ha_hist_line]     6: ********** 342163
[M::ha_hist_line]     7: ******** 255235
[M::ha_hist_line]     8: ******* 217063
[M::ha_hist_line]     9: ****** 207031
[M::ha_hist_line]    10: ******* 217691
[M::ha_hist_line]    11: ******** 249470
[M::ha_hist_line]    12: ********* 301417
[M::ha_hist_line]    13: *********** 373760
[M::ha_hist_line]    14: ************** 466183
[M::ha_hist_line]    15: ***************** 576624
[M::ha_hist_line]    16: ********************* 696858
[M::ha_hist_line]    17: ************************* 823042
[M::ha_hist_line]    18: ***************************** 945243
[M::ha_hist_line]    19: ******************************** 1054953
[M::ha_hist_line]    20: *********************************** 1141574
[M::ha_hist_line]    21: ************************************ 1201364
[M::ha_hist_line]    22: ************************************* 1222003
[M::ha_hist_line]    23: ************************************* 1218415
[M::ha_hist_line]    24: ************************************ 1188062
[M::ha_hist_line]    25: *********************************** 1142851
[M::ha_hist_line]    26: ********************************* 1090843
[M::ha_hist_line]    27: ******************************** 1044253
[M::ha_hist_line]    28: ******************************* 1010329
[M::ha_hist_line]    29: ****************************** 993020
[M::ha_hist_line]    30: ******************************* 1013596
[M::ha_hist_line]    31: ******************************** 1067211
[M::ha_hist_line]    32: *********************************** 1162588
[M::ha_hist_line]    33: *************************************** 1291555
[M::ha_hist_line]    34: ******************************************** 1465844
[M::ha_hist_line]    35: *************************************************** 1665372
[M::ha_hist_line]    36: ********************************************************* 1891358
[M::ha_hist_line]    37: ***************************************************************** 2133752
[M::ha_hist_line]    38: ************************************************************************ 2382723
[M::ha_hist_line]    39: ******************************************************************************* 2616622
[M::ha_hist_line]    40: ************************************************************************************** 2824737
[M::ha_hist_line]    41: ******************************************************************************************* 3005007
[M::ha_hist_line]    42: *********************************************************************************************** 3144630
[M::ha_hist_line]    43: *************************************************************************************************** 3247199
[M::ha_hist_line]    44: **************************************************************************************************** 3295312
[M::ha_hist_line]    45: **************************************************************************************************** 3290707
[M::ha_hist_line]    46: ************************************************************************************************** 3230223
[M::ha_hist_line]    47: *********************************************************************************************** 3132108
[M::ha_hist_line]    48: ******************************************************************************************* 2994183
[M::ha_hist_line]    49: ************************************************************************************** 2823789
[M::ha_hist_line]    50: ******************************************************************************** 2626732
[M::ha_hist_line]    51: ************************************************************************* 2408715
[M::ha_hist_line]    52: ****************************************************************** 2180983
[M::ha_hist_line]    53: *********************************************************** 1953195
[M::ha_hist_line]    54: **************************************************** 1723612
[M::ha_hist_line]    55: ********************************************** 1503083
[M::ha_hist_line]    56: *************************************** 1298762
[M::ha_hist_line]    57: ********************************** 1106979
[M::ha_hist_line]    58: **************************** 933179
[M::ha_hist_line]    59: ************************ 778496
[M::ha_hist_line]    60: ******************** 645380
[M::ha_hist_line]    61: **************** 532074
[M::ha_hist_line]    62: ************* 435332
[M::ha_hist_line]    63: *********** 352627
[M::ha_hist_line]    64: ********* 287695
[M::ha_hist_line]    65: ******* 231710
[M::ha_hist_line]    66: ****** 188191
[M::ha_hist_line]    67: ***** 150344
[M::ha_hist_line]    68: **** 122636
[M::ha_hist_line]    69: *** 101610
[M::ha_hist_line]    70: *** 84927
[M::ha_hist_line]    71: ** 70403
[M::ha_hist_line]    72: ** 60910
[M::ha_hist_line]    73: ** 53228
[M::ha_hist_line]    74: * 47228
[M::ha_hist_line]    75: * 43136
[M::ha_hist_line]    76: * 40262
[M::ha_hist_line]    77: * 37759
[M::ha_hist_line]    78: * 37094
[M::ha_hist_line]    79: * 35226
[M::ha_hist_line]    80: * 34651
[M::ha_hist_line]    81: * 33944
[M::ha_hist_line]    82: * 33035
[M::ha_hist_line]    83: * 32478
[M::ha_hist_line]    84: * 32625
[M::ha_hist_line]    85: * 32024
[M::ha_hist_line]    86: * 31971
[M::ha_hist_line]    87: * 31902
[M::ha_hist_line]    88: * 31169
[M::ha_hist_line]    89: * 30735
[M::ha_hist_line]    90: * 30943
[M::ha_hist_line]    91: * 30740
[M::ha_hist_line]    92: * 30031
[M::ha_hist_line]    93: * 30208
[M::ha_hist_line]    94: * 29783
[M::ha_hist_line]    95: * 29327
[M::ha_hist_line]    96: * 29558
[M::ha_hist_line]    97: * 29017
[M::ha_hist_line]    98: * 28824
[M::ha_hist_line]    99: * 28051
[M::ha_hist_line]   100: * 27643
[M::ha_hist_line]   101: * 27269
[M::ha_hist_line]   102: * 26534
[M::ha_hist_line]   103: * 25784
[M::ha_hist_line]   104: * 25400
[M::ha_hist_line]   105: * 24277
[M::ha_hist_line]   106: * 23581
[M::ha_hist_line]   107: * 22666
[M::ha_hist_line]   108: * 21906
[M::ha_hist_line]   109: * 21383
[M::ha_hist_line]   110: * 20330
[M::ha_hist_line]   111: * 19649
[M::ha_hist_line]   112: * 18541
[M::ha_hist_line]   113: * 17840
[M::ha_hist_line]   114: * 17190
[M::ha_hist_line]   115: * 16619
[M::ha_hist_line]  rest: ***************** 572580
[M::ha_analyze_count] left: count[22] = 1222003
[M::ha_analyze_count] right: none
[M::ha_pt_gen] peak_hom: 44; peak_het: 22
[M::ha_ct_shrink::23773.203*43.22] ==> counted 103673692 distinct minimizer k-mers
[M::ha_pt_gen::] counting in normal mode
[M::yak_count] collected 4310482204 minimizers
[M::yak_count] collected 0 minimizers
[M::yak_count] collected 0 minimizers
[M::ha_pt_gen::24226.130*43.02] ==> indexed 3678677911 positions, counted 103673692 distinct minimizer k-mers
[M::pec::7101.186] # bases: 160504131383; # corrected bases: 423927712
[M::pec::34.819] # exact o: 176385239; # non-exact o: 145554219
[M::ha_assemble::31386.363*46.81@211.639GB] ==> corrected reads for round 3
[M::ha_assemble] # bases: 160504131383; # corrected bases: 423927712
[M::yak_count] collected 4306461293 minimizers
[M::yak_count] collected 0 minimizers
[M::yak_count] collected 0 minimizers
[M::ha_pt_gen::31786.789*46.65] ==> counted 611618331 distinct minimizer k-mers
[M::ha_pt_gen] count[4095] = 13 (for sanity check)
[M::ha_analyze_count] lowest: count[9] = 141329
[M::ha_analyze_count] highest: count[46] = 3352008
[M::ha_hist_line]     1: ****************************************************************************************************> 514409714
[M::ha_hist_line]     2: ****************************************************************************************************> 7809310
[M::ha_hist_line]     3: ************************************************* 1647914
[M::ha_hist_line]     4: ******************* 621687
[M::ha_hist_line]     5: ********** 324846
[M::ha_hist_line]     6: ****** 213405
[M::ha_hist_line]     7: ***** 165415
[M::ha_hist_line]     8: **** 143936
[M::ha_hist_line]     9: **** 141329
[M::ha_hist_line]    10: ***** 153832
[M::ha_hist_line]    11: ***** 180412
[M::ha_hist_line]    12: ******* 225187
[M::ha_hist_line]    13: ********* 288743
[M::ha_hist_line]    14: *********** 368959
[M::ha_hist_line]    15: ************** 470795
[M::ha_hist_line]    16: ****************** 587928
[M::ha_hist_line]    17: ********************* 711697
[M::ha_hist_line]    18: ************************* 834442
[M::ha_hist_line]    19: **************************** 952218
[M::ha_hist_line]    20: ******************************** 1056907
[M::ha_hist_line]    21: ********************************** 1134385
[M::ha_hist_line]    22: *********************************** 1178051
[M::ha_hist_line]    23: *********************************** 1189803
[M::ha_hist_line]    24: *********************************** 1176810
[M::ha_hist_line]    25: ********************************** 1137381
[M::ha_hist_line]    26: ******************************** 1077889
[M::ha_hist_line]    27: ****************************** 1012615
[M::ha_hist_line]    28: **************************** 949290
[M::ha_hist_line]    29: *************************** 901449
[M::ha_hist_line]    30: ************************** 872999
[M::ha_hist_line]    31: ************************** 878197
[M::ha_hist_line]    32: **************************** 923356
[M::ha_hist_line]    33: ****************************** 1003980
[M::ha_hist_line]    34: ********************************** 1124734
[M::ha_hist_line]    35: ************************************** 1289147
[M::ha_hist_line]    36: ******************************************** 1484874
[M::ha_hist_line]    37: *************************************************** 1711164
[M::ha_hist_line]    38: ********************************************************** 1959102
[M::ha_hist_line]    39: ****************************************************************** 2216679
[M::ha_hist_line]    40: ************************************************************************** 2469785
[M::ha_hist_line]    41: ********************************************************************************* 2710711
[M::ha_hist_line]    42: *************************************************************************************** 2916398
[M::ha_hist_line]    43: ******************************************************************************************** 3096392
[M::ha_hist_line]    44: ************************************************************************************************* 3235890
[M::ha_hist_line]    45: *************************************************************************************************** 3323147
[M::ha_hist_line]    46: **************************************************************************************************** 3352008
[M::ha_hist_line]    47: *************************************************************************************************** 3318802
[M::ha_hist_line]    48: ************************************************************************************************* 3240881
[M::ha_hist_line]    49: ********************************************************************************************* 3128706
[M::ha_hist_line]    50: ***************************************************************************************** 2978687
[M::ha_hist_line]    51: *********************************************************************************** 2794922
[M::ha_hist_line]    52: ***************************************************************************** 2582063
[M::ha_hist_line]    53: ********************************************************************** 2351436
[M::ha_hist_line]    54: *************************************************************** 2113641
[M::ha_hist_line]    55: ******************************************************** 1875295
[M::ha_hist_line]    56: ************************************************* 1647092
[M::ha_hist_line]    57: ******************************************* 1425486
[M::ha_hist_line]    58: ************************************ 1218765
[M::ha_hist_line]    59: ******************************* 1027103
[M::ha_hist_line]    60: ************************** 856896
[M::ha_hist_line]    61: ********************* 709005
[M::ha_hist_line]    62: ***************** 585409
[M::ha_hist_line]    63: ************** 476993
[M::ha_hist_line]    64: ************ 389066
[M::ha_hist_line]    65: ********* 314486
[M::ha_hist_line]    66: ******** 252789
[M::ha_hist_line]    67: ****** 202941
[M::ha_hist_line]    68: ***** 161902
[M::ha_hist_line]    69: **** 130793
[M::ha_hist_line]    70: *** 107015
[M::ha_hist_line]    71: *** 87333
[M::ha_hist_line]    72: ** 72226
[M::ha_hist_line]    73: ** 61640
[M::ha_hist_line]    74: ** 53259
[M::ha_hist_line]    75: * 46290
[M::ha_hist_line]    76: * 41909
[M::ha_hist_line]    77: * 38751
[M::ha_hist_line]    78: * 36955
[M::ha_hist_line]    79: * 35221
[M::ha_hist_line]    80: * 34391
[M::ha_hist_line]    81: * 33408
[M::ha_hist_line]    82: * 32662
[M::ha_hist_line]    83: * 31761
[M::ha_hist_line]    84: * 31549
[M::ha_hist_line]    85: * 31240
[M::ha_hist_line]    86: * 31370
[M::ha_hist_line]    87: * 31185
[M::ha_hist_line]    88: * 31220
[M::ha_hist_line]    89: * 31160
[M::ha_hist_line]    90: * 30711
[M::ha_hist_line]    91: * 30741
[M::ha_hist_line]    92: * 30554
[M::ha_hist_line]    93: * 30317
[M::ha_hist_line]    94: * 30069
[M::ha_hist_line]    95: * 29780
[M::ha_hist_line]    96: * 29698
[M::ha_hist_line]    97: * 29715
[M::ha_hist_line]    98: * 30036
[M::ha_hist_line]    99: * 29844
[M::ha_hist_line]   100: * 29537
[M::ha_hist_line]   101: * 28705
[M::ha_hist_line]   102: * 28161
[M::ha_hist_line]   103: * 27537
[M::ha_hist_line]   104: * 26906
[M::ha_hist_line]   105: * 26429
[M::ha_hist_line]   106: * 24902
[M::ha_hist_line]   107: * 24636
[M::ha_hist_line]   108: * 23484
[M::ha_hist_line]   109: * 23052
[M::ha_hist_line]   110: * 22166
[M::ha_hist_line]   111: * 20939
[M::ha_hist_line]   112: * 19909
[M::ha_hist_line]   113: * 19026
[M::ha_hist_line]   114: * 18311
[M::ha_hist_line]   115: * 17437
[M::ha_hist_line]  rest: ****************** 617113
[M::ha_analyze_count] left: count[23] = 1189803
[M::ha_analyze_count] right: none
[M::ha_pt_gen] peak_hom: 46; peak_het: 23
[M::ha_ct_shrink::31789.063*46.65] ==> counted 97208604 distinct minimizer k-mers
[M::ha_pt_gen::] counting in normal mode
[M::yak_count] collected 4306461293 minimizers
[M::yak_count] collected 0 minimizers
[M::yak_count] collected 0 minimizers
[M::ha_pt_gen::32240.886*46.45] ==> indexed 3791982000 positions, counted 97208604 distinct minimizer k-mers
[M::ha_print_ovlp_stat_0] # overlaps: 306539253
[M::ha_print_ovlp_stat_0] # strong overlaps: 151711105
[M::ha_print_ovlp_stat_0] # weak overlaps: 154828148
[M::ha_print_ovlp_stat_0] # exact overlaps: 177820928
[M::ha_print_ovlp_stat_0] # inexact overlaps: 128718325
[M::ha_print_ovlp_stat_0] # overlaps without large indels: 289277171
[M::ha_print_ovlp_stat_0] # reverse overlaps: 159166932
[M::ha_print_ovlp_stat_0] # running time: 2337.741
[M::ha_assemble::34606.263*47.30@225.893GB] ==> found overlaps for the final round
[M::ha_triobin_yak::35513.919*47.23] ==> partitioned reads using yak dumps
[M::ha_opt_update_cov_min] updated max_n_chain to 230
Writing reads to disk... 
Reads has been written.
Writing binning to disk ...... 
Binning has been written.
Writing ma_hit_ts to disk... 
ma_hit_ts has been written.
Writing ma_hit_ts to disk... 
ma_hit_ts has been written.
bin files have been written.
[M::gen_chemical_arc_rf] # chimeric reads: 1975285
[M::purge_dups] homozygous read coverage threshold: 45
[M::purge_dups] purge duplication coverage threshold: 57
[M::ug_ext_gfa::] # tips::163
Writing raw unitig GFA to disk... 
Writing processed unitig GFA to disk... 
[M::reduce_hamming_error_adv::1.867] # inserted edges: 22820, # fixed bubbles: 297
[M::adjust_utg_by_trio] primary contig coverage range: [38, infinity]
[M::recall_arcs] # transitive arcs::2128
[M::recall_arcs] # new arcs::152166, # old arcs::96042
[M::clean_trio_untig_graph] # adjusted arcs::0
[M::purge_dups] homozygous read coverage threshold: 45
[M::purge_dups] purge duplication coverage threshold: 57
[M::mc_solve:: # edges: 660]
[M::mc_solve_core_adv::0.075] ==> Partition
[M::adjust_utg_by_trio] primary contig coverage range: [38, infinity]
ERROR6
[M::recall_arcs] # transitive arcs::2386
[M::recall_arcs] # new arcs::154116, # old arcs::97136
[M::clean_trio_untig_graph] # adjusted arcs::0
[M::purge_dups] homozygous read coverage threshold: 45
[M::purge_dups] purge duplication coverage threshold: 57
[M::mc_solve:: # edges: 458]
[M::mc_solve_core_adv::0.052] ==> Partition
[M::output_trio_graph_joint] dedup_base::8370403, miss_base::0
Writing hg01243.ont.dip.hap1.p_ctg.gfa to disk... 
Writing hg01243.ont.dip.hap2.p_ctg.gfa to disk... 
Inconsistency threshold for low-quality regions in BED files: 70%
[M::main] Version: 0.25.0-r726
[M::main] CMD: hifiasm -o hg01243.ont -l1 -t 60 -1 yak/pat.yak -2 yak/mat.yak --ont HG01243_1.fq.gz HG01243_2.fq.gz HG01243_3.fq.gz
[M::main] Real time: 37071.737 sec; CPU: 1679895.664 sec; Peak RSS: 240.689 GB
