[M::ha_analyze_count] lowest: count[17] = 2300898
[M::ha_analyze_count] highest: count[43] = 63752951
[M::ha_hist_line]     2: ****************************************************************************************************> 490466235
[M::ha_hist_line]     3: ****************************************************************************************************> 70982247
[M::ha_hist_line]     4: ****************************************** 26765251
[M::ha_hist_line]     5: *********************** 14623386
[M::ha_hist_line]     6: *************** 9586722
[M::ha_hist_line]     7: *********** 7003514
[M::ha_hist_line]     8: ********* 5514143
[M::ha_hist_line]     9: ******* 4519086
[M::ha_hist_line]    10: ****** 3827983
[M::ha_hist_line]    11: ***** 3330427
[M::ha_hist_line]    12: ***** 2970403
[M::ha_hist_line]    13: **** 2690343
[M::ha_hist_line]    14: **** 2512080
[M::ha_hist_line]    15: **** 2390160
[M::ha_hist_line]    16: **** 2312601
[M::ha_hist_line]    17: **** 2300898
[M::ha_hist_line]    18: **** 2391767
[M::ha_hist_line]    19: **** 2546492
[M::ha_hist_line]    20: **** 2808643
[M::ha_hist_line]    21: ***** 3172361
[M::ha_hist_line]    22: ****** 3741852
[M::ha_hist_line]    23: ******* 4510784
[M::ha_hist_line]    24: ********* 5544724
[M::ha_hist_line]    25: *********** 6891620
[M::ha_hist_line]    26: ************** 8621986
[M::ha_hist_line]    27: ***************** 10782849
[M::ha_hist_line]    28: ********************* 13328411
[M::ha_hist_line]    29: ************************** 16320579
[M::ha_hist_line]    30: ******************************* 19823594
[M::ha_hist_line]    31: ************************************* 23720964
[M::ha_hist_line]    32: ******************************************** 28033197
[M::ha_hist_line]    33: *************************************************** 32535942
[M::ha_hist_line]    34: ********************************************************** 37204505
[M::ha_hist_line]    35: ****************************************************************** 41873566
[M::ha_hist_line]    36: ************************************************************************* 46390615
[M::ha_hist_line]    37: ******************************************************************************** 50724988
[M::ha_hist_line]    38: ************************************************************************************** 54532314
[M::ha_hist_line]    39: ******************************************************************************************* 57868482
[M::ha_hist_line]    40: *********************************************************************************************** 60470643
[M::ha_hist_line]    41: ************************************************************************************************** 62363436
[M::ha_hist_line]    42: **************************************************************************************************** 63443668
[M::ha_hist_line]    43: **************************************************************************************************** 63752951
[M::ha_hist_line]    44: *************************************************************************************************** 63226597
[M::ha_hist_line]    45: ************************************************************************************************* 62107070
[M::ha_hist_line]    46: *********************************************************************************************** 60362065
[M::ha_hist_line]    47: ******************************************************************************************* 58105657
[M::ha_hist_line]    48: *************************************************************************************** 55407151
[M::ha_hist_line]    49: ********************************************************************************** 52487117
[M::ha_hist_line]    50: ***************************************************************************** 49324031
[M::ha_hist_line]    51: ************************************************************************ 46167350
[M::ha_hist_line]    52: ******************************************************************* 42984663
[M::ha_hist_line]    53: *************************************************************** 39912321
[M::ha_hist_line]    54: ********************************************************** 36964753
[M::ha_hist_line]    55: ****************************************************** 34237741
[M::ha_hist_line]    56: ************************************************** 31727045
[M::ha_hist_line]    57: ********************************************** 29402415
[M::ha_hist_line]    58: ******************************************* 27355759
[M::ha_hist_line]    59: **************************************** 25483587
[M::ha_hist_line]    60: ************************************* 23859254
[M::ha_hist_line]    61: *********************************** 22373850
[M::ha_hist_line]    62: ********************************* 21028626
[M::ha_hist_line]    63: ******************************* 19832839
[M::ha_hist_line]    64: ***************************** 18762921
[M::ha_hist_line]    65: **************************** 17801962
[M::ha_hist_line]    66: *************************** 16938024
[M::ha_hist_line]    67: ************************* 16122955
[M::ha_hist_line]    68: ************************ 15358385
[M::ha_hist_line]    69: *********************** 14661315
[M::ha_hist_line]    70: ********************** 14035111
[M::ha_hist_line]    71: ********************* 13358824
[M::ha_hist_line]    72: ******************** 12765099
[M::ha_hist_line]    73: ******************* 12180840
[M::ha_hist_line]    74: ****************** 11637255
[M::ha_hist_line]    75: ***************** 11079026
[M::ha_hist_line]    76: **************** 10499688
[M::ha_hist_line]    77: **************** 9931121
[M::ha_hist_line]    78: *************** 9385051
[M::ha_hist_line]    79: ************** 8835778
[M::ha_hist_line]    80: ************* 8288579
[M::ha_hist_line]    81: ************ 7742888
[M::ha_hist_line]    82: *********** 7215792
[M::ha_hist_line]    83: ********** 6690402
[M::ha_hist_line]    84: ********** 6204479
[M::ha_hist_line]    85: ********* 5728767
[M::ha_hist_line]    86: ******** 5263425
[M::ha_hist_line]    87: ******** 4817044
[M::ha_hist_line]    88: ******* 4406824
[M::ha_hist_line]    89: ****** 4010245
[M::ha_hist_line]    90: ****** 3635006
[M::ha_hist_line]    91: ***** 3291957
[M::ha_hist_line]    92: ***** 2979520
[M::ha_hist_line]    93: **** 2680322
[M::ha_hist_line]    94: **** 2401960
[M::ha_hist_line]    95: *** 2158444
[M::ha_hist_line]    96: *** 1924171
[M::ha_hist_line]    97: *** 1715361
[M::ha_hist_line]    98: ** 1528514
[M::ha_hist_line]    99: ** 1360628
[M::ha_hist_line]   100: ** 1208881
[M::ha_hist_line]   101: ** 1076538
[M::ha_hist_line]   102: ** 958778
[M::ha_hist_line]   103: * 859000
[M::ha_hist_line]   104: * 775219
[M::ha_hist_line]   105: * 702148
[M::ha_hist_line]   106: * 634546
[M::ha_hist_line]   107: * 578032
[M::ha_hist_line]   108: * 533543
[M::ha_hist_line]   109: * 489826
[M::ha_hist_line]   110: * 457445
[M::ha_hist_line]   111: * 424132
[M::ha_hist_line]   112: * 399777
[M::ha_hist_line]   113: * 378611
[M::ha_hist_line]   114: * 359833
[M::ha_hist_line]   115: * 344399
[M::ha_hist_line]   116: * 331810
[M::ha_hist_line]  rest: ************************************ 23012260
[M::ha_analyze_count] left: none
[M::ha_analyze_count] right: none
[M::ha_ft_gen] peak_hom: 43; peak_het: -1
[M::ha_ct_shrink::4242.936*5.12] ==> counted 8588262 distinct minimizer k-mers
[M::ha_ft_gen::4252.404*5.11@49.781GB] ==> filtered out 8588262 k-mers occurring 215 or more times
[M::ha_opt_update_cov] updated max_n_chain to 215
[M::yak_count] collected 1571206547 minimizers
[M::yak_count] collected 1436302497 minimizers
[M::yak_count] collected 848742319 minimizers
[M::yak_count] collected 781694712 minimizers
[M::ha_pt_gen::8181.192*4.70] ==> counted 760789287 distinct minimizer k-mers
[M::ha_pt_gen] count[4095] = 0 (for sanity check)
[M::ha_analyze_count] lowest: count[17] = 137441
[M::ha_analyze_count] highest: count[42] = 2586044
[M::ha_hist_line]     1: ****************************************************************************************************> 646308954
[M::ha_hist_line]     2: ****************************************************************************************************> 22962970
[M::ha_hist_line]     3: ****************************************************************************************************> 6758638
[M::ha_hist_line]     4: ****************************************************************************************************> 3018305
[M::ha_hist_line]     5: ************************************************************** 1603022
[M::ha_hist_line]     6: ************************************* 951011
[M::ha_hist_line]     7: ************************ 622077
[M::ha_hist_line]     8: ***************** 444443
[M::ha_hist_line]     9: ************* 337656
[M::ha_hist_line]    10: ********** 270408
[M::ha_hist_line]    11: ********* 226209
[M::ha_hist_line]    12: ******** 194687
[M::ha_hist_line]    13: ******* 172980
[M::ha_hist_line]    14: ****** 157910
[M::ha_hist_line]    15: ****** 147871
[M::ha_hist_line]    16: ***** 140460
[M::ha_hist_line]    17: ***** 137441
[M::ha_hist_line]    18: ***** 139422
[M::ha_hist_line]    19: ****** 145524
[M::ha_hist_line]    20: ****** 156431
[M::ha_hist_line]    21: ******* 173457
[M::ha_hist_line]    22: ******** 200361
[M::ha_hist_line]    23: ********* 236221
[M::ha_hist_line]    24: *********** 286176
[M::ha_hist_line]    25: ************* 348087
[M::ha_hist_line]    26: ***************** 428450
[M::ha_hist_line]    27: ******************** 527420
[M::ha_hist_line]    28: ************************* 642001
[M::ha_hist_line]    29: ****************************** 775940
[M::ha_hist_line]    30: ************************************ 928523
[M::ha_hist_line]    31: ****************************************** 1094808
[M::ha_hist_line]    32: ************************************************* 1277897
[M::ha_hist_line]    33: ********************************************************* 1463532
[M::ha_hist_line]    34: **************************************************************** 1650258
[M::ha_hist_line]    35: *********************************************************************** 1836089
[M::ha_hist_line]    36: ****************************************************************************** 2012496
[M::ha_hist_line]    37: ************************************************************************************ 2172646
[M::ha_hist_line]    38: ***************************************************************************************** 2310103
[M::ha_hist_line]    39: ********************************************************************************************** 2428235
[M::ha_hist_line]    40: ************************************************************************************************* 2511953
[M::ha_hist_line]    41: *************************************************************************************************** 2562266
[M::ha_hist_line]    42: **************************************************************************************************** 2586044
[M::ha_hist_line]    43: **************************************************************************************************** 2574886
[M::ha_hist_line]    44: ************************************************************************************************** 2535855
[M::ha_hist_line]    45: ************************************************************************************************ 2474319
[M::ha_hist_line]    46: ******************************************************************************************** 2391032
[M::ha_hist_line]    47: **************************************************************************************** 2287701
[M::ha_hist_line]    48: ************************************************************************************ 2169285
[M::ha_hist_line]    49: ******************************************************************************* 2045967
[M::ha_hist_line]    50: ************************************************************************** 1920249
[M::ha_hist_line]    51: ********************************************************************* 1788074
[M::ha_hist_line]    52: **************************************************************** 1666571
[M::ha_hist_line]    53: ************************************************************ 1544951
[M::ha_hist_line]    54: ******************************************************* 1430438
[M::ha_hist_line]    55: *************************************************** 1327098
[M::ha_hist_line]    56: ************************************************ 1229395
[M::ha_hist_line]    57: ******************************************** 1143725
[M::ha_hist_line]    58: ***************************************** 1066620
[M::ha_hist_line]    59: ************************************** 993729
[M::ha_hist_line]    60: ************************************ 932112
[M::ha_hist_line]    61: ********************************** 873716
[M::ha_hist_line]    62: ******************************** 823807
[M::ha_hist_line]    63: ****************************** 778617
[M::ha_hist_line]    64: ***************************** 738091
[M::ha_hist_line]    65: *************************** 700777
[M::ha_hist_line]    66: ************************** 666453
[M::ha_hist_line]    67: ************************ 633534
[M::ha_hist_line]    68: *********************** 605040
[M::ha_hist_line]    69: ********************** 577619
[M::ha_hist_line]    70: ********************* 552315
[M::ha_hist_line]    71: ******************** 525754
[M::ha_hist_line]    72: ******************* 502950
[M::ha_hist_line]    73: ******************* 478822
[M::ha_hist_line]    74: ****************** 457750
[M::ha_hist_line]    75: ***************** 433643
[M::ha_hist_line]    76: **************** 410415
[M::ha_hist_line]    77: *************** 387912
[M::ha_hist_line]    78: ************** 365222
[M::ha_hist_line]    79: ************* 344345
[M::ha_hist_line]    80: ************ 323008
[M::ha_hist_line]    81: ************ 301898
[M::ha_hist_line]    82: *********** 280560
[M::ha_hist_line]    83: ********** 261210
[M::ha_hist_line]    84: ********* 242604
[M::ha_hist_line]    85: ********* 224254
[M::ha_hist_line]    86: ******** 207126
[M::ha_hist_line]    87: ******* 191577
[M::ha_hist_line]    88: ******* 175686
[M::ha_hist_line]    89: ****** 160582
[M::ha_hist_line]    90: ****** 145975
[M::ha_hist_line]    91: ***** 135293
[M::ha_hist_line]    92: ***** 122535
[M::ha_hist_line]    93: **** 111292
[M::ha_hist_line]    94: **** 101077
[M::ha_hist_line]    95: **** 92059
[M::ha_hist_line]    96: *** 83842
[M::ha_hist_line]    97: *** 75955
[M::ha_hist_line]    98: *** 69325
[M::ha_hist_line]    99: ** 63177
[M::ha_hist_line]   100: ** 57605
[M::ha_hist_line]   101: ** 52565
[M::ha_hist_line]   102: ** 48079
[M::ha_hist_line]   103: ** 44350
[M::ha_hist_line]   104: ** 41221
[M::ha_hist_line]   105: * 38245
[M::ha_hist_line]   106: * 35521
[M::ha_hist_line]   107: * 33613
[M::ha_hist_line]   108: * 31627
[M::ha_hist_line]   109: * 30129
[M::ha_hist_line]   110: * 28500
[M::ha_hist_line]   111: * 27048
[M::ha_hist_line]   112: * 26210
[M::ha_hist_line]   113: * 25131
[M::ha_hist_line]   114: * 24263
[M::ha_hist_line]   115: * 23211
[M::ha_hist_line]   116: * 22946
[M::ha_hist_line]   117: * 22408
[M::ha_hist_line]   118: * 21733
[M::ha_hist_line]   119: * 21161
[M::ha_hist_line]   120: * 21345
[M::ha_hist_line]   121: * 20900
[M::ha_hist_line]   122: * 20490
[M::ha_hist_line]   123: * 20247
[M::ha_hist_line]   124: * 20091
[M::ha_hist_line]   125: * 19711
[M::ha_hist_line]   126: * 18994
[M::ha_hist_line]   127: * 19182
[M::ha_hist_line]   128: * 18579
[M::ha_hist_line]   129: * 18162
[M::ha_hist_line]   130: * 17980
[M::ha_hist_line]   131: * 17573
[M::ha_hist_line]   132: * 17170
[M::ha_hist_line]   133: * 16970
[M::ha_hist_line]   134: * 16965
[M::ha_hist_line]   135: * 16514
[M::ha_hist_line]   136: * 16176
[M::ha_hist_line]   137: * 16172
[M::ha_hist_line]   138: * 15717
[M::ha_hist_line]   139: * 15302
[M::ha_hist_line]   140: * 15089
[M::ha_hist_line]   141: * 14809
[M::ha_hist_line]   142: * 14399
[M::ha_hist_line]   143: * 13977
[M::ha_hist_line]   144: * 14074
[M::ha_hist_line]   145: * 13762
[M::ha_hist_line]   146: * 13571
[M::ha_hist_line]  rest: ********************** 572594
[M::ha_analyze_count] left: none
[M::ha_analyze_count] right: none
[M::ha_pt_gen] peak_hom: 42; peak_het: -1
[M::ha_ct_shrink::8183.490*4.71] ==> counted 114480333 distinct minimizer k-mers
[M::ha_pt_gen::] counting in normal mode
[M::yak_count] collected 4637946075 minimizers
[M::yak_count] collected 0 minimizers
[M::yak_count] collected 0 minimizers
[M::yak_count] collected 0 minimizers
[M::ha_pt_gen::8764.967*5.72] ==> indexed 3991637121 positions, counted 114480333 distinct minimizer k-mers
[M::pec::16358.503] # bases: 174102746190; # corrected bases: 999430469
[M::pec::59.139] # exact o: 450419208; # non-exact o: 251535538
[M::ha_assemble::25260.658*40.80@202.646GB] ==> corrected reads for round 1
[M::ha_assemble] # bases: 174102746190; # corrected bases: 999430469
[M::yak_count] collected 4606454862 minimizers
[M::yak_count] collected 0 minimizers
[M::yak_count] collected 0 minimizers
[M::yak_count] collected 0 minimizers
[M::ha_pt_gen::25688.057*40.53] ==> counted 379746542 distinct minimizer k-mers
[M::ha_pt_gen] count[4095] = 0 (for sanity check)
[M::ha_analyze_count] lowest: count[18] = 94158
[M::ha_analyze_count] highest: count[47] = 2474919
[M::ha_hist_line]     1: ****************************************************************************************************> 296687204
[M::ha_hist_line]     2: ****************************************************************************************************> 3181064
[M::ha_hist_line]     3: *************************************** 969213
[M::ha_hist_line]     4: ********************** 539264
[M::ha_hist_line]     5: *************** 381204
[M::ha_hist_line]     6: ************ 290984
[M::ha_hist_line]     7: ********* 234688
[M::ha_hist_line]     8: ******** 199926
[M::ha_hist_line]     9: ******* 173596
[M::ha_hist_line]    10: ****** 149978
[M::ha_hist_line]    11: ***** 136055
[M::ha_hist_line]    12: ***** 122678
[M::ha_hist_line]    13: ***** 113199
[M::ha_hist_line]    14: **** 107743
[M::ha_hist_line]    15: **** 101568
[M::ha_hist_line]    16: **** 97777
[M::ha_hist_line]    17: **** 95605
[M::ha_hist_line]    18: **** 94158
[M::ha_hist_line]    19: **** 94788
[M::ha_hist_line]    20: **** 95595
[M::ha_hist_line]    21: **** 98099
[M::ha_hist_line]    22: **** 106374
[M::ha_hist_line]    23: ***** 115015
[M::ha_hist_line]    24: ***** 127469
[M::ha_hist_line]    25: ****** 145178
[M::ha_hist_line]    26: ******* 172207
[M::ha_hist_line]    27: ******** 205092
[M::ha_hist_line]    28: ********** 249817
[M::ha_hist_line]    29: ************ 306216
[M::ha_hist_line]    30: *************** 374300
[M::ha_hist_line]    31: ******************* 458864
[M::ha_hist_line]    32: *********************** 562075
[M::ha_hist_line]    33: *************************** 677579
[M::ha_hist_line]    34: ********************************* 810986
[M::ha_hist_line]    35: *************************************** 961138
[M::ha_hist_line]    36: ********************************************* 1119226
[M::ha_hist_line]    37: **************************************************** 1291332
[M::ha_hist_line]    38: *********************************************************** 1462946
[M::ha_hist_line]    39: ****************************************************************** 1643979
[M::ha_hist_line]    40: ************************************************************************* 1816996
[M::ha_hist_line]    41: ******************************************************************************** 1977625
[M::ha_hist_line]    42: ************************************************************************************** 2130117
[M::ha_hist_line]    43: ******************************************************************************************* 2248197
[M::ha_hist_line]    44: *********************************************************************************************** 2346178
[M::ha_hist_line]    45: ************************************************************************************************** 2423327
[M::ha_hist_line]    46: **************************************************************************************************** 2462906
[M::ha_hist_line]    47: **************************************************************************************************** 2474919
[M::ha_hist_line]    48: **************************************************************************************************** 2463675
[M::ha_hist_line]    49: ************************************************************************************************** 2422686
[M::ha_hist_line]    50: *********************************************************************************************** 2356669
[M::ha_hist_line]    51: ******************************************************************************************** 2282515
[M::ha_hist_line]    52: **************************************************************************************** 2186030
[M::ha_hist_line]    53: ************************************************************************************ 2069213
[M::ha_hist_line]    54: ******************************************************************************* 1952700
[M::ha_hist_line]    55: ************************************************************************** 1832883
[M::ha_hist_line]    56: ********************************************************************* 1705005
[M::ha_hist_line]    57: **************************************************************** 1589546
[M::ha_hist_line]    58: ************************************************************ 1473712
[M::ha_hist_line]    59: ******************************************************* 1365834
[M::ha_hist_line]    60: *************************************************** 1264352
[M::ha_hist_line]    61: *********************************************** 1174013
[M::ha_hist_line]    62: ******************************************** 1099405
[M::ha_hist_line]    63: ***************************************** 1026816
[M::ha_hist_line]    64: *************************************** 964430
[M::ha_hist_line]    65: ************************************ 899651
[M::ha_hist_line]    66: ********************************** 846663
[M::ha_hist_line]    67: ******************************** 796984
[M::ha_hist_line]    68: ******************************* 755138
[M::ha_hist_line]    69: ***************************** 720103
[M::ha_hist_line]    70: **************************** 687308
[M::ha_hist_line]    71: *************************** 657311
[M::ha_hist_line]    72: ************************** 632958
[M::ha_hist_line]    73: ************************ 603432
[M::ha_hist_line]    74: *********************** 578950
[M::ha_hist_line]    75: *********************** 558589
[M::ha_hist_line]    76: ********************** 539856
[M::ha_hist_line]    77: ********************* 521435
[M::ha_hist_line]    78: ******************** 501091
[M::ha_hist_line]    79: ******************* 482237
[M::ha_hist_line]    80: ******************* 465893
[M::ha_hist_line]    81: ****************** 445171
[M::ha_hist_line]    82: ***************** 425569
[M::ha_hist_line]    83: **************** 407645
[M::ha_hist_line]    84: **************** 388042
[M::ha_hist_line]    85: *************** 368271
[M::ha_hist_line]    86: ************** 350481
[M::ha_hist_line]    87: ************* 331267
[M::ha_hist_line]    88: ************* 311910
[M::ha_hist_line]    89: ************ 290862
[M::ha_hist_line]    90: *********** 271326
[M::ha_hist_line]    91: ********** 255859
[M::ha_hist_line]    92: ********** 239245
[M::ha_hist_line]    93: ********* 221375
[M::ha_hist_line]    94: ******** 205557
[M::ha_hist_line]    95: ******** 189153
[M::ha_hist_line]    96: ******* 173313
[M::ha_hist_line]    97: ****** 159073
[M::ha_hist_line]    98: ****** 144945
[M::ha_hist_line]    99: ***** 132260
[M::ha_hist_line]   100: ***** 121460
[M::ha_hist_line]   101: **** 110392
[M::ha_hist_line]   102: **** 100271
[M::ha_hist_line]   103: **** 90277
[M::ha_hist_line]   104: *** 83334
[M::ha_hist_line]   105: *** 74997
[M::ha_hist_line]   106: *** 67285
[M::ha_hist_line]   107: ** 60365
[M::ha_hist_line]   108: ** 54568
[M::ha_hist_line]   109: ** 49242
[M::ha_hist_line]   110: ** 44777
[M::ha_hist_line]   111: ** 40332
[M::ha_hist_line]   112: * 36965
[M::ha_hist_line]   113: * 34398
[M::ha_hist_line]   114: * 32008
[M::ha_hist_line]   115: * 30067
[M::ha_hist_line]   116: * 28169
[M::ha_hist_line]   117: * 26184
[M::ha_hist_line]   118: * 24961
[M::ha_hist_line]   119: * 24117
[M::ha_hist_line]   120: * 23027
[M::ha_hist_line]   121: * 21810
[M::ha_hist_line]   122: * 22255
[M::ha_hist_line]   123: * 21078
[M::ha_hist_line]   124: * 20215
[M::ha_hist_line]   125: * 19683
[M::ha_hist_line]   126: * 19349
[M::ha_hist_line]   127: * 18881
[M::ha_hist_line]   128: * 18532
[M::ha_hist_line]   129: * 18476
[M::ha_hist_line]   130: * 18429
[M::ha_hist_line]   131: * 18612
[M::ha_hist_line]   132: * 18190
[M::ha_hist_line]   133: * 18516
[M::ha_hist_line]   134: * 17822
[M::ha_hist_line]   135: * 17224
[M::ha_hist_line]   136: * 17568
[M::ha_hist_line]   137: * 16975
[M::ha_hist_line]   138: * 17269
[M::ha_hist_line]   139: * 16779
[M::ha_hist_line]   140: * 16324
[M::ha_hist_line]   141: * 16149
[M::ha_hist_line]   142: * 15937
[M::ha_hist_line]   143: * 15518
[M::ha_hist_line]   144: * 15286
[M::ha_hist_line]   145: * 15190
[M::ha_hist_line]   146: * 14888
[M::ha_hist_line]   147: * 14548
[M::ha_hist_line]   148: * 14003
[M::ha_hist_line]   149: * 13903
[M::ha_hist_line]   150: * 13636
[M::ha_hist_line]   151: * 13008
[M::ha_hist_line]   152: * 13031
[M::ha_hist_line]   153: * 12817
[M::ha_hist_line]   154: * 12559
[M::ha_hist_line]  rest: ************************ 592035
[M::ha_analyze_count] left: none
[M::ha_analyze_count] right: none
[M::ha_pt_gen] peak_hom: 47; peak_het: -1
[M::ha_ct_shrink::25689.833*40.53] ==> counted 83059338 distinct minimizer k-mers
[M::ha_pt_gen::] counting in normal mode
[M::yak_count] collected 4606454862 minimizers
[M::yak_count] collected 0 minimizers
[M::yak_count] collected 0 minimizers
[M::yak_count] collected 0 minimizers
[M::ha_pt_gen::26217.620*40.14] ==> indexed 4309767658 positions, counted 83059338 distinct minimizer k-mers
[M::pec::12401.434] # bases: 174142667568; # corrected bases: 71494641
[M::pec::54.338] # exact o: 685418401; # non-exact o: 87792475
[M::ha_assemble::38709.720*46.41@233.078GB] ==> corrected reads for round 2
[M::ha_assemble] # bases: 174142667568; # corrected bases: 71494641
[M::yak_count] collected 4602571798 minimizers
[M::yak_count] collected 0 minimizers
[M::yak_count] collected 0 minimizers
[M::yak_count] collected 0 minimizers
[M::ha_pt_gen::39136.177*46.17] ==> counted 363324689 distinct minimizer k-mers
[M::ha_pt_gen] count[4095] = 0 (for sanity check)
[M::ha_analyze_count] lowest: count[18] = 90088
[M::ha_analyze_count] highest: count[47] = 2469713
[M::ha_hist_line]     1: ****************************************************************************************************> 281268296
[M::ha_hist_line]     2: ****************************************************************************************************> 2622493
[M::ha_hist_line]     3: ********************************* 803229
[M::ha_hist_line]     4: ******************* 462791
[M::ha_hist_line]     5: ************** 337740
[M::ha_hist_line]     6: *********** 263314
[M::ha_hist_line]     7: ********* 214502
[M::ha_hist_line]     8: ******** 186229
[M::ha_hist_line]     9: ******* 162068
[M::ha_hist_line]    10: ****** 140593
[M::ha_hist_line]    11: ***** 127766
[M::ha_hist_line]    12: ***** 116772
[M::ha_hist_line]    13: **** 107868
[M::ha_hist_line]    14: **** 102879
[M::ha_hist_line]    15: **** 96454
[M::ha_hist_line]    16: **** 92965
[M::ha_hist_line]    17: **** 91575
[M::ha_hist_line]    18: **** 90088
[M::ha_hist_line]    19: **** 91329
[M::ha_hist_line]    20: **** 92753
[M::ha_hist_line]    21: **** 94786
[M::ha_hist_line]    22: **** 103593
[M::ha_hist_line]    23: ***** 111272
[M::ha_hist_line]    24: ***** 123875
[M::ha_hist_line]    25: ****** 140428
[M::ha_hist_line]    26: ******* 166990
[M::ha_hist_line]    27: ******** 198081
[M::ha_hist_line]    28: ********** 240886
[M::ha_hist_line]    29: ************ 295104
[M::ha_hist_line]    30: *************** 361249
[M::ha_hist_line]    31: ****************** 444086
[M::ha_hist_line]    32: ********************** 545576
[M::ha_hist_line]    33: *************************** 658148
[M::ha_hist_line]    34: ******************************** 786456
[M::ha_hist_line]    35: ************************************** 935144
[M::ha_hist_line]    36: ******************************************** 1092127
[M::ha_hist_line]    37: *************************************************** 1261440
[M::ha_hist_line]    38: ********************************************************** 1432568
[M::ha_hist_line]    39: ***************************************************************** 1611048
[M::ha_hist_line]    40: ************************************************************************ 1784564
[M::ha_hist_line]    41: ******************************************************************************* 1949095
[M::ha_hist_line]    42: ************************************************************************************* 2100508
[M::ha_hist_line]    43: ****************************************************************************************** 2222728
[M::ha_hist_line]    44: ********************************************************************************************** 2324385
[M::ha_hist_line]    45: ************************************************************************************************** 2407998
[M::ha_hist_line]    46: *************************************************************************************************** 2454429
[M::ha_hist_line]    47: **************************************************************************************************** 2469713
[M::ha_hist_line]    48: **************************************************************************************************** 2462163
[M::ha_hist_line]    49: ************************************************************************************************** 2423576
[M::ha_hist_line]    50: ************************************************************************************************ 2362865
[M::ha_hist_line]    51: ********************************************************************************************* 2293195
[M::ha_hist_line]    52: ***************************************************************************************** 2198030
[M::ha_hist_line]    53: ************************************************************************************ 2084466
[M::ha_hist_line]    54: ******************************************************************************** 1970858
[M::ha_hist_line]    55: *************************************************************************** 1850662
[M::ha_hist_line]    56: ********************************************************************** 1725820
[M::ha_hist_line]    57: ***************************************************************** 1604998
[M::ha_hist_line]    58: ************************************************************ 1489403
[M::ha_hist_line]    59: ******************************************************** 1382666
[M::ha_hist_line]    60: **************************************************** 1278769
[M::ha_hist_line]    61: ************************************************ 1189982
[M::ha_hist_line]    62: ********************************************* 1110792
[M::ha_hist_line]    63: ****************************************** 1038440
[M::ha_hist_line]    64: **************************************** 975853
[M::ha_hist_line]    65: ************************************* 910550
[M::ha_hist_line]    66: *********************************** 855654
[M::ha_hist_line]    67: ********************************* 805686
[M::ha_hist_line]    68: ******************************* 761869
[M::ha_hist_line]    69: ***************************** 726836
[M::ha_hist_line]    70: **************************** 693028
[M::ha_hist_line]    71: *************************** 662391
[M::ha_hist_line]    72: ************************** 637634
[M::ha_hist_line]    73: ************************* 608933
[M::ha_hist_line]    74: ************************ 584939
[M::ha_hist_line]    75: *********************** 561766
[M::ha_hist_line]    76: ********************** 542562
[M::ha_hist_line]    77: ********************* 524415
[M::ha_hist_line]    78: ******************** 504279
[M::ha_hist_line]    79: ******************** 486181
[M::ha_hist_line]    80: ******************* 469890
[M::ha_hist_line]    81: ****************** 448842
[M::ha_hist_line]    82: ***************** 430031
[M::ha_hist_line]    83: ***************** 412198
[M::ha_hist_line]    84: **************** 391747
[M::ha_hist_line]    85: *************** 373592
[M::ha_hist_line]    86: ************** 356027
[M::ha_hist_line]    87: ************** 335543
[M::ha_hist_line]    88: ************* 317203
[M::ha_hist_line]    89: ************ 295363
[M::ha_hist_line]    90: *********** 276276
[M::ha_hist_line]    91: *********** 260612
[M::ha_hist_line]    92: ********** 243703
[M::ha_hist_line]    93: ********* 225028
[M::ha_hist_line]    94: ******** 209243
[M::ha_hist_line]    95: ******** 193888
[M::ha_hist_line]    96: ******* 176400
[M::ha_hist_line]    97: ******* 161893
[M::ha_hist_line]    98: ****** 148017
[M::ha_hist_line]    99: ****** 136041
[M::ha_hist_line]   100: ***** 124612
[M::ha_hist_line]   101: ***** 113234
[M::ha_hist_line]   102: **** 102897
[M::ha_hist_line]   103: **** 92644
[M::ha_hist_line]   104: *** 85471
[M::ha_hist_line]   105: *** 77071
[M::ha_hist_line]   106: *** 69558
[M::ha_hist_line]   107: *** 62491
[M::ha_hist_line]   108: ** 56137
[M::ha_hist_line]   109: ** 50957
[M::ha_hist_line]   110: ** 46257
[M::ha_hist_line]   111: ** 41445
[M::ha_hist_line]   112: ** 38302
[M::ha_hist_line]   113: * 35303
[M::ha_hist_line]   114: * 32721
[M::ha_hist_line]   115: * 30734
[M::ha_hist_line]   116: * 28393
[M::ha_hist_line]   117: * 26800
[M::ha_hist_line]   118: * 25086
[M::ha_hist_line]   119: * 24069
[M::ha_hist_line]   120: * 23212
[M::ha_hist_line]   121: * 22264
[M::ha_hist_line]   122: * 21926
[M::ha_hist_line]   123: * 21268
[M::ha_hist_line]   124: * 20255
[M::ha_hist_line]   125: * 19807
[M::ha_hist_line]   126: * 19462
[M::ha_hist_line]   127: * 19094
[M::ha_hist_line]   128: * 18664
[M::ha_hist_line]   129: * 18519
[M::ha_hist_line]   130: * 18054
[M::ha_hist_line]   131: * 18459
[M::ha_hist_line]   132: * 18328
[M::ha_hist_line]   133: * 18084
[M::ha_hist_line]   134: * 17918
[M::ha_hist_line]   135: * 17429
[M::ha_hist_line]   136: * 17474
[M::ha_hist_line]   137: * 17021
[M::ha_hist_line]   138: * 16904
[M::ha_hist_line]   139: * 16753
[M::ha_hist_line]   140: * 16677
[M::ha_hist_line]   141: * 16333
[M::ha_hist_line]   142: * 16054
[M::ha_hist_line]   143: * 15831
[M::ha_hist_line]   144: * 15501
[M::ha_hist_line]   145: * 15364
[M::ha_hist_line]   146: * 15048
[M::ha_hist_line]   147: * 14594
[M::ha_hist_line]   148: * 14239
[M::ha_hist_line]   149: * 13847
[M::ha_hist_line]   150: * 13574
[M::ha_hist_line]   151: * 13591
[M::ha_hist_line]   152: * 12992
[M::ha_hist_line]   153: * 12972
[M::ha_hist_line]   154: * 12545
[M::ha_hist_line]   155: * 12593
[M::ha_hist_line]  rest: ************************ 589078
[M::ha_analyze_count] left: none
[M::ha_analyze_count] right: none
[M::ha_pt_gen] peak_hom: 47; peak_het: -1
[M::ha_ct_shrink::39138.029*46.17] ==> counted 82056393 distinct minimizer k-mers
[M::ha_pt_gen::] counting in normal mode
[M::yak_count] collected 4602571798 minimizers
[M::yak_count] collected 0 minimizers
[M::yak_count] collected 0 minimizers
[M::yak_count] collected 0 minimizers
[M::ha_pt_gen::39663.852*45.84] ==> indexed 4321303502 positions, counted 82056393 distinct minimizer k-mers
[M::pec::11618.782] # bases: 174146096150; # corrected bases: 27457447
[M::pec::54.275] # exact o: 752357397; # non-exact o: 34627636
[M::ha_assemble::51341.822*48.95@259.469GB] ==> corrected reads for round 3
[M::ha_assemble] # bases: 174146096150; # corrected bases: 27457447
[M::yak_count] collected 4601614184 minimizers
[M::yak_count] collected 0 minimizers
[M::yak_count] collected 0 minimizers
[M::yak_count] collected 0 minimizers
[M::ha_pt_gen::51769.358*48.75] ==> counted 357321930 distinct minimizer k-mers
[M::ha_pt_gen] count[4095] = 0 (for sanity check)
[M::ha_analyze_count] lowest: count[18] = 89003
[M::ha_analyze_count] highest: count[47] = 2464475
[M::ha_hist_line]     1: ****************************************************************************************************> 275520063
[M::ha_hist_line]     2: ****************************************************************************************************> 2481106
[M::ha_hist_line]     3: ******************************* 763363
[M::ha_hist_line]     4: ****************** 443428
[M::ha_hist_line]     5: ************* 326620
[M::ha_hist_line]     6: ********** 256105
[M::ha_hist_line]     7: ******** 209170
[M::ha_hist_line]     8: ******* 181991
[M::ha_hist_line]     9: ****** 158909
[M::ha_hist_line]    10: ****** 138234
[M::ha_hist_line]    11: ***** 125317
[M::ha_hist_line]    12: ***** 114837
[M::ha_hist_line]    13: **** 106067
[M::ha_hist_line]    14: **** 101346
[M::ha_hist_line]    15: **** 95048
[M::ha_hist_line]    16: **** 91435
[M::ha_hist_line]    17: **** 89927
[M::ha_hist_line]    18: **** 89003
[M::ha_hist_line]    19: **** 90385
[M::ha_hist_line]    20: **** 91837
[M::ha_hist_line]    21: **** 93794
[M::ha_hist_line]    22: **** 102884
[M::ha_hist_line]    23: **** 110127
[M::ha_hist_line]    24: ***** 122979
[M::ha_hist_line]    25: ****** 139045
[M::ha_hist_line]    26: ******* 164884
[M::ha_hist_line]    27: ******** 196033
[M::ha_hist_line]    28: ********** 237635
[M::ha_hist_line]    29: ************ 291841
[M::ha_hist_line]    30: ************** 357306
[M::ha_hist_line]    31: ****************** 438302
[M::ha_hist_line]    32: ********************** 538807
[M::ha_hist_line]    33: ************************** 652026
[M::ha_hist_line]    34: ******************************** 776978
[M::ha_hist_line]    35: ************************************** 925896
[M::ha_hist_line]    36: ******************************************** 1082107
[M::ha_hist_line]    37: *************************************************** 1250981
[M::ha_hist_line]    38: ********************************************************** 1422221
[M::ha_hist_line]    39: ***************************************************************** 1600175
[M::ha_hist_line]    40: ************************************************************************ 1771926
[M::ha_hist_line]    41: ******************************************************************************* 1938664
[M::ha_hist_line]    42: ************************************************************************************* 2089332
[M::ha_hist_line]    43: ****************************************************************************************** 2213962
[M::ha_hist_line]    44: ********************************************************************************************** 2315317
[M::ha_hist_line]    45: ************************************************************************************************* 2401104
[M::ha_hist_line]    46: *************************************************************************************************** 2450748
[M::ha_hist_line]    47: **************************************************************************************************** 2464475
[M::ha_hist_line]    48: **************************************************************************************************** 2463187
[M::ha_hist_line]    49: ************************************************************************************************** 2424644
[M::ha_hist_line]    50: ************************************************************************************************ 2365825
[M::ha_hist_line]    51: ********************************************************************************************* 2295811
[M::ha_hist_line]    52: ***************************************************************************************** 2202123
[M::ha_hist_line]    53: ************************************************************************************* 2091102
[M::ha_hist_line]    54: ******************************************************************************** 1976580
[M::ha_hist_line]    55: *************************************************************************** 1855632
[M::ha_hist_line]    56: ********************************************************************** 1730440
[M::ha_hist_line]    57: ***************************************************************** 1611885
[M::ha_hist_line]    58: ************************************************************* 1495582
[M::ha_hist_line]    59: ******************************************************** 1388418
[M::ha_hist_line]    60: **************************************************** 1285597
[M::ha_hist_line]    61: ************************************************* 1196118
[M::ha_hist_line]    62: ********************************************* 1115990
[M::ha_hist_line]    63: ****************************************** 1042851
[M::ha_hist_line]    64: **************************************** 979101
[M::ha_hist_line]    65: ************************************* 914862
[M::ha_hist_line]    66: *********************************** 859637
[M::ha_hist_line]    67: ********************************* 808186
[M::ha_hist_line]    68: ******************************* 765095
[M::ha_hist_line]    69: ****************************** 728754
[M::ha_hist_line]    70: **************************** 695064
[M::ha_hist_line]    71: *************************** 664524
[M::ha_hist_line]    72: ************************** 639363
[M::ha_hist_line]    73: ************************* 611388
[M::ha_hist_line]    74: ************************ 586968
[M::ha_hist_line]    75: *********************** 563009
[M::ha_hist_line]    76: ********************** 543457
[M::ha_hist_line]    77: ********************* 526714
[M::ha_hist_line]    78: ********************* 505614
[M::ha_hist_line]    79: ******************** 487790
[M::ha_hist_line]    80: ******************* 471496
[M::ha_hist_line]    81: ****************** 451284
[M::ha_hist_line]    82: ****************** 431340
[M::ha_hist_line]    83: ***************** 413766
[M::ha_hist_line]    84: **************** 393690
[M::ha_hist_line]    85: *************** 374969
[M::ha_hist_line]    86: *************** 357635
[M::ha_hist_line]    87: ************** 338232
[M::ha_hist_line]    88: ************* 319371
[M::ha_hist_line]    89: ************ 297233
[M::ha_hist_line]    90: *********** 277938
[M::ha_hist_line]    91: *********** 261982
[M::ha_hist_line]    92: ********** 245186
[M::ha_hist_line]    93: ********* 226630
[M::ha_hist_line]    94: ********* 210745
[M::ha_hist_line]    95: ******** 195635
[M::ha_hist_line]    96: ******* 178457
[M::ha_hist_line]    97: ******* 163421
[M::ha_hist_line]    98: ****** 149346
[M::ha_hist_line]    99: ****** 137421
[M::ha_hist_line]   100: ***** 125445
[M::ha_hist_line]   101: ***** 114730
[M::ha_hist_line]   102: **** 104213
[M::ha_hist_line]   103: **** 93133
[M::ha_hist_line]   104: **** 86288
[M::ha_hist_line]   105: *** 77756
[M::ha_hist_line]   106: *** 70360
[M::ha_hist_line]   107: *** 63685
[M::ha_hist_line]   108: ** 56867
[M::ha_hist_line]   109: ** 51269
[M::ha_hist_line]   110: ** 46880
[M::ha_hist_line]   111: ** 42032
[M::ha_hist_line]   112: ** 38834
[M::ha_hist_line]   113: * 35471
[M::ha_hist_line]   114: * 32790
[M::ha_hist_line]   115: * 31055
[M::ha_hist_line]   116: * 28368
[M::ha_hist_line]   117: * 26954
[M::ha_hist_line]   118: * 25212
[M::ha_hist_line]   119: * 24363
[M::ha_hist_line]   120: * 23026
[M::ha_hist_line]   121: * 22182
[M::ha_hist_line]   122: * 22114
[M::ha_hist_line]   123: * 21415
[M::ha_hist_line]   124: * 20392
[M::ha_hist_line]   125: * 19670
[M::ha_hist_line]   126: * 19730
[M::ha_hist_line]   127: * 19131
[M::ha_hist_line]   128: * 18740
[M::ha_hist_line]   129: * 18374
[M::ha_hist_line]   130: * 18084
[M::ha_hist_line]   131: * 18492
[M::ha_hist_line]   132: * 18352
[M::ha_hist_line]   133: * 18339
[M::ha_hist_line]   134: * 17683
[M::ha_hist_line]   135: * 17452
[M::ha_hist_line]   136: * 17654
[M::ha_hist_line]   137: * 16927
[M::ha_hist_line]   138: * 16846
[M::ha_hist_line]   139: * 16619
[M::ha_hist_line]   140: * 16677
[M::ha_hist_line]   141: * 16602
[M::ha_hist_line]   142: * 16017
[M::ha_hist_line]   143: * 15841
[M::ha_hist_line]   144: * 15425
[M::ha_hist_line]   145: * 15412
[M::ha_hist_line]   146: * 15155
[M::ha_hist_line]   147: * 14786
[M::ha_hist_line]   148: * 14205
[M::ha_hist_line]   149: * 13920
[M::ha_hist_line]   150: * 13659
[M::ha_hist_line]   151: * 13554
[M::ha_hist_line]   152: * 13238
[M::ha_hist_line]   153: * 12712
[M::ha_hist_line]   154: * 12527
[M::ha_hist_line]   155: * 12534
[M::ha_hist_line]  rest: ************************ 591911
[M::ha_analyze_count] left: none
[M::ha_analyze_count] right: none
[M::ha_pt_gen] peak_hom: 47; peak_het: -1
[M::ha_ct_shrink::51771.040*48.74] ==> counted 81801867 distinct minimizer k-mers
[M::ha_pt_gen::] counting in normal mode
[M::yak_count] collected 4601614184 minimizers
[M::yak_count] collected 0 minimizers
[M::yak_count] collected 0 minimizers
[M::yak_count] collected 0 minimizers
[M::ha_pt_gen::52309.943*48.46] ==> indexed 4326094121 positions, counted 81801867 distinct minimizer k-mers
[M::ha_print_ovlp_stat_0] # overlaps: 776656746
[M::ha_print_ovlp_stat_0] # strong overlaps: 237547794
[M::ha_print_ovlp_stat_0] # weak overlaps: 539108952
[M::ha_print_ovlp_stat_0] # exact overlaps: 741846881
[M::ha_print_ovlp_stat_0] # inexact overlaps: 34809865
[M::ha_print_ovlp_stat_0] # overlaps without large indels: 772485499
[M::ha_print_ovlp_stat_0] # reverse overlaps: 273003399
[M::ha_print_ovlp_stat_0] # running time: 1833.048
[M::ha_assemble::54164.678*48.82@278.691GB] ==> found overlaps for the final round
[M::ha_opt_update_cov_min] updated max_n_chain to 235
Writing reads to disk... 
Reads has been written.
Writing ma_hit_ts to disk... 
ma_hit_ts has been written.
Writing ma_hit_ts to disk... 
ma_hit_ts has been written.
bin files have been written.
[M::gen_chemical_arc_rf] # chimeric reads: 1419812
[M::purge_dups] homozygous read coverage threshold: 85
[M::purge_dups] purge duplication coverage threshold: 107
[M::ug_ext_gfa::] # tips::1011
Writing raw unitig GFA to disk... 
[M::ug_ext_gfa::] # tips::4
Writing processed unitig GFA to disk... 
[M::purge_dups] homozygous read coverage threshold: 85
[M::purge_dups] purge duplication coverage threshold: 107
[M::mc_solve:: # edges: 6080]
[M::mc_solve_core_adv::1.146] ==> Partition
[M::adjust_utg_by_primary] primary contig coverage range: [72, infinity]
Writing hapB.ont.bp.p_ctg.gfa to disk... 
[M::reduce_hamming_error_adv::1.142] # inserted edges: 8964, # fixed bubbles: 537
[M::adjust_utg_by_trio] primary contig coverage range: [72, infinity]
[M::recall_arcs] # transitive arcs::450
[M::recall_arcs] # new arcs::112214, # old arcs::63582
[M::clean_trio_untig_graph] # adjusted arcs::0
[M::adjust_utg_by_trio] primary contig coverage range: [72, infinity]
[M::recall_arcs] # transitive arcs::412
[M::recall_arcs] # new arcs::113044, # old arcs::62272
[M::clean_trio_untig_graph] # adjusted arcs::0
[M::output_trio_graph_joint] dedup_base::33127023, miss_base::0
Writing hapB.ont.bp.hap1.p_ctg.gfa to disk... 
Writing hapB.ont.bp.hap2.p_ctg.gfa to disk... 
Inconsistency threshold for low-quality regions in BED files: 70%
[M::main] Version: 0.25.0-r726
[M::main] CMD: hifiasm -o hapB.ont --ont -t 60 HG002_standar_ont_sup_PAW70337.fastq_fastkm_matrix.hapB.fq.gz HG002_standar_ont_sup_PAW71238.fastq_fastkm_matrix.hapB.fq.gz HG002_standar_ont_sup_PAW70337.fastq_fastkm_matrix.hapU.fq.gz HG002_standar_ont_sup_PAW71238.fastq_fastkm_matrix.hapU.fq.gz
[M::main] Real time: 56251.310 sec; CPU: 2650395.802 sec; Peak RSS: 278.691 GB
