[M::ha_analyze_count] lowest: count[9] = 34375175
[M::ha_analyze_count] highest: count[26] = 88898362
[M::ha_hist_line]     2: ****************************************************************************************************> 11613374285
[M::ha_hist_line]     3: ****************************************************************************************************> 828666297
[M::ha_hist_line]     4: ****************************************************************************************************> 254632501
[M::ha_hist_line]     5: ****************************************************************************************************> 112278757
[M::ha_hist_line]     6: ********************************************************************** 62409472
[M::ha_hist_line]     7: ************************************************ 42838990
[M::ha_hist_line]     8: **************************************** 35740973
[M::ha_hist_line]     9: *************************************** 34375175
[M::ha_hist_line]    10: **************************************** 35727077
[M::ha_hist_line]    11: ******************************************* 38092057
[M::ha_hist_line]    12: ********************************************** 40683164
[M::ha_hist_line]    13: ************************************************* 43179842
[M::ha_hist_line]    14: *************************************************** 45582537
[M::ha_hist_line]    15: ****************************************************** 48059326
[M::ha_hist_line]    16: ********************************************************* 50951991
[M::ha_hist_line]    17: ************************************************************* 54405611
[M::ha_hist_line]    18: ****************************************************************** 58630167
[M::ha_hist_line]    19: *********************************************************************** 63467059
[M::ha_hist_line]    20: ***************************************************************************** 68769736
[M::ha_hist_line]    21: *********************************************************************************** 74147514
[M::ha_hist_line]    22: ***************************************************************************************** 79235331
[M::ha_hist_line]    23: ********************************************************************************************** 83556036
[M::ha_hist_line]    24: ************************************************************************************************** 86786085
[M::ha_hist_line]    25: **************************************************************************************************** 88616641
[M::ha_hist_line]    26: **************************************************************************************************** 88898362
[M::ha_hist_line]    27: *************************************************************************************************** 87668560
[M::ha_hist_line]    28: *********************************************************************************************** 84878000
[M::ha_hist_line]    29: ******************************************************************************************* 80791827
[M::ha_hist_line]    30: ************************************************************************************* 75687568
[M::ha_hist_line]    31: ******************************************************************************* 69802758
[M::ha_hist_line]    32: ************************************************************************ 63587639
[M::ha_hist_line]    33: **************************************************************** 57171070
[M::ha_hist_line]    34: ********************************************************* 50869689
[M::ha_hist_line]    35: ************************************************** 44880378
[M::ha_hist_line]    36: ******************************************** 39337705
[M::ha_hist_line]    37: *************************************** 34335398
[M::ha_hist_line]    38: ********************************** 29930659
[M::ha_hist_line]    39: ***************************** 26087684
[M::ha_hist_line]    40: ************************** 22803875
[M::ha_hist_line]    41: *********************** 20024278
[M::ha_hist_line]    42: ******************** 17693229
[M::ha_hist_line]    43: ****************** 15740269
[M::ha_hist_line]    44: **************** 14089184
[M::ha_hist_line]    45: ************** 12701730
[M::ha_hist_line]    46: ************* 11517837
[M::ha_hist_line]    47: ************ 10464218
[M::ha_hist_line]    48: *********** 9528884
[M::ha_hist_line]    49: ********** 8697857
[M::ha_hist_line]    50: ********* 7951167
[M::ha_hist_line]    51: ******** 7257772
[M::ha_hist_line]    52: ******* 6594448
[M::ha_hist_line]    53: ******* 5993651
[M::ha_hist_line]    54: ****** 5413785
[M::ha_hist_line]    55: ***** 4879023
[M::ha_hist_line]    56: ***** 4385232
[M::ha_hist_line]    57: **** 3919569
[M::ha_hist_line]    58: **** 3494431
[M::ha_hist_line]    59: *** 3098849
[M::ha_hist_line]    60: *** 2749161
[M::ha_hist_line]    61: *** 2426913
[M::ha_hist_line]    62: ** 2142973
[M::ha_hist_line]    63: ** 1890330
[M::ha_hist_line]    64: ** 1663460
[M::ha_hist_line]    65: ** 1473375
[M::ha_hist_line]    66: * 1303116
[M::ha_hist_line]    67: * 1150727
[M::ha_hist_line]    68: * 1027672
[M::ha_hist_line]    69: * 918971
[M::ha_hist_line]    70: * 824944
[M::ha_hist_line]    71: * 747692
[M::ha_hist_line]    72: * 681332
[M::ha_hist_line]    73: * 623224
[M::ha_hist_line]    74: * 577474
[M::ha_hist_line]    75: * 538232
[M::ha_hist_line]    76: * 504302
[M::ha_hist_line]    77: * 475552
[M::ha_hist_line]    78: * 452458
[M::ha_hist_line]  rest: **************************** 25119373
[M::ha_analyze_count] left: none
[M::ha_analyze_count] right: none
[M::ha_ft_gen] peak_hom: 26; peak_het: -1
[M::ha_ct_shrink::3025.128*15.07] ==> counted 11879834 distinct minimizer k-mers
[M::ha_ft_gen::3050.590*14.96@277.156GB] ==> filtered out 11879834 k-mers occurring 130 or more times
[M::ha_opt_update_cov] updated max_n_chain to 130
[M::yak_count] collected 1658678613 minimizers
[M::yak_count] collected 1767701895 minimizers
[M::yak_count] collected 1599211466 minimizers
[M::ha_pt_gen::6781.289*10.23] ==> counted 2470388140 distinct minimizer k-mers
[M::ha_pt_gen] count[4095] = 0 (for sanity check)
[M::ha_analyze_count] lowest: count[13] = 2789157
[M::ha_analyze_count] highest: count[22] = 3540136
[M::ha_hist_line]     1: ****************************************************************************************************> 2196110386
[M::ha_hist_line]     2: ****************************************************************************************************> 113060200
[M::ha_hist_line]     3: ****************************************************************************************************> 32715938
[M::ha_hist_line]     4: ****************************************************************************************************> 15069775
[M::ha_hist_line]     5: ****************************************************************************************************> 8811739
[M::ha_hist_line]     6: ****************************************************************************************************> 5956766
[M::ha_hist_line]     7: ****************************************************************************************************> 4476361
[M::ha_hist_line]     8: ****************************************************************************************************> 3660994
[M::ha_hist_line]     9: ******************************************************************************************* 3211046
[M::ha_hist_line]    10: ************************************************************************************ 2965930
[M::ha_hist_line]    11: ******************************************************************************** 2843863
[M::ha_hist_line]    12: ******************************************************************************* 2789503
[M::ha_hist_line]    13: ******************************************************************************* 2789157
[M::ha_hist_line]    14: ******************************************************************************** 2827526
[M::ha_hist_line]    15: ********************************************************************************** 2894905
[M::ha_hist_line]    16: ************************************************************************************* 2993195
[M::ha_hist_line]    17: **************************************************************************************** 3107498
[M::ha_hist_line]    18: ******************************************************************************************* 3229101
[M::ha_hist_line]    19: ********************************************************************************************** 3343412
[M::ha_hist_line]    20: ************************************************************************************************* 3438632
[M::ha_hist_line]    21: *************************************************************************************************** 3512481
[M::ha_hist_line]    22: **************************************************************************************************** 3540136
[M::ha_hist_line]    23: **************************************************************************************************** 3528689
[M::ha_hist_line]    24: ************************************************************************************************** 3471246
[M::ha_hist_line]    25: *********************************************************************************************** 3364324
[M::ha_hist_line]    26: ******************************************************************************************* 3214888
[M::ha_hist_line]    27: ************************************************************************************** 3032373
[M::ha_hist_line]    28: ******************************************************************************** 2822849
[M::ha_hist_line]    29: ************************************************************************* 2598253
[M::ha_hist_line]    30: ******************************************************************* 2362685
[M::ha_hist_line]    31: ************************************************************ 2129431
[M::ha_hist_line]    32: ****************************************************** 1908172
[M::ha_hist_line]    33: ************************************************ 1698135
[M::ha_hist_line]    34: ******************************************* 1506930
[M::ha_hist_line]    35: ************************************** 1331143
[M::ha_hist_line]    36: ********************************* 1179893
[M::ha_hist_line]    37: ****************************** 1047042
[M::ha_hist_line]    38: ************************** 936308
[M::ha_hist_line]    39: ************************ 841896
[M::ha_hist_line]    40: ********************* 760476
[M::ha_hist_line]    41: ******************** 691473
[M::ha_hist_line]    42: ****************** 633485
[M::ha_hist_line]    43: **************** 583644
[M::ha_hist_line]    44: *************** 541391
[M::ha_hist_line]    45: ************** 502847
[M::ha_hist_line]    46: ************* 467212
[M::ha_hist_line]    47: ************ 434971
[M::ha_hist_line]    48: *********** 405196
[M::ha_hist_line]    49: *********** 375786
[M::ha_hist_line]    50: ********** 349895
[M::ha_hist_line]    51: ********* 323749
[M::ha_hist_line]    52: ******** 297980
[M::ha_hist_line]    53: ******** 273381
[M::ha_hist_line]    54: ******* 250510
[M::ha_hist_line]    55: ****** 228731
[M::ha_hist_line]    56: ****** 208402
[M::ha_hist_line]    57: ***** 188658
[M::ha_hist_line]    58: ***** 170088
[M::ha_hist_line]    59: **** 154299
[M::ha_hist_line]    60: **** 139687
[M::ha_hist_line]    61: **** 125188
[M::ha_hist_line]    62: *** 112530
[M::ha_hist_line]    63: *** 101151
[M::ha_hist_line]    64: *** 91755
[M::ha_hist_line]    65: ** 83099
[M::ha_hist_line]    66: ** 75469
[M::ha_hist_line]    67: ** 67662
[M::ha_hist_line]    68: ** 63278
[M::ha_hist_line]    69: ** 58326
[M::ha_hist_line]    70: ** 53399
[M::ha_hist_line]    71: * 49526
[M::ha_hist_line]    72: * 46503
[M::ha_hist_line]    73: * 43422
[M::ha_hist_line]    74: * 41183
[M::ha_hist_line]    75: * 38951
[M::ha_hist_line]    76: * 37039
[M::ha_hist_line]    77: * 35704
[M::ha_hist_line]    78: * 34230
[M::ha_hist_line]    79: * 33105
[M::ha_hist_line]    80: * 31363
[M::ha_hist_line]    81: * 30825
[M::ha_hist_line]    82: * 29577
[M::ha_hist_line]    83: * 28850
[M::ha_hist_line]    84: * 27930
[M::ha_hist_line]    85: * 27263
[M::ha_hist_line]    86: * 26647
[M::ha_hist_line]    87: * 25690
[M::ha_hist_line]    88: * 25353
[M::ha_hist_line]    89: * 24724
[M::ha_hist_line]    90: * 24020
[M::ha_hist_line]    91: * 23798
[M::ha_hist_line]    92: * 23012
[M::ha_hist_line]    93: * 22462
[M::ha_hist_line]    94: * 22067
[M::ha_hist_line]    95: * 21380
[M::ha_hist_line]    96: * 21140
[M::ha_hist_line]    97: * 20607
[M::ha_hist_line]    98: * 20136
[M::ha_hist_line]    99: * 19511
[M::ha_hist_line]   100: * 18803
[M::ha_hist_line]   101: * 18622
[M::ha_hist_line]   102: * 18093
[M::ha_hist_line]  rest: ********** 340085
[M::ha_analyze_count] left: none
[M::ha_analyze_count] right: none
[M::ha_pt_gen] peak_hom: 22; peak_het: -1
[M::ha_ct_shrink::6785.068*10.24] ==> counted 274277754 distinct minimizer k-mers
[M::ha_pt_gen::] counting in normal mode
[M::yak_count] collected 5025591974 minimizers
[M::yak_count] collected 0 minimizers
[M::yak_count] collected 0 minimizers
[M::ha_pt_gen::7323.046*11.87] ==> indexed 2829481588 positions, counted 274277754 distinct minimizer k-mers
[M::pec::9009.114] # bases: 183515803458; # corrected bases: 2790653512
[M::pec::30.339] # exact o: 5285357; # non-exact o: 122310665
[M::ha_assemble::16462.891*38.20@277.156GB] ==> corrected reads for round 1
[M::ha_assemble] # bases: 183515803458; # corrected bases: 2790653512
[M::yak_count] collected 4960775751 minimizers
[M::yak_count] collected 0 minimizers
[M::yak_count] collected 0 minimizers
[M::ha_pt_gen::16955.035*38.07] ==> counted 1533682267 distinct minimizer k-mers
[M::ha_pt_gen] count[4095] = 2 (for sanity check)
[M::ha_analyze_count] lowest: count[10] = 617767
[M::ha_analyze_count] highest: count[40] = 2784250
[M::ha_hist_line]     1: ****************************************************************************************************> 1371964409
[M::ha_hist_line]     2: ****************************************************************************************************> 48109897
[M::ha_hist_line]     3: ****************************************************************************************************> 13287542
[M::ha_hist_line]     4: ****************************************************************************************************> 5796523
[M::ha_hist_line]     5: ****************************************************************************************************> 3050002
[M::ha_hist_line]     6: **************************************************************** 1790279
[M::ha_hist_line]     7: ****************************************** 1160269
[M::ha_hist_line]     8: ****************************** 836146
[M::ha_hist_line]     9: ************************ 679025
[M::ha_hist_line]    10: ********************** 617767
[M::ha_hist_line]    11: ********************** 623169
[M::ha_hist_line]    12: ************************ 669691
[M::ha_hist_line]    13: *************************** 744078
[M::ha_hist_line]    14: ****************************** 837456
[M::ha_hist_line]    15: ********************************** 939089
[M::ha_hist_line]    16: ************************************* 1040742
[M::ha_hist_line]    17: ***************************************** 1132316
[M::ha_hist_line]    18: ******************************************* 1210801
[M::ha_hist_line]    19: ********************************************** 1269497
[M::ha_hist_line]    20: *********************************************** 1311517
[M::ha_hist_line]    21: ************************************************ 1336903
[M::ha_hist_line]    22: ************************************************* 1351903
[M::ha_hist_line]    23: ************************************************* 1363906
[M::ha_hist_line]    24: ************************************************* 1376209
[M::ha_hist_line]    25: ************************************************** 1396911
[M::ha_hist_line]    26: *************************************************** 1427941
[M::ha_hist_line]    27: ***************************************************** 1478721
[M::ha_hist_line]    28: ******************************************************** 1549589
[M::ha_hist_line]    29: *********************************************************** 1641999
[M::ha_hist_line]    30: *************************************************************** 1753696
[M::ha_hist_line]    31: ******************************************************************* 1878315
[M::ha_hist_line]    32: ************************************************************************ 2016962
[M::ha_hist_line]    33: ****************************************************************************** 2161770
[M::ha_hist_line]    34: *********************************************************************************** 2305240
[M::ha_hist_line]    35: **************************************************************************************** 2439511
[M::ha_hist_line]    36: ******************************************************************************************** 2553946
[M::ha_hist_line]    37: *********************************************************************************************** 2655184
[M::ha_hist_line]    38: ************************************************************************************************** 2728619
[M::ha_hist_line]    39: **************************************************************************************************** 2776534
[M::ha_hist_line]    40: **************************************************************************************************** 2784250
[M::ha_hist_line]    41: **************************************************************************************************** 2771265
[M::ha_hist_line]    42: ************************************************************************************************** 2725305
[M::ha_hist_line]    43: *********************************************************************************************** 2646084
[M::ha_hist_line]    44: ******************************************************************************************** 2548338
[M::ha_hist_line]    45: *************************************************************************************** 2431163
[M::ha_hist_line]    46: *********************************************************************************** 2298539
[M::ha_hist_line]    47: ***************************************************************************** 2148515
[M::ha_hist_line]    48: ************************************************************************ 1996855
[M::ha_hist_line]    49: ****************************************************************** 1839890
[M::ha_hist_line]    50: ************************************************************* 1686412
[M::ha_hist_line]    51: ******************************************************* 1530509
[M::ha_hist_line]    52: ************************************************** 1383227
[M::ha_hist_line]    53: ********************************************* 1244917
[M::ha_hist_line]    54: **************************************** 1115230
[M::ha_hist_line]    55: ************************************ 993479
[M::ha_hist_line]    56: ******************************** 882617
[M::ha_hist_line]    57: **************************** 776287
[M::ha_hist_line]    58: ************************* 687204
[M::ha_hist_line]    59: ********************** 601448
[M::ha_hist_line]    60: ******************* 528325
[M::ha_hist_line]    61: ***************** 460488
[M::ha_hist_line]    62: ************** 401512
[M::ha_hist_line]    63: ************* 348106
[M::ha_hist_line]    64: *********** 301878
[M::ha_hist_line]    65: ********* 261456
[M::ha_hist_line]    66: ******** 227715
[M::ha_hist_line]    67: ******* 195512
[M::ha_hist_line]    68: ****** 168986
[M::ha_hist_line]    69: ***** 145551
[M::ha_hist_line]    70: ***** 126741
[M::ha_hist_line]    71: **** 109730
[M::ha_hist_line]    72: *** 95761
[M::ha_hist_line]    73: *** 83712
[M::ha_hist_line]    74: *** 73868
[M::ha_hist_line]    75: ** 65929
[M::ha_hist_line]    76: ** 59184
[M::ha_hist_line]    77: ** 52997
[M::ha_hist_line]    78: ** 48403
[M::ha_hist_line]    79: ** 44547
[M::ha_hist_line]    80: * 41779
[M::ha_hist_line]    81: * 39393
[M::ha_hist_line]    82: * 37473
[M::ha_hist_line]    83: * 35545
[M::ha_hist_line]    84: * 34180
[M::ha_hist_line]    85: * 33267
[M::ha_hist_line]    86: * 31647
[M::ha_hist_line]    87: * 30796
[M::ha_hist_line]    88: * 29866
[M::ha_hist_line]    89: * 28793
[M::ha_hist_line]    90: * 27837
[M::ha_hist_line]    91: * 27529
[M::ha_hist_line]    92: * 26548
[M::ha_hist_line]    93: * 26183
[M::ha_hist_line]    94: * 25689
[M::ha_hist_line]    95: * 25157
[M::ha_hist_line]    96: * 24205
[M::ha_hist_line]    97: * 23641
[M::ha_hist_line]    98: * 23464
[M::ha_hist_line]    99: * 23200
[M::ha_hist_line]   100: * 22749
[M::ha_hist_line]   101: * 22388
[M::ha_hist_line]   102: * 21895
[M::ha_hist_line]   103: * 21856
[M::ha_hist_line]   104: * 21669
[M::ha_hist_line]   105: * 21393
[M::ha_hist_line]   106: * 21200
[M::ha_hist_line]   107: * 20861
[M::ha_hist_line]   108: * 20774
[M::ha_hist_line]   109: * 20505
[M::ha_hist_line]   110: * 20081
[M::ha_hist_line]   111: * 19519
[M::ha_hist_line]   112: * 19152
[M::ha_hist_line]   113: * 19027
[M::ha_hist_line]   114: * 18462
[M::ha_hist_line]   115: * 18775
[M::ha_hist_line]   116: * 18273
[M::ha_hist_line]   117: * 18167
[M::ha_hist_line]   118: * 17282
[M::ha_hist_line]   119: * 17343
[M::ha_hist_line]   120: * 16603
[M::ha_hist_line]   121: * 16140
[M::ha_hist_line]   122: * 15218
[M::ha_hist_line]   123: * 14876
[M::ha_hist_line]   124: * 14674
[M::ha_hist_line]   125: * 14180
[M::ha_hist_line]  rest: **************** 437004
[M::ha_analyze_count] left: none
[M::ha_analyze_count] right: none
[M::ha_pt_gen] peak_hom: 40; peak_het: -1
[M::ha_ct_shrink::16957.332*38.07] ==> counted 161717856 distinct minimizer k-mers
[M::ha_pt_gen::] counting in normal mode
[M::yak_count] collected 4960775751 minimizers
[M::yak_count] collected 0 minimizers
[M::yak_count] collected 0 minimizers
[M::ha_pt_gen::17541.375*37.78] ==> indexed 3588798176 positions, counted 161717856 distinct minimizer k-mers
[M::pec::10282.216] # bases: 183830031263; # corrected bases: 2005735987
[M::pec::48.359] # exact o: 87772027; # non-exact o: 217852157
[M::ha_assemble::27950.042*45.86@277.156GB] ==> corrected reads for round 2
[M::ha_assemble] # bases: 183830031263; # corrected bases: 2005735987
[M::yak_count] collected 4951159731 minimizers
[M::yak_count] collected 0 minimizers
[M::yak_count] collected 0 minimizers
[M::ha_pt_gen::28509.165*45.54] ==> counted 872550752 distinct minimizer k-mers
[M::ha_pt_gen] count[4095] = 35 (for sanity check)
[M::ha_analyze_count] lowest: count[10] = 175053
[M::ha_analyze_count] highest: count[51] = 2958967
[M::ha_hist_line]     1: ****************************************************************************************************> 764377046
[M::ha_hist_line]     2: ****************************************************************************************************> 15099411
[M::ha_hist_line]     3: ****************************************************************************************************> 3510981
[M::ha_hist_line]     4: ********************************************* 1345295
[M::ha_hist_line]     5: *********************** 669283
[M::ha_hist_line]     6: ************** 402380
[M::ha_hist_line]     7: ********* 277847
[M::ha_hist_line]     8: ******* 217791
[M::ha_hist_line]     9: ****** 186480
[M::ha_hist_line]    10: ****** 175053
[M::ha_hist_line]    11: ****** 176483
[M::ha_hist_line]    12: ****** 191646
[M::ha_hist_line]    13: ******** 223229
[M::ha_hist_line]    14: ********* 268539
[M::ha_hist_line]    15: *********** 331729
[M::ha_hist_line]    16: ************** 408913
[M::ha_hist_line]    17: ***************** 500815
[M::ha_hist_line]    18: ******************** 603042
[M::ha_hist_line]    19: ************************ 711836
[M::ha_hist_line]    20: **************************** 821073
[M::ha_hist_line]    21: ******************************* 918111
[M::ha_hist_line]    22: ********************************** 1003189
[M::ha_hist_line]    23: ************************************ 1066799
[M::ha_hist_line]    24: ************************************* 1106697
[M::ha_hist_line]    25: ************************************** 1116561
[M::ha_hist_line]    26: ************************************* 1105089
[M::ha_hist_line]    27: ************************************ 1072847
[M::ha_hist_line]    28: *********************************** 1023163
[M::ha_hist_line]    29: ********************************* 965546
[M::ha_hist_line]    30: ******************************* 911923
[M::ha_hist_line]    31: ***************************** 860819
[M::ha_hist_line]    32: **************************** 823764
[M::ha_hist_line]    33: *************************** 807615
[M::ha_hist_line]    34: *************************** 810682
[M::ha_hist_line]    35: ***************************** 845068
[M::ha_hist_line]    36: ******************************* 908441
[M::ha_hist_line]    37: ********************************** 1006276
[M::ha_hist_line]    38: ************************************** 1126787
[M::ha_hist_line]    39: ******************************************* 1275902
[M::ha_hist_line]    40: ************************************************* 1453310
[M::ha_hist_line]    41: ******************************************************** 1643030
[M::ha_hist_line]    42: ************************************************************** 1849245
[M::ha_hist_line]    43: ********************************************************************* 2051500
[M::ha_hist_line]    44: **************************************************************************** 2251986
[M::ha_hist_line]    45: ********************************************************************************** 2434557
[M::ha_hist_line]    46: **************************************************************************************** 2597697
[M::ha_hist_line]    47: ******************************************************************************************** 2732859
[M::ha_hist_line]    48: ************************************************************************************************ 2846001
[M::ha_hist_line]    49: *************************************************************************************************** 2918934
[M::ha_hist_line]    50: **************************************************************************************************** 2958579
[M::ha_hist_line]    51: **************************************************************************************************** 2958967
[M::ha_hist_line]    52: *************************************************************************************************** 2921209
[M::ha_hist_line]    53: ************************************************************************************************ 2854604
[M::ha_hist_line]    54: ********************************************************************************************* 2750103
[M::ha_hist_line]    55: ***************************************************************************************** 2625991
[M::ha_hist_line]    56: ************************************************************************************ 2475459
[M::ha_hist_line]    57: ****************************************************************************** 2310926
[M::ha_hist_line]    58: ************************************************************************ 2134231
[M::ha_hist_line]    59: ****************************************************************** 1954946
[M::ha_hist_line]    60: ************************************************************ 1768709
[M::ha_hist_line]    61: ****************************************************** 1588216
[M::ha_hist_line]    62: ************************************************ 1410874
[M::ha_hist_line]    63: ****************************************** 1238107
[M::ha_hist_line]    64: ************************************* 1081160
[M::ha_hist_line]    65: ******************************** 936562
[M::ha_hist_line]    66: *************************** 807551
[M::ha_hist_line]    67: *********************** 687374
[M::ha_hist_line]    68: ******************** 582551
[M::ha_hist_line]    69: ***************** 489646
[M::ha_hist_line]    70: ************** 410286
[M::ha_hist_line]    71: ************ 341616
[M::ha_hist_line]    72: ********** 282800
[M::ha_hist_line]    73: ******** 234618
[M::ha_hist_line]    74: ******* 192829
[M::ha_hist_line]    75: ***** 158790
[M::ha_hist_line]    76: **** 131061
[M::ha_hist_line]    77: **** 107752
[M::ha_hist_line]    78: *** 89996
[M::ha_hist_line]    79: *** 75572
[M::ha_hist_line]    80: ** 64082
[M::ha_hist_line]    81: ** 55650
[M::ha_hist_line]    82: ** 48746
[M::ha_hist_line]    83: * 43724
[M::ha_hist_line]    84: * 39770
[M::ha_hist_line]    85: * 36534
[M::ha_hist_line]    86: * 34360
[M::ha_hist_line]    87: * 32642
[M::ha_hist_line]    88: * 31201
[M::ha_hist_line]    89: * 30269
[M::ha_hist_line]    90: * 29085
[M::ha_hist_line]    91: * 29619
[M::ha_hist_line]    92: * 28999
[M::ha_hist_line]    93: * 28490
[M::ha_hist_line]    94: * 28361
[M::ha_hist_line]    95: * 28161
[M::ha_hist_line]    96: * 27958
[M::ha_hist_line]    97: * 27396
[M::ha_hist_line]    98: * 27096
[M::ha_hist_line]    99: * 27003
[M::ha_hist_line]   100: * 26966
[M::ha_hist_line]   101: * 27284
[M::ha_hist_line]   102: * 26505
[M::ha_hist_line]   103: * 26702
[M::ha_hist_line]   104: * 26570
[M::ha_hist_line]   105: * 26342
[M::ha_hist_line]   106: * 26013
[M::ha_hist_line]   107: * 26037
[M::ha_hist_line]   108: * 25850
[M::ha_hist_line]   109: * 25438
[M::ha_hist_line]   110: * 24807
[M::ha_hist_line]   111: * 24338
[M::ha_hist_line]   112: * 23744
[M::ha_hist_line]   113: * 23707
[M::ha_hist_line]   114: * 23113
[M::ha_hist_line]   115: * 22379
[M::ha_hist_line]   116: * 22351
[M::ha_hist_line]   117: * 21696
[M::ha_hist_line]   118: * 21330
[M::ha_hist_line]   119: * 20897
[M::ha_hist_line]   120: * 20632
[M::ha_hist_line]   121: * 20067
[M::ha_hist_line]   122: * 19729
[M::ha_hist_line]   123: * 18789
[M::ha_hist_line]   124: * 18401
[M::ha_hist_line]   125: * 17726
[M::ha_hist_line]   126: * 16908
[M::ha_hist_line]   127: * 16464
[M::ha_hist_line]   128: * 15882
[M::ha_hist_line]   129: * 15092
[M::ha_hist_line]  rest: ******************** 585492
[M::ha_analyze_count] left: count[25] = 1116561
[M::ha_analyze_count] right: none
[M::ha_pt_gen] peak_hom: 51; peak_het: 25
[M::ha_ct_shrink::28511.153*45.54] ==> counted 108173671 distinct minimizer k-mers
[M::ha_pt_gen::] counting in normal mode
[M::yak_count] collected 4951159731 minimizers
[M::yak_count] collected 0 minimizers
[M::yak_count] collected 0 minimizers
[M::ha_pt_gen::29048.451*45.28] ==> indexed 4186530225 positions, counted 108173671 distinct minimizer k-mers
[M::pec::9260.233] # bases: 184091947979; # corrected bases: 497769618
[M::pec::44.327] # exact o: 217660446; # non-exact o: 174266592
[M::ha_assemble::38381.180*48.76@277.156GB] ==> corrected reads for round 3
[M::ha_assemble] # bases: 184091947979; # corrected bases: 497769618
[M::yak_count] collected 4947038291 minimizers
[M::yak_count] collected 0 minimizers
[M::yak_count] collected 0 minimizers
[M::ha_pt_gen::38860.052*48.57] ==> counted 726537300 distinct minimizer k-mers
[M::ha_pt_gen] count[4095] = 56 (for sanity check)
[M::ha_analyze_count] lowest: count[10] = 118148
[M::ha_analyze_count] highest: count[53] = 3010178
[M::ha_hist_line]     1: ****************************************************************************************************> 626220799
[M::ha_hist_line]     2: ****************************************************************************************************> 9986746
[M::ha_hist_line]     3: ************************************************************************ 2154210
[M::ha_hist_line]     4: *************************** 800599
[M::ha_hist_line]     5: ************* 402664
[M::ha_hist_line]     6: ******** 246422
[M::ha_hist_line]     7: ****** 175898
[M::ha_hist_line]     8: ***** 140378
[M::ha_hist_line]     9: **** 123454
[M::ha_hist_line]    10: **** 118148
[M::ha_hist_line]    11: **** 123095
[M::ha_hist_line]    12: ***** 135786
[M::ha_hist_line]    13: ***** 161655
[M::ha_hist_line]    14: ******* 198135
[M::ha_hist_line]    15: ******** 250570
[M::ha_hist_line]    16: *********** 316466
[M::ha_hist_line]    17: ************* 400084
[M::ha_hist_line]    18: **************** 495298
[M::ha_hist_line]    19: ******************** 602334
[M::ha_hist_line]    20: ************************ 708675
[M::ha_hist_line]    21: *************************** 812141
[M::ha_hist_line]    22: ****************************** 908166
[M::ha_hist_line]    23: ********************************* 992984
[M::ha_hist_line]    24: *********************************** 1052290
[M::ha_hist_line]    25: ************************************ 1082281
[M::ha_hist_line]    26: ************************************ 1089366
[M::ha_hist_line]    27: ************************************ 1068772
[M::ha_hist_line]    28: ********************************** 1027043
[M::ha_hist_line]    29: ******************************** 972593
[M::ha_hist_line]    30: ****************************** 907189
[M::ha_hist_line]    31: **************************** 841748
[M::ha_hist_line]    32: ************************** 783388
[M::ha_hist_line]    33: ************************ 733067
[M::ha_hist_line]    34: *********************** 698483
[M::ha_hist_line]    35: *********************** 689092
[M::ha_hist_line]    36: ************************ 708216
[M::ha_hist_line]    37: ************************* 755253
[M::ha_hist_line]    38: **************************** 833549
[M::ha_hist_line]    39: ******************************* 942507
[M::ha_hist_line]    40: ************************************ 1078686
[M::ha_hist_line]    41: ***************************************** 1242138
[M::ha_hist_line]    42: ************************************************ 1433280
[M::ha_hist_line]    43: ******************************************************* 1640778
[M::ha_hist_line]    44: ************************************************************** 1852204
[M::ha_hist_line]    45: ********************************************************************* 2068798
[M::ha_hist_line]    46: **************************************************************************** 2278752
[M::ha_hist_line]    47: ********************************************************************************** 2469633
[M::ha_hist_line]    48: **************************************************************************************** 2638148
[M::ha_hist_line]    49: ********************************************************************************************* 2784989
[M::ha_hist_line]    50: ************************************************************************************************ 2896149
[M::ha_hist_line]    51: *************************************************************************************************** 2972953
[M::ha_hist_line]    52: **************************************************************************************************** 3008608
[M::ha_hist_line]    53: **************************************************************************************************** 3010178
[M::ha_hist_line]    54: *************************************************************************************************** 2975831
[M::ha_hist_line]    55: ************************************************************************************************ 2899791
[M::ha_hist_line]    56: ********************************************************************************************* 2788957
[M::ha_hist_line]    57: **************************************************************************************** 2655623
[M::ha_hist_line]    58: *********************************************************************************** 2502966
[M::ha_hist_line]    59: ***************************************************************************** 2328484
[M::ha_hist_line]    60: *********************************************************************** 2149252
[M::ha_hist_line]    61: ***************************************************************** 1962496
[M::ha_hist_line]    62: *********************************************************** 1771808
[M::ha_hist_line]    63: ***************************************************** 1580676
[M::ha_hist_line]    64: ********************************************** 1395815
[M::ha_hist_line]    65: ***************************************** 1224488
[M::ha_hist_line]    66: *********************************** 1066743
[M::ha_hist_line]    67: ****************************** 916850
[M::ha_hist_line]    68: ************************** 785324
[M::ha_hist_line]    69: ********************** 664917
[M::ha_hist_line]    70: ******************* 558449
[M::ha_hist_line]    71: *************** 465629
[M::ha_hist_line]    72: ************* 387305
[M::ha_hist_line]    73: *********** 321369
[M::ha_hist_line]    74: ********* 264623
[M::ha_hist_line]    75: ******* 216382
[M::ha_hist_line]    76: ****** 176958
[M::ha_hist_line]    77: ***** 145329
[M::ha_hist_line]    78: **** 119155
[M::ha_hist_line]    79: *** 97393
[M::ha_hist_line]    80: *** 80969
[M::ha_hist_line]    81: ** 68195
[M::ha_hist_line]    82: ** 58323
[M::ha_hist_line]    83: ** 50357
[M::ha_hist_line]    84: * 43573
[M::ha_hist_line]    85: * 39325
[M::ha_hist_line]    86: * 36242
[M::ha_hist_line]    87: * 33484
[M::ha_hist_line]    88: * 31961
[M::ha_hist_line]    89: * 30231
[M::ha_hist_line]    90: * 28555
[M::ha_hist_line]    91: * 27965
[M::ha_hist_line]    92: * 27615
[M::ha_hist_line]    93: * 27073
[M::ha_hist_line]    94: * 27208
[M::ha_hist_line]    95: * 27217
[M::ha_hist_line]    96: * 26787
[M::ha_hist_line]    97: * 26891
[M::ha_hist_line]    98: * 26701
[M::ha_hist_line]    99: * 26643
[M::ha_hist_line]   100: * 26937
[M::ha_hist_line]   101: * 26565
[M::ha_hist_line]   102: * 26484
[M::ha_hist_line]   103: * 26677
[M::ha_hist_line]   104: * 26434
[M::ha_hist_line]   105: * 26964
[M::ha_hist_line]   106: * 26577
[M::ha_hist_line]   107: * 26668
[M::ha_hist_line]   108: * 26873
[M::ha_hist_line]   109: * 26156
[M::ha_hist_line]   110: * 26604
[M::ha_hist_line]   111: * 26033
[M::ha_hist_line]   112: * 25455
[M::ha_hist_line]   113: * 25047
[M::ha_hist_line]   114: * 24480
[M::ha_hist_line]   115: * 24084
[M::ha_hist_line]   116: * 23558
[M::ha_hist_line]   117: * 23370
[M::ha_hist_line]   118: * 22987
[M::ha_hist_line]   119: * 22511
[M::ha_hist_line]   120: * 21874
[M::ha_hist_line]   121: * 21468
[M::ha_hist_line]   122: * 21157
[M::ha_hist_line]   123: * 20068
[M::ha_hist_line]   124: * 19717
[M::ha_hist_line]   125: * 18733
[M::ha_hist_line]   126: * 18276
[M::ha_hist_line]   127: * 17686
[M::ha_hist_line]   128: * 16804
[M::ha_hist_line]   129: * 15933
[M::ha_hist_line]   130: * 15770
[M::ha_hist_line]  rest: ******************** 616584
[M::ha_analyze_count] left: count[26] = 1089366
[M::ha_analyze_count] right: none
[M::ha_pt_gen] peak_hom: 53; peak_het: 26
[M::ha_ct_shrink::38861.556*48.57] ==> counted 100316445 distinct minimizer k-mers
[M::ha_pt_gen::] counting in normal mode
[M::yak_count] collected 4947038291 minimizers
[M::yak_count] collected 0 minimizers
[M::yak_count] collected 0 minimizers
[M::ha_pt_gen::39392.740*48.34] ==> indexed 4320355216 positions, counted 100316445 distinct minimizer k-mers
[M::ha_print_ovlp_stat_0] # overlaps: 375042560
[M::ha_print_ovlp_stat_0] # strong overlaps: 181950624
[M::ha_print_ovlp_stat_0] # weak overlaps: 193091936
[M::ha_print_ovlp_stat_0] # exact overlaps: 219544461
[M::ha_print_ovlp_stat_0] # inexact overlaps: 155498099
[M::ha_print_ovlp_stat_0] # overlaps without large indels: 355021461
[M::ha_print_ovlp_stat_0] # reverse overlaps: 191943593
[M::ha_print_ovlp_stat_0] # running time: 3039.120
[M::ha_assemble::42443.035*49.14@277.156GB] ==> found overlaps for the final round
[M::ha_triobin_yak::43450.758*49.07] ==> partitioned reads using yak dumps
[M::ha_opt_update_cov_min] updated max_n_chain to 265
Writing reads to disk... 
Reads has been written.
Writing binning to disk ...... 
Binning has been written.
Writing ma_hit_ts to disk... 
ma_hit_ts has been written.
Writing ma_hit_ts to disk... 
ma_hit_ts has been written.
bin files have been written.
[M::gen_chemical_arc_rf] # chimeric reads: 2267578
[M::purge_dups] homozygous read coverage threshold: 52
[M::purge_dups] purge duplication coverage threshold: 66
[M::ug_ext_gfa::] # tips::153
Writing raw unitig GFA to disk... 
Writing processed unitig GFA to disk... 
[M::reduce_hamming_error_adv::1.479] # inserted edges: 21588, # fixed bubbles: 254
[M::adjust_utg_by_trio] primary contig coverage range: [44, infinity]
[M::recall_arcs] # transitive arcs::1942
[M::recall_arcs] # new arcs::145994, # old arcs::92450
[M::clean_trio_untig_graph] # adjusted arcs::0
[M::purge_dups] homozygous read coverage threshold: 52
[M::purge_dups] purge duplication coverage threshold: 66
[M::mc_solve:: # edges: 598]
[M::mc_solve_core_adv::0.067] ==> Partition
[M::adjust_utg_by_trio] primary contig coverage range: [44, infinity]
[M::recall_arcs] # transitive arcs::2138
[M::recall_arcs] # new arcs::147498, # old arcs::93396
[M::clean_trio_untig_graph] # adjusted arcs::0
[M::purge_dups] homozygous read coverage threshold: 52
[M::purge_dups] purge duplication coverage threshold: 66
[M::mc_solve:: # edges: 326]
[M::mc_solve_core_adv::0.039] ==> Partition
[M::output_trio_graph_joint] dedup_base::7692840, miss_base::4253529
Writing hg01109.ont.dip.hap1.p_ctg.gfa to disk... 
Writing hg01109.ont.dip.hap2.p_ctg.gfa to disk... 
Inconsistency threshold for low-quality regions in BED files: 70%
[M::main] Version: 0.25.0-r726
[M::main] CMD: hifiasm -o hg01109.ont -l1 -t 60 -1 yak/pat.yak -2 yak/mat.yak --ont HG01109_1.fq.gz HG01109_2.fq.gz HG01109_3.fq.gz
[M::main] Real time: 45126.597 sec; CPU: 2134656.869 sec; Peak RSS: 277.470 GB
