[M::ha_analyze_count] lowest: count[5] = 58461457
[M::ha_analyze_count] highest: count[12] = 142237451
[M::ha_hist_line]     2: ****************************************************************************************************> 2074785065
[M::ha_hist_line]     3: ****************************************************************************************************> 243001278
[M::ha_hist_line]     4: *************************************************************** 89207940
[M::ha_hist_line]     5: ***************************************** 58461457
[M::ha_hist_line]     6: ****************************************** 59444586
[M::ha_hist_line]     7: *************************************************** 72939313
[M::ha_hist_line]     8: **************************************************************** 91650700
[M::ha_hist_line]     9: ****************************************************************************** 110893676
[M::ha_hist_line]    10: ***************************************************************************************** 127167545
[M::ha_hist_line]    11: ************************************************************************************************* 137957163
[M::ha_hist_line]    12: **************************************************************************************************** 142237451
[M::ha_hist_line]    13: ************************************************************************************************** 140068862
[M::ha_hist_line]    14: ********************************************************************************************* 132412073
[M::ha_hist_line]    15: ************************************************************************************* 121035839
[M::ha_hist_line]    16: **************************************************************************** 107522155
[M::ha_hist_line]    17: ****************************************************************** 93397175
[M::ha_hist_line]    18: ******************************************************** 79874099
[M::ha_hist_line]    19: *********************************************** 67494900
[M::ha_hist_line]    20: **************************************** 56589807
[M::ha_hist_line]    21: ********************************* 47302173
[M::ha_hist_line]    22: **************************** 39450643
[M::ha_hist_line]    23: *********************** 32879415
[M::ha_hist_line]    24: ******************* 27421040
[M::ha_hist_line]    25: **************** 22861497
[M::ha_hist_line]    26: ************* 19088212
[M::ha_hist_line]    27: *********** 15908150
[M::ha_hist_line]    28: ********* 13264222
[M::ha_hist_line]    29: ******** 11070365
[M::ha_hist_line]    30: ****** 9246215
[M::ha_hist_line]    31: ***** 7742831
[M::ha_hist_line]    32: ***** 6515835
[M::ha_hist_line]    33: **** 5514576
[M::ha_hist_line]    34: *** 4675159
[M::ha_hist_line]    35: *** 3995790
[M::ha_hist_line]    36: ** 3431561
[M::ha_hist_line]    37: ** 2971606
[M::ha_hist_line]    38: ** 2584502
[M::ha_hist_line]    39: ** 2260404
[M::ha_hist_line]    40: * 1994129
[M::ha_hist_line]    41: * 1765518
[M::ha_hist_line]    42: * 1568498
[M::ha_hist_line]    43: * 1401551
[M::ha_hist_line]    44: * 1257858
[M::ha_hist_line]    45: * 1140383
[M::ha_hist_line]    46: * 1033875
[M::ha_hist_line]    47: * 948595
[M::ha_hist_line]    48: * 864411
[M::ha_hist_line]    49: * 799171
[M::ha_hist_line]    50: * 739320
[M::ha_hist_line]  rest: *************** 21226426
[M::ha_analyze_count] left: none
[M::ha_analyze_count] right: none
[M::ha_ft_gen] peak_hom: 12; peak_het: -1
[M::ha_ct_shrink::2363.649*9.73] ==> counted 16330006 distinct minimizer k-mers
[M::ha_ft_gen::2383.195*9.66@81.956GB] ==> filtered out 16330006 k-mers occurring 60 or more times
[M::ha_opt_update_cov] updated max_n_chain to 100
[M::yak_count] collected 667537892 minimizers
[M::yak_count] collected 739296086 minimizers
[M::yak_count] collected 409902404 minimizers
[M::yak_count] collected 263175260 minimizers
[M::yak_count] collected 274240284 minimizers
[M::yak_count] collected 165070399 minimizers
[M::ha_pt_gen::4561.883*8.07] ==> counted 1307634694 distinct minimizer k-mers
[M::ha_pt_gen] count[4095] = 0 (for sanity check)
[M::ha_analyze_count] lowest: count[6] = 5077157
[M::ha_analyze_count] highest: count[10] = 6006019
[M::ha_hist_line]     1: ****************************************************************************************************> 1144151989
[M::ha_hist_line]     2: ****************************************************************************************************> 53349238
[M::ha_hist_line]     3: ****************************************************************************************************> 16081816
[M::ha_hist_line]     4: ****************************************************************************************************> 8218983
[M::ha_hist_line]     5: ************************************************************************************************ 5746122
[M::ha_hist_line]     6: ************************************************************************************* 5077157
[M::ha_hist_line]     7: ************************************************************************************** 5145311
[M::ha_hist_line]     8: ******************************************************************************************* 5480480
[M::ha_hist_line]     9: ************************************************************************************************* 5818122
[M::ha_hist_line]    10: **************************************************************************************************** 6006019
[M::ha_hist_line]    11: **************************************************************************************************** 5984131
[M::ha_hist_line]    12: ************************************************************************************************ 5751851
[M::ha_hist_line]    13: ***************************************************************************************** 5350219
[M::ha_hist_line]    14: ******************************************************************************** 4834114
[M::ha_hist_line]    15: *********************************************************************** 4281111
[M::ha_hist_line]    16: ************************************************************** 3721861
[M::ha_hist_line]    17: ***************************************************** 3197712
[M::ha_hist_line]    18: ********************************************* 2731117
[M::ha_hist_line]    19: *************************************** 2318392
[M::ha_hist_line]    20: ********************************* 1971436
[M::ha_hist_line]    21: **************************** 1677809
[M::ha_hist_line]    22: ************************ 1431080
[M::ha_hist_line]    23: ******************** 1221170
[M::ha_hist_line]    24: ***************** 1045444
[M::ha_hist_line]    25: *************** 896214
[M::ha_hist_line]    26: ************* 766301
[M::ha_hist_line]    27: *********** 659149
[M::ha_hist_line]    28: ********* 565531
[M::ha_hist_line]    29: ******** 485496
[M::ha_hist_line]    30: ******* 418455
[M::ha_hist_line]    31: ****** 362222
[M::ha_hist_line]    32: ***** 313715
[M::ha_hist_line]    33: ***** 274392
[M::ha_hist_line]    34: **** 238987
[M::ha_hist_line]    35: **** 210685
[M::ha_hist_line]    36: *** 186925
[M::ha_hist_line]    37: *** 166007
[M::ha_hist_line]    38: ** 148532
[M::ha_hist_line]    39: ** 132528
[M::ha_hist_line]    40: ** 119226
[M::ha_hist_line]    41: ** 107828
[M::ha_hist_line]    42: ** 98012
[M::ha_hist_line]    43: * 88878
[M::ha_hist_line]    44: * 80721
[M::ha_hist_line]    45: * 74333
[M::ha_hist_line]    46: * 68103
[M::ha_hist_line]    47: * 63380
[M::ha_hist_line]    48: * 58071
[M::ha_hist_line]    49: * 52891
[M::ha_hist_line]    50: * 48587
[M::ha_hist_line]    51: * 45140
[M::ha_hist_line]    52: * 41663
[M::ha_hist_line]    53: * 37821
[M::ha_hist_line]    54: * 33583
[M::ha_hist_line]  rest: *** 198634
[M::ha_analyze_count] left: none
[M::ha_analyze_count] right: none
[M::ha_pt_gen] peak_hom: 10; peak_het: -1
[M::ha_ct_shrink::4564.026*8.08] ==> counted 163482705 distinct minimizer k-mers
[M::ha_pt_gen::] counting in normal mode
[M::yak_count] collected 2519222325 minimizers
[M::yak_count] collected 0 minimizers
[M::yak_count] collected 0 minimizers
[M::yak_count] collected 0 minimizers
[M::yak_count] collected 0 minimizers
[M::yak_count] collected 0 minimizers
[M::ha_pt_gen::4950.957*9.42] ==> indexed 1375070336 positions, counted 163482705 distinct minimizer k-mers
[M::pec::2548.518] # bases: 92400738486; # corrected bases: 1318338741
[M::pec::9.708] # exact o: 2284094; # non-exact o: 55448404
[M::ha_assemble::7565.162*26.52@95.746GB] ==> corrected reads for round 1
[M::ha_assemble] # bases: 92400738486; # corrected bases: 1318338741
[M::yak_count] collected 2471253440 minimizers
[M::yak_count] collected 0 minimizers
[M::yak_count] collected 0 minimizers
[M::yak_count] collected 0 minimizers
[M::yak_count] collected 0 minimizers
[M::yak_count] collected 0 minimizers
[M::ha_pt_gen::7887.625*26.63] ==> counted 839740462 distinct minimizer k-mers
[M::ha_pt_gen] count[4095] = 9 (for sanity check)
[M::ha_analyze_count] lowest: count[7] = 1055701
[M::ha_analyze_count] highest: count[18] = 4470537
[M::ha_hist_line]     1: ****************************************************************************************************> 726486710
[M::ha_hist_line]     2: ****************************************************************************************************> 23811471
[M::ha_hist_line]     3: ****************************************************************************************************> 6460895
[M::ha_hist_line]     4: ************************************************************** 2790555
[M::ha_hist_line]     5: *********************************** 1577455
[M::ha_hist_line]     6: ************************** 1146541
[M::ha_hist_line]     7: ************************ 1055701
[M::ha_hist_line]     8: ************************** 1151184
[M::ha_hist_line]     9: ******************************* 1377489
[M::ha_hist_line]    10: ************************************** 1705019
[M::ha_hist_line]    11: *********************************************** 2108686
[M::ha_hist_line]    12: ********************************************************* 2564923
[M::ha_hist_line]    13: ******************************************************************** 3042188
[M::ha_hist_line]    14: ****************************************************************************** 3496619
[M::ha_hist_line]    15: *************************************************************************************** 3898136
[M::ha_hist_line]    16: ********************************************************************************************** 4205494
[M::ha_hist_line]    17: ************************************************************************************************** 4403197
[M::ha_hist_line]    18: **************************************************************************************************** 4470537
[M::ha_hist_line]    19: *************************************************************************************************** 4423233
[M::ha_hist_line]    20: ************************************************************************************************ 4275082
[M::ha_hist_line]    21: ****************************************************************************************** 4038769
[M::ha_hist_line]    22: ************************************************************************************ 3740885
[M::ha_hist_line]    23: **************************************************************************** 3403355
[M::ha_hist_line]    24: ******************************************************************** 3052573
[M::ha_hist_line]    25: ************************************************************ 2702560
[M::ha_hist_line]    26: ***************************************************** 2370429
[M::ha_hist_line]    27: ********************************************** 2064477
[M::ha_hist_line]    28: **************************************** 1788608
[M::ha_hist_line]    29: ********************************** 1541358
[M::ha_hist_line]    30: ****************************** 1327176
[M::ha_hist_line]    31: ************************** 1142088
[M::ha_hist_line]    32: ********************** 983913
[M::ha_hist_line]    33: ******************* 843289
[M::ha_hist_line]    34: **************** 729043
[M::ha_hist_line]    35: ************** 627923
[M::ha_hist_line]    36: ************ 544841
[M::ha_hist_line]    37: *********** 473658
[M::ha_hist_line]    38: ********* 411814
[M::ha_hist_line]    39: ******** 359317
[M::ha_hist_line]    40: ******* 313883
[M::ha_hist_line]    41: ****** 275383
[M::ha_hist_line]    42: ***** 240828
[M::ha_hist_line]    43: ***** 212874
[M::ha_hist_line]    44: **** 186020
[M::ha_hist_line]    45: **** 165544
[M::ha_hist_line]    46: *** 146454
[M::ha_hist_line]    47: *** 130359
[M::ha_hist_line]    48: *** 115991
[M::ha_hist_line]    49: ** 104041
[M::ha_hist_line]    50: ** 93922
[M::ha_hist_line]    51: ** 84820
[M::ha_hist_line]    52: ** 76913
[M::ha_hist_line]    53: ** 70527
[M::ha_hist_line]    54: * 64341
[M::ha_hist_line]    55: * 58440
[M::ha_hist_line]    56: * 54390
[M::ha_hist_line]    57: * 49837
[M::ha_hist_line]    58: * 46143
[M::ha_hist_line]    59: * 42579
[M::ha_hist_line]    60: * 39594
[M::ha_hist_line]    61: * 35892
[M::ha_hist_line]    62: * 32756
[M::ha_hist_line]    63: * 30051
[M::ha_hist_line]    64: * 27320
[M::ha_hist_line]    65: * 25013
[M::ha_hist_line]    66: * 23590
[M::ha_hist_line]  rest: ********* 395766
[M::ha_analyze_count] left: none
[M::ha_analyze_count] right: none
[M::ha_pt_gen] peak_hom: 18; peak_het: -1
[M::ha_ct_shrink::7889.575*26.63] ==> counted 113253743 distinct minimizer k-mers
[M::ha_pt_gen::] counting in normal mode
[M::yak_count] collected 2471253440 minimizers
[M::yak_count] collected 0 minimizers
[M::yak_count] collected 0 minimizers
[M::yak_count] collected 0 minimizers
[M::yak_count] collected 0 minimizers
[M::yak_count] collected 0 minimizers
[M::ha_pt_gen::8280.106*26.55] ==> indexed 1744728889 positions, counted 113253743 distinct minimizer k-mers
[M::pec::2627.463] # bases: 92560901255; # corrected bases: 996946220
[M::pec::16.379] # exact o: 40983100; # non-exact o: 90701917
[M::ha_assemble::10962.304*34.57@112.295GB] ==> corrected reads for round 2
[M::ha_assemble] # bases: 92560901255; # corrected bases: 996946220
[M::yak_count] collected 2461819699 minimizers
[M::yak_count] collected 0 minimizers
[M::yak_count] collected 0 minimizers
[M::yak_count] collected 0 minimizers
[M::yak_count] collected 0 minimizers
[M::yak_count] collected 0 minimizers
[M::ha_pt_gen::11293.230*34.39] ==> counted 497105044 distinct minimizer k-mers
[M::ha_pt_gen] count[4095] = 16 (for sanity check)
[M::ha_analyze_count] lowest: count[8] = 333778
[M::ha_analyze_count] highest: count[23] = 4390137
[M::ha_hist_line]     1: ****************************************************************************************************> 407948489
[M::ha_hist_line]     2: ****************************************************************************************************> 8031122
[M::ha_hist_line]     3: ********************************************** 2008132
[M::ha_hist_line]     4: ******************** 899551
[M::ha_hist_line]     5: ************* 549231
[M::ha_hist_line]     6: ********* 412447
[M::ha_hist_line]     7: ******** 351981
[M::ha_hist_line]     8: ******** 333778
[M::ha_hist_line]     9: ******** 356058
[M::ha_hist_line]    10: ********* 415211
[M::ha_hist_line]    11: ************ 525514
[M::ha_hist_line]    12: **************** 690099
[M::ha_hist_line]    13: ********************* 925015
[M::ha_hist_line]    14: **************************** 1237528
[M::ha_hist_line]    15: ************************************* 1618982
[M::ha_hist_line]    16: *********************************************** 2056594
[M::ha_hist_line]    17: ********************************************************** 2535634
[M::ha_hist_line]    18: ********************************************************************* 3022040
[M::ha_hist_line]    19: ******************************************************************************* 3472585
[M::ha_hist_line]    20: **************************************************************************************** 3866699
[M::ha_hist_line]    21: *********************************************************************************************** 4162259
[M::ha_hist_line]    22: *************************************************************************************************** 4334776
[M::ha_hist_line]    23: **************************************************************************************************** 4390137
[M::ha_hist_line]    24: *************************************************************************************************** 4344994
[M::ha_hist_line]    25: *********************************************************************************************** 4186362
[M::ha_hist_line]    26: ***************************************************************************************** 3926760
[M::ha_hist_line]    27: ********************************************************************************** 3619095
[M::ha_hist_line]    28: *************************************************************************** 3280686
[M::ha_hist_line]    29: ******************************************************************* 2924382
[M::ha_hist_line]    30: *********************************************************** 2578085
[M::ha_hist_line]    31: *************************************************** 2257689
[M::ha_hist_line]    32: ********************************************* 1960820
[M::ha_hist_line]    33: *************************************** 1693815
[M::ha_hist_line]    34: ********************************* 1458323
[M::ha_hist_line]    35: ***************************** 1257472
[M::ha_hist_line]    36: ************************* 1087728
[M::ha_hist_line]    37: ********************* 939899
[M::ha_hist_line]    38: ******************* 819501
[M::ha_hist_line]    39: **************** 717043
[M::ha_hist_line]    40: ************** 629672
[M::ha_hist_line]    41: ************* 554473
[M::ha_hist_line]    42: *********** 491222
[M::ha_hist_line]    43: ********** 431516
[M::ha_hist_line]    44: ********* 379676
[M::ha_hist_line]    45: ******** 335183
[M::ha_hist_line]    46: ******* 298144
[M::ha_hist_line]    47: ****** 264902
[M::ha_hist_line]    48: ***** 234589
[M::ha_hist_line]    49: ***** 207345
[M::ha_hist_line]    50: **** 184471
[M::ha_hist_line]    51: **** 162790
[M::ha_hist_line]    52: *** 142947
[M::ha_hist_line]    53: *** 127392
[M::ha_hist_line]    54: *** 110749
[M::ha_hist_line]    55: ** 97856
[M::ha_hist_line]    56: ** 86383
[M::ha_hist_line]    57: ** 77175
[M::ha_hist_line]    58: ** 68446
[M::ha_hist_line]    59: * 61764
[M::ha_hist_line]    60: * 56419
[M::ha_hist_line]    61: * 51071
[M::ha_hist_line]    62: * 46315
[M::ha_hist_line]    63: * 42535
[M::ha_hist_line]    64: * 39081
[M::ha_hist_line]    65: * 35405
[M::ha_hist_line]    66: * 32942
[M::ha_hist_line]    67: * 30089
[M::ha_hist_line]    68: * 28286
[M::ha_hist_line]    69: * 26088
[M::ha_hist_line]    70: * 24414
[M::ha_hist_line]    71: * 23028
[M::ha_hist_line]  rest: ************ 526160
[M::ha_analyze_count] left: none
[M::ha_analyze_count] right: none
[M::ha_pt_gen] peak_hom: 23; peak_het: -1
[M::ha_ct_shrink::11294.769*34.39] ==> counted 89156539 distinct minimizer k-mers
[M::ha_pt_gen::] counting in normal mode
[M::yak_count] collected 2461819699 minimizers
[M::yak_count] collected 0 minimizers
[M::yak_count] collected 0 minimizers
[M::yak_count] collected 0 minimizers
[M::yak_count] collected 0 minimizers
[M::yak_count] collected 0 minimizers
[M::ha_pt_gen::11681.841*34.10] ==> indexed 2053790806 positions, counted 89156539 distinct minimizer k-mers
[M::pec::2335.276] # bases: 92702235541; # corrected bases: 253755710
[M::pec::17.366] # exact o: 107523142; # non-exact o: 64429558
[M::ha_assemble::14045.032*38.40@122.761GB] ==> corrected reads for round 3
[M::ha_assemble] # bases: 92702235541; # corrected bases: 253755710
[M::yak_count] collected 2457978773 minimizers
[M::yak_count] collected 0 minimizers
[M::yak_count] collected 0 minimizers
[M::yak_count] collected 0 minimizers
[M::yak_count] collected 0 minimizers
[M::yak_count] collected 0 minimizers
[M::ha_pt_gen::14379.342*38.16] ==> counted 419647133 distinct minimizer k-mers
[M::ha_pt_gen] count[4095] = 7 (for sanity check)
[M::ha_analyze_count] lowest: count[8] = 225575
[M::ha_analyze_count] highest: count[24] = 4409950
[M::ha_hist_line]     1: ****************************************************************************************************> 334459520
[M::ha_hist_line]     2: ****************************************************************************************************> 5421784
[M::ha_hist_line]     3: ****************************** 1329533
[M::ha_hist_line]     4: ************** 617295
[M::ha_hist_line]     5: ********* 387597
[M::ha_hist_line]     6: ******* 290983
[M::ha_hist_line]     7: ****** 245332
[M::ha_hist_line]     8: ***** 225575
[M::ha_hist_line]     9: ***** 233059
[M::ha_hist_line]    10: ****** 266619
[M::ha_hist_line]    11: ******** 338602
[M::ha_hist_line]    12: ********** 459890
[M::ha_hist_line]    13: *************** 641440
[M::ha_hist_line]    14: ******************** 897935
[M::ha_hist_line]    15: **************************** 1229599
[M::ha_hist_line]    16: ************************************* 1631070
[M::ha_hist_line]    17: *********************************************** 2088402
[M::ha_hist_line]    18: *********************************************************** 2582949
[M::ha_hist_line]    19: ********************************************************************** 3079837
[M::ha_hist_line]    20: ******************************************************************************** 3544230
[M::ha_hist_line]    21: ***************************************************************************************** 3931045
[M::ha_hist_line]    22: *********************************************************************************************** 4199797
[M::ha_hist_line]    23: *************************************************************************************************** 4361964
[M::ha_hist_line]    24: **************************************************************************************************** 4409950
[M::ha_hist_line]    25: *************************************************************************************************** 4346959
[M::ha_hist_line]    26: ********************************************************************************************** 4162912
[M::ha_hist_line]    27: ***************************************************************************************** 3910177
[M::ha_hist_line]    28: ********************************************************************************* 3582342
[M::ha_hist_line]    29: ************************************************************************** 3241946
[M::ha_hist_line]    30: ***************************************************************** 2887471
[M::ha_hist_line]    31: ********************************************************** 2545908
[M::ha_hist_line]    32: *************************************************** 2233722
[M::ha_hist_line]    33: ******************************************** 1935448
[M::ha_hist_line]    34: ************************************** 1672223
[M::ha_hist_line]    35: ********************************* 1443487
[M::ha_hist_line]    36: **************************** 1249236
[M::ha_hist_line]    37: ************************ 1078222
[M::ha_hist_line]    38: ********************* 936694
[M::ha_hist_line]    39: ******************* 816135
[M::ha_hist_line]    40: **************** 717019
[M::ha_hist_line]    41: ************** 629717
[M::ha_hist_line]    42: ************* 557894
[M::ha_hist_line]    43: *********** 492059
[M::ha_hist_line]    44: ********** 437281
[M::ha_hist_line]    45: ********* 387130
[M::ha_hist_line]    46: ******** 343101
[M::ha_hist_line]    47: ******* 304884
[M::ha_hist_line]    48: ****** 271777
[M::ha_hist_line]    49: ***** 239439
[M::ha_hist_line]    50: ***** 211740
[M::ha_hist_line]    51: **** 188205
[M::ha_hist_line]    52: **** 167543
[M::ha_hist_line]    53: *** 147740
[M::ha_hist_line]    54: *** 130163
[M::ha_hist_line]    55: *** 114580
[M::ha_hist_line]    56: ** 100778
[M::ha_hist_line]    57: ** 87853
[M::ha_hist_line]    58: ** 78255
[M::ha_hist_line]    59: ** 69129
[M::ha_hist_line]    60: * 62843
[M::ha_hist_line]    61: * 56320
[M::ha_hist_line]    62: * 51059
[M::ha_hist_line]    63: * 45931
[M::ha_hist_line]    64: * 41902
[M::ha_hist_line]    65: * 38982
[M::ha_hist_line]    66: * 35967
[M::ha_hist_line]    67: * 32427
[M::ha_hist_line]    68: * 30255
[M::ha_hist_line]    69: * 28110
[M::ha_hist_line]    70: * 26128
[M::ha_hist_line]    71: * 24295
[M::ha_hist_line]    72: * 22919
[M::ha_hist_line]  rest: ************* 556819
[M::ha_analyze_count] left: none
[M::ha_analyze_count] right: none
[M::ha_pt_gen] peak_hom: 24; peak_het: -1
[M::ha_ct_shrink::14380.745*38.16] ==> counted 85187606 distinct minimizer k-mers
[M::ha_pt_gen::] counting in normal mode
[M::yak_count] collected 2457978773 minimizers
[M::yak_count] collected 0 minimizers
[M::yak_count] collected 0 minimizers
[M::yak_count] collected 0 minimizers
[M::yak_count] collected 0 minimizers
[M::yak_count] collected 0 minimizers
[M::ha_pt_gen::14758.198*37.85] ==> indexed 2123481198 positions, counted 85187606 distinct minimizer k-mers
[M::ha_print_ovlp_stat_0] # overlaps: 162998344
[M::ha_print_ovlp_stat_0] # strong overlaps: 23049854
[M::ha_print_ovlp_stat_0] # weak overlaps: 139948490
[M::ha_print_ovlp_stat_0] # exact overlaps: 108011612
[M::ha_print_ovlp_stat_0] # inexact overlaps: 54986732
[M::ha_print_ovlp_stat_0] # overlaps without large indels: 153934225
[M::ha_print_ovlp_stat_0] # reverse overlaps: 19578092
[M::ha_print_ovlp_stat_0] # running time: 679.836
[M::ha_assemble::15450.363*38.78@131.584GB] ==> found overlaps for the final round
[M::ha_opt_update_cov_min] updated max_n_chain to 120
Writing reads to disk... 
Reads has been written.
Writing ma_hit_ts to disk... 
ma_hit_ts has been written.
Writing ma_hit_ts to disk... 
ma_hit_ts has been written.
bin files have been written.
[M::gen_chemical_arc_rf] # chimeric reads: 1305925
[M::purge_dups] homozygous read coverage threshold: 24
[M::purge_dups] purge duplication coverage threshold: 30
[M::ug_ext_gfa::] # tips::360
Writing raw unitig GFA to disk... 
Writing processed unitig GFA to disk... 
[M::purge_dups] homozygous read coverage threshold: 24
[M::purge_dups] purge duplication coverage threshold: 30
[M::mc_solve:: # edges: 1500]
[M::mc_solve_core_adv::0.256] ==> Partition
[M::adjust_utg_by_primary] primary contig coverage range: [20, infinity]
Writing hapB.ont.bp.p_ctg.gfa to disk... 
[M::reduce_hamming_error_adv::0.415] # inserted edges: 716, # fixed bubbles: 54
[M::adjust_utg_by_trio] primary contig coverage range: [20, infinity]
[M::recall_arcs] # transitive arcs::1424
[M::recall_arcs] # new arcs::49208, # old arcs::26876
[M::clean_trio_untig_graph] # adjusted arcs::0
[M::adjust_utg_by_trio] primary contig coverage range: [20, infinity]
[M::recall_arcs] # transitive arcs::1696
[M::recall_arcs] # new arcs::50004, # old arcs::27402
[M::clean_trio_untig_graph] # adjusted arcs::0
[M::output_trio_graph_joint] dedup_base::45037996, miss_base::0
Writing hapB.ont.bp.hap1.p_ctg.gfa to disk... 
Writing hapB.ont.bp.hap2.p_ctg.gfa to disk... 
Inconsistency threshold for low-quality regions in BED files: 70%
[M::main] Version: 0.25.0-r726
[M::main] CMD: hifiasm -o hapB.ont --ont -t 60 HG01243_1.hapB.fq.gz HG01243_2.hapB.fq.gz HG01243_3.hapB.fq.gz HG01243_1.hapU.fq.gz HG01243_2.hapU.fq.gz HG01243_3.hapU.fq.gz
[M::main] Real time: 16188.307 sec; CPU: 600163.263 sec; Peak RSS: 131.584 GB
