[M::ha_analyze_count] lowest: count[19] = 430804
[M::ha_analyze_count] highest: count[83] = 59621766
[M::ha_hist_line]     2: ****************************************************************************************************> 1229280109
[M::ha_hist_line]     3: ****************************************************************************************************> 134593804
[M::ha_hist_line]     4: ********************************************************************** 41991644
[M::ha_hist_line]     5: ******************************* 18338337
[M::ha_hist_line]     6: **************** 9717578
[M::ha_hist_line]     7: ********** 5863754
[M::ha_hist_line]     8: ****** 3867319
[M::ha_hist_line]     9: ***** 2719126
[M::ha_hist_line]    10: *** 2002666
[M::ha_hist_line]    11: *** 1525456
[M::ha_hist_line]    12: ** 1191603
[M::ha_hist_line]    13: ** 955035
[M::ha_hist_line]    14: * 777155
[M::ha_hist_line]    15: * 648144
[M::ha_hist_line]    16: * 553475
[M::ha_hist_line]    17: * 486470
[M::ha_hist_line]    18: * 445508
[M::ha_hist_line]    19: * 430804
[M::ha_hist_line]    20: * 450446
[M::ha_hist_line]    21: * 504792
[M::ha_hist_line]    22: * 607906
[M::ha_hist_line]    23: * 772286
[M::ha_hist_line]    24: ** 1021137
[M::ha_hist_line]    25: ** 1374922
[M::ha_hist_line]    26: *** 1818182
[M::ha_hist_line]    27: **** 2392903
[M::ha_hist_line]    28: ***** 3114881
[M::ha_hist_line]    29: ******* 3999253
[M::ha_hist_line]    30: ******** 5016537
[M::ha_hist_line]    31: ********** 6172471
[M::ha_hist_line]    32: ************* 7460334
[M::ha_hist_line]    33: *************** 8789155
[M::ha_hist_line]    34: ***************** 10150599
[M::ha_hist_line]    35: ******************* 11485601
[M::ha_hist_line]    36: ********************* 12720233
[M::ha_hist_line]    37: *********************** 13830444
[M::ha_hist_line]    38: ************************* 14797431
[M::ha_hist_line]    39: ************************** 15504396
[M::ha_hist_line]    40: *************************** 15973840
[M::ha_hist_line]    41: *************************** 16166408
[M::ha_hist_line]    42: *************************** 16091657
[M::ha_hist_line]    43: ************************** 15766508
[M::ha_hist_line]    44: ************************* 15203406
[M::ha_hist_line]    45: ************************ 14471573
[M::ha_hist_line]    46: *********************** 13571605
[M::ha_hist_line]    47: ********************* 12561510
[M::ha_hist_line]    48: ******************* 11502986
[M::ha_hist_line]    49: ***************** 10427347
[M::ha_hist_line]    50: **************** 9363688
[M::ha_hist_line]    51: ************** 8401714
[M::ha_hist_line]    52: ************* 7567529
[M::ha_hist_line]    53: ************ 6880088
[M::ha_hist_line]    54: *********** 6359874
[M::ha_hist_line]    55: ********** 6021879
[M::ha_hist_line]    56: ********** 5880802
[M::ha_hist_line]    57: ********** 5981482
[M::ha_hist_line]    58: *********** 6310969
[M::ha_hist_line]    59: ************ 6914700
[M::ha_hist_line]    60: ************* 7756554
[M::ha_hist_line]    61: *************** 8854251
[M::ha_hist_line]    62: ***************** 10201526
[M::ha_hist_line]    63: ******************** 11833825
[M::ha_hist_line]    64: *********************** 13731245
[M::ha_hist_line]    65: *************************** 15906795
[M::ha_hist_line]    66: ******************************* 18307204
[M::ha_hist_line]    67: *********************************** 20917800
[M::ha_hist_line]    68: **************************************** 23759479
[M::ha_hist_line]    69: ********************************************* 26780574
[M::ha_hist_line]    70: ************************************************** 29954031
[M::ha_hist_line]    71: ******************************************************** 33218357
[M::ha_hist_line]    72: ************************************************************* 36496728
[M::ha_hist_line]    73: ******************************************************************* 39783674
[M::ha_hist_line]    74: ************************************************************************ 43048670
[M::ha_hist_line]    75: ***************************************************************************** 46154477
[M::ha_hist_line]    76: ********************************************************************************** 49055829
[M::ha_hist_line]    77: *************************************************************************************** 51701735
[M::ha_hist_line]    78: ******************************************************************************************* 54028560
[M::ha_hist_line]    79: ********************************************************************************************** 56008893
[M::ha_hist_line]    80: ************************************************************************************************* 57601435
[M::ha_hist_line]    81: *************************************************************************************************** 58765796
[M::ha_hist_line]    82: **************************************************************************************************** 59424229
[M::ha_hist_line]    83: **************************************************************************************************** 59621766
[M::ha_hist_line]    84: *************************************************************************************************** 59283160
[M::ha_hist_line]    85: ************************************************************************************************** 58497806
[M::ha_hist_line]    86: ************************************************************************************************ 57267170
[M::ha_hist_line]    87: ********************************************************************************************* 55656798
[M::ha_hist_line]    88: ****************************************************************************************** 53690184
[M::ha_hist_line]    89: ************************************************************************************** 51421287
[M::ha_hist_line]    90: ********************************************************************************** 48840974
[M::ha_hist_line]    91: ***************************************************************************** 46096888
[M::ha_hist_line]    92: ************************************************************************ 43184869
[M::ha_hist_line]    93: ******************************************************************* 40205742
[M::ha_hist_line]    94: ************************************************************** 37119898
[M::ha_hist_line]    95: ********************************************************* 34041172
[M::ha_hist_line]    96: **************************************************** 31041428
[M::ha_hist_line]    97: *********************************************** 28086551
[M::ha_hist_line]    98: ****************************************** 25222761
[M::ha_hist_line]    99: ************************************** 22570255
[M::ha_hist_line]   100: ********************************** 20031220
[M::ha_hist_line]   101: ****************************** 17683854
[M::ha_hist_line]   102: ************************** 15511823
[M::ha_hist_line]   103: *********************** 13516780
[M::ha_hist_line]   104: ******************** 11710804
[M::ha_hist_line]   105: ***************** 10085720
[M::ha_hist_line]   106: ************** 8627787
[M::ha_hist_line]   107: ************ 7355908
[M::ha_hist_line]   108: ********** 6237555
[M::ha_hist_line]   109: ********* 5259897
[M::ha_hist_line]   110: ******* 4426996
[M::ha_hist_line]   111: ****** 3702369
[M::ha_hist_line]   112: ***** 3086495
[M::ha_hist_line]   113: **** 2588342
[M::ha_hist_line]   114: **** 2160463
[M::ha_hist_line]   115: *** 1800268
[M::ha_hist_line]   116: *** 1499098
[M::ha_hist_line]   117: ** 1254652
[M::ha_hist_line]   118: ** 1052580
[M::ha_hist_line]   119: * 889977
[M::ha_hist_line]   120: * 758879
[M::ha_hist_line]   121: * 652116
[M::ha_hist_line]   122: * 566490
[M::ha_hist_line]   123: * 495310
[M::ha_hist_line]   124: * 441104
[M::ha_hist_line]   125: * 398359
[M::ha_hist_line]   126: * 366154
[M::ha_hist_line]   127: * 341760
[M::ha_hist_line]   128: * 321194
[M::ha_hist_line]   129: * 307700
[M::ha_hist_line]  rest: ******************************************************************** 40280581
[M::ha_analyze_count] left: count[41] = 16166408
[M::ha_analyze_count] right: none
[M::ha_ft_gen] peak_hom: 83; peak_het: 41
[M::ha_ct_shrink::12593.871*4.86] ==> counted 6688433 distinct minimizer k-mers
[M::ha_ft_gen::12603.054*4.86@82.957GB] ==> filtered out 6688433 k-mers occurring 415 or more times
[M::ha_opt_update_cov] updated max_n_chain to 415
[M::yak_count] collected 4063917207 minimizers
[M::yak_count] collected 3726872061 minimizers
[M::ha_pt_gen::25649.233*4.94] ==> counted 1095755093 distinct minimizer k-mers
[M::ha_pt_gen] count[4095] = 0 (for sanity check)
[M::ha_analyze_count] lowest: count[20] = 48056
[M::ha_analyze_count] highest: count[82] = 2324537
[M::ha_hist_line]     1: ****************************************************************************************************> 950694151
[M::ha_hist_line]     2: ****************************************************************************************************> 37279288
[M::ha_hist_line]     3: ****************************************************************************************************> 10898080
[M::ha_hist_line]     4: ****************************************************************************************************> 4991141
[M::ha_hist_line]     5: ****************************************************************************************************> 2684167
[M::ha_hist_line]     6: ******************************************************************* 1559097
[M::ha_hist_line]     7: ***************************************** 953064
[M::ha_hist_line]     8: ************************** 606131
[M::ha_hist_line]     9: ***************** 400015
[M::ha_hist_line]    10: ************ 275444
[M::ha_hist_line]    11: ******** 197596
[M::ha_hist_line]    12: ****** 147649
[M::ha_hist_line]    13: ***** 114334
[M::ha_hist_line]    14: **** 91324
[M::ha_hist_line]    15: *** 75699
[M::ha_hist_line]    16: *** 63894
[M::ha_hist_line]    17: ** 57280
[M::ha_hist_line]    18: ** 51689
[M::ha_hist_line]    19: ** 48506
[M::ha_hist_line]    20: ** 48056
[M::ha_hist_line]    21: ** 49394
[M::ha_hist_line]    22: ** 53672
[M::ha_hist_line]    23: *** 62207
[M::ha_hist_line]    24: *** 75551
[M::ha_hist_line]    25: **** 92198
[M::ha_hist_line]    26: ***** 115073
[M::ha_hist_line]    27: ****** 144516
[M::ha_hist_line]    28: ******** 181369
[M::ha_hist_line]    29: ********** 225459
[M::ha_hist_line]    30: ************ 274696
[M::ha_hist_line]    31: ************** 330027
[M::ha_hist_line]    32: ***************** 390508
[M::ha_hist_line]    33: ******************* 451437
[M::ha_hist_line]    34: ********************** 511789
[M::ha_hist_line]    35: ************************* 571901
[M::ha_hist_line]    36: *************************** 623969
[M::ha_hist_line]    37: ***************************** 671014
[M::ha_hist_line]    38: ****************************** 708506
[M::ha_hist_line]    39: ******************************** 735462
[M::ha_hist_line]    40: ******************************** 750999
[M::ha_hist_line]    41: ******************************** 752435
[M::ha_hist_line]    42: ******************************** 744017
[M::ha_hist_line]    43: ******************************* 723078
[M::ha_hist_line]    44: ****************************** 692952
[M::ha_hist_line]    45: **************************** 657202
[M::ha_hist_line]    46: ************************** 613755
[M::ha_hist_line]    47: ************************ 566811
[M::ha_hist_line]    48: ********************** 518337
[M::ha_hist_line]    49: ******************** 472218
[M::ha_hist_line]    50: ****************** 427048
[M::ha_hist_line]    51: ***************** 386037
[M::ha_hist_line]    52: *************** 352652
[M::ha_hist_line]    53: ************** 327071
[M::ha_hist_line]    54: ************* 307598
[M::ha_hist_line]    55: ************* 298147
[M::ha_hist_line]    56: ************* 297047
[M::ha_hist_line]    57: ************* 307915
[M::ha_hist_line]    58: ************** 327970
[M::ha_hist_line]    59: **************** 360499
[M::ha_hist_line]    60: ***************** 402613
[M::ha_hist_line]    61: ******************** 455508
[M::ha_hist_line]    62: ********************** 520514
[M::ha_hist_line]    63: ************************** 594310
[M::ha_hist_line]    64: ***************************** 681038
[M::ha_hist_line]    65: ********************************* 777516
[M::ha_hist_line]    66: ************************************** 880085
[M::ha_hist_line]    67: ******************************************* 991578
[M::ha_hist_line]    68: ************************************************ 1110647
[M::ha_hist_line]    69: ***************************************************** 1233395
[M::ha_hist_line]    70: ********************************************************** 1359312
[M::ha_hist_line]    71: **************************************************************** 1484280
[M::ha_hist_line]    72: ********************************************************************* 1612663
[M::ha_hist_line]    73: *************************************************************************** 1733841
[M::ha_hist_line]    74: ******************************************************************************** 1850858
[M::ha_hist_line]    75: ************************************************************************************ 1957867
[M::ha_hist_line]    76: **************************************************************************************** 2054014
[M::ha_hist_line]    77: ******************************************************************************************** 2140213
[M::ha_hist_line]    78: *********************************************************************************************** 2209704
[M::ha_hist_line]    79: ************************************************************************************************* 2263582
[M::ha_hist_line]    80: *************************************************************************************************** 2304927
[M::ha_hist_line]    81: **************************************************************************************************** 2320648
[M::ha_hist_line]    82: **************************************************************************************************** 2324537
[M::ha_hist_line]    83: *************************************************************************************************** 2309184
[M::ha_hist_line]    84: ************************************************************************************************** 2270885
[M::ha_hist_line]    85: *********************************************************************************************** 2218565
[M::ha_hist_line]    86: ********************************************************************************************* 2158497
[M::ha_hist_line]    87: ***************************************************************************************** 2076847
[M::ha_hist_line]    88: ************************************************************************************* 1985771
[M::ha_hist_line]    89: ********************************************************************************* 1886035
[M::ha_hist_line]    90: ***************************************************************************** 1782872
[M::ha_hist_line]    91: ************************************************************************ 1669903
[M::ha_hist_line]    92: ******************************************************************* 1552285
[M::ha_hist_line]    93: ************************************************************** 1436714
[M::ha_hist_line]    94: ********************************************************* 1320042
[M::ha_hist_line]    95: **************************************************** 1204948
[M::ha_hist_line]    96: *********************************************** 1092634
[M::ha_hist_line]    97: ****************************************** 986104
[M::ha_hist_line]    98: ************************************** 883780
[M::ha_hist_line]    99: ********************************** 787677
[M::ha_hist_line]   100: ****************************** 697896
[M::ha_hist_line]   101: ************************** 615678
[M::ha_hist_line]   102: *********************** 539125
[M::ha_hist_line]   103: ******************** 470635
[M::ha_hist_line]   104: ****************** 407273
[M::ha_hist_line]   105: *************** 351932
[M::ha_hist_line]   106: ************* 302286
[M::ha_hist_line]   107: *********** 259840
[M::ha_hist_line]   108: ********** 221218
[M::ha_hist_line]   109: ******** 188134
[M::ha_hist_line]   110: ******* 159753
[M::ha_hist_line]   111: ****** 134525
[M::ha_hist_line]   112: ***** 114461
[M::ha_hist_line]   113: **** 98013
[M::ha_hist_line]   114: **** 83626
[M::ha_hist_line]   115: *** 71743
[M::ha_hist_line]   116: *** 61306
[M::ha_hist_line]   117: ** 53008
[M::ha_hist_line]   118: ** 46125
[M::ha_hist_line]   119: ** 40654
[M::ha_hist_line]   120: ** 36114
[M::ha_hist_line]   121: * 32572
[M::ha_hist_line]   122: * 29834
[M::ha_hist_line]   123: * 26892
[M::ha_hist_line]   124: * 25426
[M::ha_hist_line]   125: * 24177
[M::ha_hist_line]   126: * 23028
[M::ha_hist_line]   127: * 21987
[M::ha_hist_line]   128: * 21347
[M::ha_hist_line]   129: * 21025
[M::ha_hist_line]   130: * 20717
[M::ha_hist_line]   131: * 19935
[M::ha_hist_line]   132: * 19427
[M::ha_hist_line]   133: * 19924
[M::ha_hist_line]   134: * 19492
[M::ha_hist_line]   135: * 19623
[M::ha_hist_line]   136: * 19350
[M::ha_hist_line]   137: * 19512
[M::ha_hist_line]   138: * 19437
[M::ha_hist_line]   139: * 19201
[M::ha_hist_line]   140: * 19567
[M::ha_hist_line]   141: * 19377
[M::ha_hist_line]   142: * 19418
[M::ha_hist_line]   143: * 19104
[M::ha_hist_line]   144: * 19219
[M::ha_hist_line]   145: * 19178
[M::ha_hist_line]   146: * 19172
[M::ha_hist_line]   147: * 19197
[M::ha_hist_line]   148: * 19598
[M::ha_hist_line]   149: * 19490
[M::ha_hist_line]   150: * 19323
[M::ha_hist_line]   151: * 19091
[M::ha_hist_line]   152: * 19061
[M::ha_hist_line]   153: * 19123
[M::ha_hist_line]   154: * 19315
[M::ha_hist_line]   155: * 19293
[M::ha_hist_line]   156: * 19338
[M::ha_hist_line]   157: * 19124
[M::ha_hist_line]   158: * 19124
[M::ha_hist_line]   159: * 19269
[M::ha_hist_line]   160: * 19337
[M::ha_hist_line]   161: * 19405
[M::ha_hist_line]   162: * 19257
[M::ha_hist_line]   163: * 19481
[M::ha_hist_line]   164: * 19508
[M::ha_hist_line]   165: * 19361
[M::ha_hist_line]   166: * 19689
[M::ha_hist_line]   167: * 19314
[M::ha_hist_line]   168: * 19511
[M::ha_hist_line]   169: * 19699
[M::ha_hist_line]   170: * 19550
[M::ha_hist_line]   171: * 19194
[M::ha_hist_line]   172: * 19482
[M::ha_hist_line]   173: * 19194
[M::ha_hist_line]   174: * 19385
[M::ha_hist_line]   175: * 19509
[M::ha_hist_line]   176: * 19067
[M::ha_hist_line]   177: * 19104
[M::ha_hist_line]   178: * 19092
[M::ha_hist_line]   179: * 18834
[M::ha_hist_line]   180: * 18734
[M::ha_hist_line]   181: * 18638
[M::ha_hist_line]   182: * 18386
[M::ha_hist_line]   183: * 18167
[M::ha_hist_line]   184: * 17782
[M::ha_hist_line]   185: * 17932
[M::ha_hist_line]   186: * 17477
[M::ha_hist_line]   187: * 17417
[M::ha_hist_line]   188: * 16808
[M::ha_hist_line]   189: * 16176
[M::ha_hist_line]   190: * 16354
[M::ha_hist_line]   191: * 15961
[M::ha_hist_line]   192: * 15430
[M::ha_hist_line]   193: * 15461
[M::ha_hist_line]   194: * 14919
[M::ha_hist_line]   195: * 14614
[M::ha_hist_line]   196: * 14341
[M::ha_hist_line]   197: * 13837
[M::ha_hist_line]   198: * 13297
[M::ha_hist_line]   199: * 12948
[M::ha_hist_line]   200: * 12511
[M::ha_hist_line]   201: * 12404
[M::ha_hist_line]   202: * 11931
[M::ha_hist_line]   203: * 11738
[M::ha_hist_line]  rest: ***************************************** 957691
[M::ha_analyze_count] left: count[41] = 752435
[M::ha_analyze_count] right: none
[M::ha_pt_gen] peak_hom: 82; peak_het: 41
[M::ha_ct_shrink::25654.239*4.94] ==> counted 145060942 distinct minimizer k-mers
[M::ha_pt_gen::] counting in normal mode
[M::yak_count] collected 7790789268 minimizers
[M::yak_count] collected 0 minimizers
[M::ha_pt_gen::27764.045*6.26] ==> indexed 6840095117 positions, counted 145060942 distinct minimizer k-mers
[M::pec::83355.842] # bases: 290822973221; # corrected bases: 1671848684
[M::pec::123.220] # exact o: 811899708; # non-exact o: 490644956
[M::ha_assemble::111527.863*31.32@360.123GB] ==> corrected reads for round 1
[M::ha_assemble] # bases: 290822973221; # corrected bases: 1671848684
[M::yak_count] collected 7751619230 minimizers
[M::yak_count] collected 0 minimizers
[M::ha_pt_gen::112773.275*31.25] ==> counted 479002683 distinct minimizer k-mers
[M::ha_pt_gen] count[4095] = 0 (for sanity check)
[M::ha_analyze_count] lowest: count[18] = 12899
[M::ha_analyze_count] highest: count[91] = 2374578
[M::ha_hist_line]     1: ****************************************************************************************************> 389773626
[M::ha_hist_line]     2: ****************************************************************************************************> 3441266
[M::ha_hist_line]     3: ******************************* 733048
[M::ha_hist_line]     4: ************ 285909
[M::ha_hist_line]     5: ****** 149393
[M::ha_hist_line]     6: **** 92432
[M::ha_hist_line]     7: *** 63327
[M::ha_hist_line]     8: ** 45645
[M::ha_hist_line]     9: * 35160
[M::ha_hist_line]    10: * 28331
[M::ha_hist_line]    11: * 23424
[M::ha_hist_line]    12: * 19683
[M::ha_hist_line]    13: * 16972
[M::ha_hist_line]    14: * 15207
[M::ha_hist_line]    15: * 13760
[M::ha_hist_line]    16: * 13407
[M::ha_hist_line]    17: * 12951
[M::ha_hist_line]    18: * 12899
[M::ha_hist_line]    19: * 13131
[M::ha_hist_line]    20: * 13924
[M::ha_hist_line]    21: * 14842
[M::ha_hist_line]    22: * 16308
[M::ha_hist_line]    23: * 18195
[M::ha_hist_line]    24: * 20902
[M::ha_hist_line]    25: * 25690
[M::ha_hist_line]    26: * 33286
[M::ha_hist_line]    27: ** 42683
[M::ha_hist_line]    28: ** 54580
[M::ha_hist_line]    29: *** 72530
[M::ha_hist_line]    30: **** 96467
[M::ha_hist_line]    31: ***** 124499
[M::ha_hist_line]    32: ******* 159582
[M::ha_hist_line]    33: ********* 202305
[M::ha_hist_line]    34: *********** 252399
[M::ha_hist_line]    35: ************* 306849
[M::ha_hist_line]    36: *************** 367303
[M::ha_hist_line]    37: ****************** 425833
[M::ha_hist_line]    38: ******************** 483411
[M::ha_hist_line]    39: *********************** 542905
[M::ha_hist_line]    40: ************************* 600177
[M::ha_hist_line]    41: *************************** 646090
[M::ha_hist_line]    42: ***************************** 686854
[M::ha_hist_line]    43: ****************************** 715822
[M::ha_hist_line]    44: ******************************* 734505
[M::ha_hist_line]    45: ******************************* 744228
[M::ha_hist_line]    46: ******************************* 739372
[M::ha_hist_line]    47: ****************************** 720091
[M::ha_hist_line]    48: ***************************** 693728
[M::ha_hist_line]    49: **************************** 657124
[M::ha_hist_line]    50: ************************** 613809
[M::ha_hist_line]    51: ************************ 568235
[M::ha_hist_line]    52: ********************** 519256
[M::ha_hist_line]    53: ******************** 465634
[M::ha_hist_line]    54: ***************** 414826
[M::ha_hist_line]    55: *************** 365524
[M::ha_hist_line]    56: ************* 318546
[M::ha_hist_line]    57: ************ 277854
[M::ha_hist_line]    58: ********** 242517
[M::ha_hist_line]    59: ********* 210378
[M::ha_hist_line]    60: ******** 188180
[M::ha_hist_line]    61: ******* 170406
[M::ha_hist_line]    62: ******* 162566
[M::ha_hist_line]    63: ******* 161793
[M::ha_hist_line]    64: ******* 169502
[M::ha_hist_line]    65: ******** 184439
[M::ha_hist_line]    66: ********* 208389
[M::ha_hist_line]    67: ********** 239983
[M::ha_hist_line]    68: ************ 281253
[M::ha_hist_line]    69: ************** 329884
[M::ha_hist_line]    70: **************** 388510
[M::ha_hist_line]    71: ******************* 455588
[M::ha_hist_line]    72: ********************** 533846
[M::ha_hist_line]    73: ************************** 624780
[M::ha_hist_line]    74: ****************************** 719431
[M::ha_hist_line]    75: *********************************** 824835
[M::ha_hist_line]    76: **************************************** 941718
[M::ha_hist_line]    77: ********************************************* 1062097
[M::ha_hist_line]    78: ************************************************** 1187205
[M::ha_hist_line]    79: ******************************************************* 1312133
[M::ha_hist_line]    80: ************************************************************* 1452663
[M::ha_hist_line]    81: ******************************************************************* 1584245
[M::ha_hist_line]    82: ************************************************************************ 1712579
[M::ha_hist_line]    83: ***************************************************************************** 1833789
[M::ha_hist_line]    84: ********************************************************************************** 1952476
[M::ha_hist_line]    85: *************************************************************************************** 2063390
[M::ha_hist_line]    86: ******************************************************************************************* 2158461
[M::ha_hist_line]    87: ********************************************************************************************** 2231696
[M::ha_hist_line]    88: ************************************************************************************************* 2297496
[M::ha_hist_line]    89: *************************************************************************************************** 2345275
[M::ha_hist_line]    90: **************************************************************************************************** 2371258
[M::ha_hist_line]    91: **************************************************************************************************** 2374578
[M::ha_hist_line]    92: **************************************************************************************************** 2368441
[M::ha_hist_line]    93: ************************************************************************************************** 2336536
[M::ha_hist_line]    94: ************************************************************************************************ 2282046
[M::ha_hist_line]    95: ********************************************************************************************* 2218293
[M::ha_hist_line]    96: ****************************************************************************************** 2136571
[M::ha_hist_line]    97: ************************************************************************************** 2042310
[M::ha_hist_line]    98: ********************************************************************************** 1940907
[M::ha_hist_line]    99: ***************************************************************************** 1835306
[M::ha_hist_line]   100: ************************************************************************ 1720277
[M::ha_hist_line]   101: ******************************************************************** 1603156
[M::ha_hist_line]   102: ************************************************************** 1478770
[M::ha_hist_line]   103: ********************************************************* 1356328
[M::ha_hist_line]   104: **************************************************** 1234710
[M::ha_hist_line]   105: *********************************************** 1113414
[M::ha_hist_line]   106: ****************************************** 997472
[M::ha_hist_line]   107: ************************************** 890764
[M::ha_hist_line]   108: ********************************* 789962
[M::ha_hist_line]   109: ***************************** 694122
[M::ha_hist_line]   110: ************************** 606160
[M::ha_hist_line]   111: ********************** 528779
[M::ha_hist_line]   112: ******************* 457473
[M::ha_hist_line]   113: ***************** 392902
[M::ha_hist_line]   114: ************** 335070
[M::ha_hist_line]   115: ************ 283631
[M::ha_hist_line]   116: ********** 241422
[M::ha_hist_line]   117: ********* 202758
[M::ha_hist_line]   118: ******* 170243
[M::ha_hist_line]   119: ****** 142641
[M::ha_hist_line]   120: ***** 119034
[M::ha_hist_line]   121: **** 99623
[M::ha_hist_line]   122: **** 84344
[M::ha_hist_line]   123: *** 70563
[M::ha_hist_line]   124: *** 59722
[M::ha_hist_line]   125: ** 50394
[M::ha_hist_line]   126: ** 43862
[M::ha_hist_line]   127: ** 38311
[M::ha_hist_line]   128: * 33703
[M::ha_hist_line]   129: * 30194
[M::ha_hist_line]   130: * 27590
[M::ha_hist_line]   131: * 25314
[M::ha_hist_line]   132: * 23883
[M::ha_hist_line]   133: * 22601
[M::ha_hist_line]   134: * 22014
[M::ha_hist_line]   135: * 21451
[M::ha_hist_line]   136: * 20891
[M::ha_hist_line]   137: * 20942
[M::ha_hist_line]   138: * 19931
[M::ha_hist_line]   139: * 19173
[M::ha_hist_line]   140: * 19250
[M::ha_hist_line]   141: * 19029
[M::ha_hist_line]   142: * 18632
[M::ha_hist_line]   143: * 18205
[M::ha_hist_line]   144: * 17805
[M::ha_hist_line]   145: * 17273
[M::ha_hist_line]   146: * 16724
[M::ha_hist_line]   147: * 16634
[M::ha_hist_line]   148: * 16329
[M::ha_hist_line]   149: * 16017
[M::ha_hist_line]   150: * 15921
[M::ha_hist_line]   151: * 15432
[M::ha_hist_line]   152: * 15551
[M::ha_hist_line]   153: * 15640
[M::ha_hist_line]   154: * 15245
[M::ha_hist_line]   155: * 14955
[M::ha_hist_line]   156: * 14903
[M::ha_hist_line]   157: * 15104
[M::ha_hist_line]   158: * 15091
[M::ha_hist_line]   159: * 15074
[M::ha_hist_line]   160: * 15474
[M::ha_hist_line]   161: * 15456
[M::ha_hist_line]   162: * 15576
[M::ha_hist_line]   163: * 16134
[M::ha_hist_line]   164: * 15667
[M::ha_hist_line]   165: * 16246
[M::ha_hist_line]   166: * 16691
[M::ha_hist_line]   167: * 17091
[M::ha_hist_line]   168: * 17279
[M::ha_hist_line]   169: * 17766
[M::ha_hist_line]   170: * 17926
[M::ha_hist_line]   171: * 18557
[M::ha_hist_line]   172: * 19189
[M::ha_hist_line]   173: * 19366
[M::ha_hist_line]   174: * 19588
[M::ha_hist_line]   175: * 20396
[M::ha_hist_line]   176: * 20470
[M::ha_hist_line]   177: * 20701
[M::ha_hist_line]   178: * 20847
[M::ha_hist_line]   179: * 21197
[M::ha_hist_line]   180: * 21457
[M::ha_hist_line]   181: * 21842
[M::ha_hist_line]   182: * 21934
[M::ha_hist_line]   183: * 21784
[M::ha_hist_line]   184: * 22079
[M::ha_hist_line]   185: * 21634
[M::ha_hist_line]   186: * 21633
[M::ha_hist_line]   187: * 21361
[M::ha_hist_line]   188: * 21183
[M::ha_hist_line]   189: * 20788
[M::ha_hist_line]   190: * 20728
[M::ha_hist_line]   191: * 20128
[M::ha_hist_line]   192: * 19783
[M::ha_hist_line]   193: * 19527
[M::ha_hist_line]   194: * 19087
[M::ha_hist_line]   195: * 18718
[M::ha_hist_line]   196: * 18038
[M::ha_hist_line]   197: * 17561
[M::ha_hist_line]   198: * 17008
[M::ha_hist_line]   199: * 16553
[M::ha_hist_line]   200: * 16051
[M::ha_hist_line]   201: * 15254
[M::ha_hist_line]   202: * 15264
[M::ha_hist_line]   203: * 14088
[M::ha_hist_line]   204: * 14138
[M::ha_hist_line]   205: * 13325
[M::ha_hist_line]   206: * 12924
[M::ha_hist_line]   207: * 12645
[M::ha_hist_line]  rest: ******************************************* 1018655
[M::ha_analyze_count] left: count[45] = 744228
[M::ha_analyze_count] right: none
[M::ha_pt_gen] peak_hom: 91; peak_het: 45
[M::ha_ct_shrink::112777.229*31.25] ==> counted 89229057 distinct minimizer k-mers
[M::ha_pt_gen::] counting in normal mode
[M::yak_count] collected 7751619230 minimizers
[M::yak_count] collected 0 minimizers
[M::ha_pt_gen::114774.606*31.09] ==> indexed 7361845604 positions, counted 89229057 distinct minimizer k-mers
[M::pec::67291.098] # bases: 290890796276; # corrected bases: 112674323
[M::pec::109.593] # exact o: 1230473832; # non-exact o: 197499827
[M::ha_assemble::182247.084*34.27@409.113GB] ==> corrected reads for round 2
[M::ha_assemble] # bases: 290890796276; # corrected bases: 112674323
[M::yak_count] collected 7747763120 minimizers
[M::yak_count] collected 0 minimizers
[M::ha_pt_gen::183753.739*34.19] ==> counted 454508400 distinct minimizer k-mers
[M::ha_pt_gen] count[4095] = 0 (for sanity check)
[M::ha_analyze_count] lowest: count[18] = 10204
[M::ha_analyze_count] highest: count[91] = 2375847
[M::ha_hist_line]     1: ****************************************************************************************************> 366474205
[M::ha_hist_line]     2: ****************************************************************************************************> 2725510
[M::ha_hist_line]     3: *********************** 537883
[M::ha_hist_line]     4: ******** 201095
[M::ha_hist_line]     5: **** 103190
[M::ha_hist_line]     6: *** 63187
[M::ha_hist_line]     7: ** 43672
[M::ha_hist_line]     8: * 32025
[M::ha_hist_line]     9: * 24710
[M::ha_hist_line]    10: * 19985
[M::ha_hist_line]    11: * 16600
[M::ha_hist_line]    12: * 14259
[M::ha_hist_line]    13: * 12587
[M::ha_hist_line]    14:  11693
[M::ha_hist_line]    15:  10738
[M::ha_hist_line]    16:  10526
[M::ha_hist_line]    17:  10290
[M::ha_hist_line]    18:  10204
[M::ha_hist_line]    19:  11316
[M::ha_hist_line]    20: * 12137
[M::ha_hist_line]    21: * 13274
[M::ha_hist_line]    22: * 14415
[M::ha_hist_line]    23: * 16485
[M::ha_hist_line]    24: * 19587
[M::ha_hist_line]    25: * 24337
[M::ha_hist_line]    26: * 31724
[M::ha_hist_line]    27: ** 41018
[M::ha_hist_line]    28: ** 52712
[M::ha_hist_line]    29: *** 69477
[M::ha_hist_line]    30: **** 91308
[M::ha_hist_line]    31: ***** 119688
[M::ha_hist_line]    32: ****** 152076
[M::ha_hist_line]    33: ******** 193059
[M::ha_hist_line]    34: ********** 244187
[M::ha_hist_line]    35: ************ 296685
[M::ha_hist_line]    36: *************** 356205
[M::ha_hist_line]    37: ***************** 414998
[M::ha_hist_line]    38: ******************** 472156
[M::ha_hist_line]    39: ********************** 532041
[M::ha_hist_line]    40: ************************* 589982
[M::ha_hist_line]    41: *************************** 637212
[M::ha_hist_line]    42: ***************************** 681151
[M::ha_hist_line]    43: ****************************** 707914
[M::ha_hist_line]    44: ******************************* 729857
[M::ha_hist_line]    45: ******************************* 741623
[M::ha_hist_line]    46: ******************************* 737535
[M::ha_hist_line]    47: ****************************** 722452
[M::ha_hist_line]    48: ***************************** 696493
[M::ha_hist_line]    49: **************************** 662513
[M::ha_hist_line]    50: ************************** 619000
[M::ha_hist_line]    51: ************************ 574802
[M::ha_hist_line]    52: ********************** 526895
[M::ha_hist_line]    53: ******************** 474306
[M::ha_hist_line]    54: ****************** 422656
[M::ha_hist_line]    55: **************** 372803
[M::ha_hist_line]    56: ************** 324866
[M::ha_hist_line]    57: ************ 283427
[M::ha_hist_line]    58: ********** 247872
[M::ha_hist_line]    59: ********* 214275
[M::ha_hist_line]    60: ******** 190213
[M::ha_hist_line]    61: ******* 171337
[M::ha_hist_line]    62: ******* 162388
[M::ha_hist_line]    63: ******* 159441
[M::ha_hist_line]    64: ******* 164979
[M::ha_hist_line]    65: ******* 178013
[M::ha_hist_line]    66: ******** 200376
[M::ha_hist_line]    67: ********** 228981
[M::ha_hist_line]    68: *********** 269802
[M::ha_hist_line]    69: ************* 314982
[M::ha_hist_line]    70: **************** 368918
[M::ha_hist_line]    71: ****************** 433670
[M::ha_hist_line]    72: ********************* 509465
[M::ha_hist_line]    73: ************************* 598280
[M::ha_hist_line]    74: ***************************** 691097
[M::ha_hist_line]    75: ********************************* 792602
[M::ha_hist_line]    76: ************************************** 908733
[M::ha_hist_line]    77: ******************************************* 1025419
[M::ha_hist_line]    78: ************************************************ 1148070
[M::ha_hist_line]    79: ****************************************************** 1275488
[M::ha_hist_line]    80: *********************************************************** 1412424
[M::ha_hist_line]    81: ***************************************************************** 1544733
[M::ha_hist_line]    82: ********************************************************************** 1673728
[M::ha_hist_line]    83: **************************************************************************** 1796788
[M::ha_hist_line]    84: ********************************************************************************* 1917259
[M::ha_hist_line]    85: ************************************************************************************* 2030084
[M::ha_hist_line]    86: ****************************************************************************************** 2131316
[M::ha_hist_line]    87: ********************************************************************************************* 2209094
[M::ha_hist_line]    88: ************************************************************************************************ 2275859
[M::ha_hist_line]    89: ************************************************************************************************** 2330397
[M::ha_hist_line]    90: *************************************************************************************************** 2363912
[M::ha_hist_line]    91: **************************************************************************************************** 2375847
[M::ha_hist_line]    92: **************************************************************************************************** 2372441
[M::ha_hist_line]    93: *************************************************************************************************** 2344999
[M::ha_hist_line]    94: ************************************************************************************************* 2299201
[M::ha_hist_line]    95: ********************************************************************************************** 2237540
[M::ha_hist_line]    96: ******************************************************************************************* 2159900
[M::ha_hist_line]    97: *************************************************************************************** 2067346
[M::ha_hist_line]    98: *********************************************************************************** 1970285
[M::ha_hist_line]    99: ******************************************************************************* 1867109
[M::ha_hist_line]   100: ************************************************************************** 1753273
[M::ha_hist_line]   101: ********************************************************************* 1640530
[M::ha_hist_line]   102: **************************************************************** 1514529
[M::ha_hist_line]   103: *********************************************************** 1392014
[M::ha_hist_line]   104: ***************************************************** 1268814
[M::ha_hist_line]   105: ************************************************ 1150600
[M::ha_hist_line]   106: ******************************************* 1032430
[M::ha_hist_line]   107: *************************************** 920690
[M::ha_hist_line]   108: *********************************** 820399
[M::ha_hist_line]   109: ****************************** 722906
[M::ha_hist_line]   110: *************************** 633093
[M::ha_hist_line]   111: *********************** 551784
[M::ha_hist_line]   112: ******************** 479533
[M::ha_hist_line]   113: ***************** 412911
[M::ha_hist_line]   114: *************** 351676
[M::ha_hist_line]   115: ************* 300498
[M::ha_hist_line]   116: *********** 255052
[M::ha_hist_line]   117: ********* 214010
[M::ha_hist_line]   118: ******** 180311
[M::ha_hist_line]   119: ****** 150344
[M::ha_hist_line]   120: ***** 125721
[M::ha_hist_line]   121: **** 105139
[M::ha_hist_line]   122: **** 89314
[M::ha_hist_line]   123: *** 75089
[M::ha_hist_line]   124: *** 62692
[M::ha_hist_line]   125: ** 52836
[M::ha_hist_line]   126: ** 45731
[M::ha_hist_line]   127: ** 40115
[M::ha_hist_line]   128: * 34962
[M::ha_hist_line]   129: * 31153
[M::ha_hist_line]   130: * 28147
[M::ha_hist_line]   131: * 25442
[M::ha_hist_line]   132: * 23947
[M::ha_hist_line]   133: * 22847
[M::ha_hist_line]   134: * 21890
[M::ha_hist_line]   135: * 21673
[M::ha_hist_line]   136: * 21299
[M::ha_hist_line]   137: * 20773
[M::ha_hist_line]   138: * 20074
[M::ha_hist_line]   139: * 19754
[M::ha_hist_line]   140: * 19360
[M::ha_hist_line]   141: * 18858
[M::ha_hist_line]   142: * 18709
[M::ha_hist_line]   143: * 18389
[M::ha_hist_line]   144: * 17804
[M::ha_hist_line]   145: * 17619
[M::ha_hist_line]   146: * 17054
[M::ha_hist_line]   147: * 16731
[M::ha_hist_line]   148: * 16373
[M::ha_hist_line]   149: * 15884
[M::ha_hist_line]   150: * 15863
[M::ha_hist_line]   151: * 15660
[M::ha_hist_line]   152: * 15457
[M::ha_hist_line]   153: * 15453
[M::ha_hist_line]   154: * 15182
[M::ha_hist_line]   155: * 15044
[M::ha_hist_line]   156: * 14682
[M::ha_hist_line]   157: * 14671
[M::ha_hist_line]   158: * 14934
[M::ha_hist_line]   159: * 14926
[M::ha_hist_line]   160: * 15218
[M::ha_hist_line]   161: * 15153
[M::ha_hist_line]   162: * 15267
[M::ha_hist_line]   163: * 15606
[M::ha_hist_line]   164: * 15810
[M::ha_hist_line]   165: * 15827
[M::ha_hist_line]   166: * 16309
[M::ha_hist_line]   167: * 16500
[M::ha_hist_line]   168: * 17199
[M::ha_hist_line]   169: * 17504
[M::ha_hist_line]   170: * 17845
[M::ha_hist_line]   171: * 18400
[M::ha_hist_line]   172: * 18622
[M::ha_hist_line]   173: * 19061
[M::ha_hist_line]   174: * 19438
[M::ha_hist_line]   175: * 19936
[M::ha_hist_line]   176: * 20174
[M::ha_hist_line]   177: * 20528
[M::ha_hist_line]   178: * 21145
[M::ha_hist_line]   179: * 21006
[M::ha_hist_line]   180: * 21409
[M::ha_hist_line]   181: * 21766
[M::ha_hist_line]   182: * 22059
[M::ha_hist_line]   183: * 21921
[M::ha_hist_line]   184: * 21925
[M::ha_hist_line]   185: * 21887
[M::ha_hist_line]   186: * 21660
[M::ha_hist_line]   187: * 21611
[M::ha_hist_line]   188: * 21079
[M::ha_hist_line]   189: * 20995
[M::ha_hist_line]   190: * 21156
[M::ha_hist_line]   191: * 20391
[M::ha_hist_line]   192: * 19969
[M::ha_hist_line]   193: * 19701
[M::ha_hist_line]   194: * 19236
[M::ha_hist_line]   195: * 18965
[M::ha_hist_line]   196: * 18330
[M::ha_hist_line]   197: * 17810
[M::ha_hist_line]   198: * 17245
[M::ha_hist_line]   199: * 17155
[M::ha_hist_line]   200: * 16306
[M::ha_hist_line]   201: * 15656
[M::ha_hist_line]   202: * 15293
[M::ha_hist_line]   203: * 14609
[M::ha_hist_line]   204: * 14101
[M::ha_hist_line]   205: * 13446
[M::ha_hist_line]   206: * 13193
[M::ha_hist_line]   207: * 12412
[M::ha_hist_line]   208: * 12216
[M::ha_hist_line]  rest: ******************************************* 1014308
[M::ha_analyze_count] left: count[45] = 741623
[M::ha_analyze_count] right: none
[M::ha_pt_gen] peak_hom: 91; peak_het: 45
[M::ha_ct_shrink::183757.344*34.19] ==> counted 88034195 distinct minimizer k-mers
[M::ha_pt_gen::] counting in normal mode
[M::yak_count] collected 7747763120 minimizers
[M::yak_count] collected 0 minimizers
[M::ha_pt_gen::185657.653*34.07] ==> indexed 7381288915 positions, counted 88034195 distinct minimizer k-mers
[M::pec::67014.627] # bases: 290896238822; # corrected bases: 44228814
[M::pec::110.796] # exact o: 1352608957; # non-exact o: 98834576
[M::ha_assemble::252793.377*35.56@451.934GB] ==> corrected reads for round 3
[M::ha_assemble] # bases: 290896238822; # corrected bases: 44228814
[M::yak_count] collected 7746921454 minimizers
[M::yak_count] collected 0 minimizers
[M::ha_pt_gen::254455.192*35.49] ==> counted 445422419 distinct minimizer k-mers
[M::ha_pt_gen] count[4095] = 0 (for sanity check)
[M::ha_analyze_count] lowest: count[16] = 9542
[M::ha_analyze_count] highest: count[91] = 2374555
[M::ha_hist_line]     1: ****************************************************************************************************> 357668692
[M::ha_hist_line]     2: ****************************************************************************************************> 2551847
[M::ha_hist_line]     3: ********************* 495949
[M::ha_hist_line]     4: ******** 183335
[M::ha_hist_line]     5: **** 94002
[M::ha_hist_line]     6: ** 57369
[M::ha_hist_line]     7: ** 39850
[M::ha_hist_line]     8: * 28966
[M::ha_hist_line]     9: * 22289
[M::ha_hist_line]    10: * 18049
[M::ha_hist_line]    11: * 14860
[M::ha_hist_line]    12: * 12874
[M::ha_hist_line]    13:  11687
[M::ha_hist_line]    14:  10356
[M::ha_hist_line]    15:  9836
[M::ha_hist_line]    16:  9542
[M::ha_hist_line]    17:  9592
[M::ha_hist_line]    18:  9591
[M::ha_hist_line]    19:  10798
[M::ha_hist_line]    20:  11435
[M::ha_hist_line]    21: * 12728
[M::ha_hist_line]    22: * 14028
[M::ha_hist_line]    23: * 16092
[M::ha_hist_line]    24: * 18870
[M::ha_hist_line]    25: * 23953
[M::ha_hist_line]    26: * 30947
[M::ha_hist_line]    27: ** 40142
[M::ha_hist_line]    28: ** 51453
[M::ha_hist_line]    29: *** 68494
[M::ha_hist_line]    30: **** 89977
[M::ha_hist_line]    31: ***** 117848
[M::ha_hist_line]    32: ****** 150056
[M::ha_hist_line]    33: ******** 190871
[M::ha_hist_line]    34: ********** 241314
[M::ha_hist_line]    35: ************ 293459
[M::ha_hist_line]    36: *************** 352165
[M::ha_hist_line]    37: ***************** 411749
[M::ha_hist_line]    38: ******************** 469419
[M::ha_hist_line]    39: ********************** 528968
[M::ha_hist_line]    40: ************************* 586215
[M::ha_hist_line]    41: *************************** 634258
[M::ha_hist_line]    42: ***************************** 678481
[M::ha_hist_line]    43: ****************************** 705500
[M::ha_hist_line]    44: ******************************* 728127
[M::ha_hist_line]    45: ******************************* 739811
[M::ha_hist_line]    46: ******************************* 737327
[M::ha_hist_line]    47: ****************************** 723770
[M::ha_hist_line]    48: ***************************** 696556
[M::ha_hist_line]    49: **************************** 663837
[M::ha_hist_line]    50: ************************** 620507
[M::ha_hist_line]    51: ************************ 576810
[M::ha_hist_line]    52: ********************** 529488
[M::ha_hist_line]    53: ******************** 476449
[M::ha_hist_line]    54: ****************** 424922
[M::ha_hist_line]    55: **************** 375351
[M::ha_hist_line]    56: ************** 327501
[M::ha_hist_line]    57: ************ 285810
[M::ha_hist_line]    58: *********** 249732
[M::ha_hist_line]    59: ********* 214793
[M::ha_hist_line]    60: ******** 190780
[M::ha_hist_line]    61: ******* 171666
[M::ha_hist_line]    62: ******* 161895
[M::ha_hist_line]    63: ******* 158985
[M::ha_hist_line]    64: ******* 163494
[M::ha_hist_line]    65: ******* 175375
[M::ha_hist_line]    66: ******** 196523
[M::ha_hist_line]    67: ********* 225315
[M::ha_hist_line]    68: *********** 264282
[M::ha_hist_line]    69: ************* 309812
[M::ha_hist_line]    70: *************** 363117
[M::ha_hist_line]    71: ****************** 425627
[M::ha_hist_line]    72: ********************* 499564
[M::ha_hist_line]    73: ************************* 588534
[M::ha_hist_line]    74: ***************************** 680188
[M::ha_hist_line]    75: ********************************* 781772
[M::ha_hist_line]    76: ************************************** 895142
[M::ha_hist_line]    77: ******************************************* 1011362
[M::ha_hist_line]    78: ************************************************ 1133455
[M::ha_hist_line]    79: ***************************************************** 1259822
[M::ha_hist_line]    80: *********************************************************** 1397429
[M::ha_hist_line]    81: **************************************************************** 1530329
[M::ha_hist_line]    82: ********************************************************************** 1659162
[M::ha_hist_line]    83: *************************************************************************** 1782445
[M::ha_hist_line]    84: ******************************************************************************** 1902617
[M::ha_hist_line]    85: ************************************************************************************* 2016461
[M::ha_hist_line]    86: ***************************************************************************************** 2120205
[M::ha_hist_line]    87: ********************************************************************************************* 2198786
[M::ha_hist_line]    88: ************************************************************************************************ 2268752
[M::ha_hist_line]    89: ************************************************************************************************** 2324410
[M::ha_hist_line]    90: *************************************************************************************************** 2358667
[M::ha_hist_line]    91: **************************************************************************************************** 2374555
[M::ha_hist_line]    92: **************************************************************************************************** 2373156
[M::ha_hist_line]    93: *************************************************************************************************** 2350038
[M::ha_hist_line]    94: ************************************************************************************************* 2303168
[M::ha_hist_line]    95: *********************************************************************************************** 2245645
[M::ha_hist_line]    96: ******************************************************************************************* 2167432
[M::ha_hist_line]    97: **************************************************************************************** 2079457
[M::ha_hist_line]    98: *********************************************************************************** 1980100
[M::ha_hist_line]    99: ******************************************************************************* 1878953
[M::ha_hist_line]   100: ************************************************************************** 1766651
[M::ha_hist_line]   101: ********************************************************************** 1654131
[M::ha_hist_line]   102: **************************************************************** 1528923
[M::ha_hist_line]   103: *********************************************************** 1406602
[M::ha_hist_line]   104: ****************************************************** 1283789
[M::ha_hist_line]   105: ************************************************* 1164944
[M::ha_hist_line]   106: ******************************************** 1044945
[M::ha_hist_line]   107: *************************************** 933415
[M::ha_hist_line]   108: *********************************** 833642
[M::ha_hist_line]   109: ******************************* 733284
[M::ha_hist_line]   110: *************************** 644514
[M::ha_hist_line]   111: ************************ 560637
[M::ha_hist_line]   112: ********************* 487859
[M::ha_hist_line]   113: ****************** 420087
[M::ha_hist_line]   114: *************** 358567
[M::ha_hist_line]   115: ************* 306112
[M::ha_hist_line]   116: *********** 260344
[M::ha_hist_line]   117: ********* 218915
[M::ha_hist_line]   118: ******** 184192
[M::ha_hist_line]   119: ****** 154110
[M::ha_hist_line]   120: ***** 128950
[M::ha_hist_line]   121: ***** 107446
[M::ha_hist_line]   122: **** 91215
[M::ha_hist_line]   123: *** 76727
[M::ha_hist_line]   124: *** 64319
[M::ha_hist_line]   125: ** 53958
[M::ha_hist_line]   126: ** 46714
[M::ha_hist_line]   127: ** 40810
[M::ha_hist_line]   128: * 35456
[M::ha_hist_line]   129: * 31550
[M::ha_hist_line]   130: * 28428
[M::ha_hist_line]   131: * 25827
[M::ha_hist_line]   132: * 24199
[M::ha_hist_line]   133: * 22954
[M::ha_hist_line]   134: * 22160
[M::ha_hist_line]   135: * 21471
[M::ha_hist_line]   136: * 21328
[M::ha_hist_line]   137: * 20669
[M::ha_hist_line]   138: * 20068
[M::ha_hist_line]   139: * 19927
[M::ha_hist_line]   140: * 19502
[M::ha_hist_line]   141: * 18990
[M::ha_hist_line]   142: * 18720
[M::ha_hist_line]   143: * 18364
[M::ha_hist_line]   144: * 17689
[M::ha_hist_line]   145: * 17825
[M::ha_hist_line]   146: * 17198
[M::ha_hist_line]   147: * 16679
[M::ha_hist_line]   148: * 16255
[M::ha_hist_line]   149: * 15970
[M::ha_hist_line]   150: * 15903
[M::ha_hist_line]   151: * 15650
[M::ha_hist_line]   152: * 15582
[M::ha_hist_line]   153: * 15405
[M::ha_hist_line]   154: * 15164
[M::ha_hist_line]   155: * 15063
[M::ha_hist_line]   156: * 14608
[M::ha_hist_line]   157: * 14669
[M::ha_hist_line]   158: * 14846
[M::ha_hist_line]   159: * 14855
[M::ha_hist_line]   160: * 15113
[M::ha_hist_line]   161: * 14972
[M::ha_hist_line]   162: * 15138
[M::ha_hist_line]   163: * 15665
[M::ha_hist_line]   164: * 15536
[M::ha_hist_line]   165: * 15876
[M::ha_hist_line]   166: * 16237
[M::ha_hist_line]   167: * 16572
[M::ha_hist_line]   168: * 16991
[M::ha_hist_line]   169: * 17520
[M::ha_hist_line]   170: * 17671
[M::ha_hist_line]   171: * 18310
[M::ha_hist_line]   172: * 18488
[M::ha_hist_line]   173: * 18994
[M::ha_hist_line]   174: * 19407
[M::ha_hist_line]   175: * 19844
[M::ha_hist_line]   176: * 20071
[M::ha_hist_line]   177: * 20485
[M::ha_hist_line]   178: * 21027
[M::ha_hist_line]   179: * 21029
[M::ha_hist_line]   180: * 21366
[M::ha_hist_line]   181: * 21797
[M::ha_hist_line]   182: * 21822
[M::ha_hist_line]   183: * 22069
[M::ha_hist_line]   184: * 22014
[M::ha_hist_line]   185: * 21899
[M::ha_hist_line]   186: * 21681
[M::ha_hist_line]   187: * 21792
[M::ha_hist_line]   188: * 21026
[M::ha_hist_line]   189: * 21062
[M::ha_hist_line]   190: * 21232
[M::ha_hist_line]   191: * 20371
[M::ha_hist_line]   192: * 19937
[M::ha_hist_line]   193: * 19739
[M::ha_hist_line]   194: * 19433
[M::ha_hist_line]   195: * 18884
[M::ha_hist_line]   196: * 18578
[M::ha_hist_line]   197: * 17848
[M::ha_hist_line]   198: * 17428
[M::ha_hist_line]   199: * 16970
[M::ha_hist_line]   200: * 16484
[M::ha_hist_line]   201: * 15715
[M::ha_hist_line]   202: * 15413
[M::ha_hist_line]   203: * 14792
[M::ha_hist_line]   204: * 14220
[M::ha_hist_line]   205: * 13471
[M::ha_hist_line]   206: * 13184
[M::ha_hist_line]   207: * 12489
[M::ha_hist_line]   208: * 12269
[M::ha_hist_line]   209: * 11936
[M::ha_hist_line]  rest: ****************************************** 1004602
[M::ha_analyze_count] left: count[45] = 739811
[M::ha_analyze_count] right: none
[M::ha_pt_gen] peak_hom: 91; peak_het: 45
[M::ha_ct_shrink::254458.601*35.49] ==> counted 87753727 distinct minimizer k-mers
[M::ha_pt_gen::] counting in normal mode
[M::yak_count] collected 7746921454 minimizers
[M::yak_count] collected 0 minimizers
[M::ha_pt_gen::256403.121*35.39] ==> indexed 7389252762 positions, counted 87753727 distinct minimizer k-mers
[M::ha_print_ovlp_stat_0] # overlaps: 1435696982
[M::ha_print_ovlp_stat_0] # strong overlaps: 872335686
[M::ha_print_ovlp_stat_0] # weak overlaps: 563361296
[M::ha_print_ovlp_stat_0] # exact overlaps: 1336415258
[M::ha_print_ovlp_stat_0] # inexact overlaps: 99281724
[M::ha_print_ovlp_stat_0] # overlaps without large indels: 1424801824
[M::ha_print_ovlp_stat_0] # reverse overlaps: 1166769345
[M::ha_print_ovlp_stat_0] # running time: 6697.691
[M::ha_assemble::263153.047*35.50@474.603GB] ==> found overlaps for the final round
[M::ha_triobin_yak::265495.047*35.49] ==> partitioned reads using yak dumps
[M::ha_opt_update_cov_min] updated max_n_chain to 455
Writing reads to disk... 
Reads has been written.
Writing binning to disk ...... 
Binning has been written.
Writing ma_hit_ts to disk... 
ma_hit_ts has been written.
Writing ma_hit_ts to disk... 
ma_hit_ts has been written.
bin files have been written.
[M::gen_chemical_arc_rf] # chimeric reads: 1954884
[M::purge_dups] homozygous read coverage threshold: 90
[M::purge_dups] purge duplication coverage threshold: 113
[M::ug_ext_gfa::] # tips::34
Writing raw unitig GFA to disk... 
Writing processed unitig GFA to disk... 
[M::reduce_hamming_error_adv::7.008] # inserted edges: 168888, # fixed bubbles: 1474
[M::adjust_utg_by_trio] primary contig coverage range: [76, infinity]
[M::recall_arcs] # transitive arcs::660
[M::recall_arcs] # new arcs::649734, # old arcs::384126
[M::clean_trio_untig_graph] # adjusted arcs::0
[M::adjust_utg_by_trio] primary contig coverage range: [76, infinity]
[M::recall_arcs] # transitive arcs::784
[M::recall_arcs] # new arcs::651188, # old arcs::384164
[M::clean_trio_untig_graph] # adjusted arcs::0
[M::output_trio_graph_joint] dedup_base::5700042, miss_base::0
Writing hg002_ont_son.dip.hap1.p_ctg.gfa to disk... 
Writing hg002_ont_son.dip.hap2.p_ctg.gfa to disk... 
Inconsistency threshold for low-quality regions in BED files: 70%
[M::main] Version: 0.25.0-r726
[M::main] CMD: hifiasm -o hg002_ont_son -t 40 -1 ../../pat.yak -2 ../../mat.yak --ont ../HG002_standar_ont_sup_PAW70337.fastq.gz ../HG002_standar_ont_sup_PAW71238.fastq.gz
[M::main] Real time: 269927.790 sec; CPU: 9427998.429 sec; Peak RSS: 474.603 GB
