[M::ha_analyze_count] lowest: count[10] = 1172731
[M::ha_analyze_count] highest: count[51] = 78255888
[M::ha_hist_line]     2: ****************************************************************************************************> 394779828
[M::ha_hist_line]     3: ********************************************************************** 54981614
[M::ha_hist_line]     4: ********************** 17189367
[M::ha_hist_line]     5: ********** 7668447
[M::ha_hist_line]     6: ***** 4201251
[M::ha_hist_line]     7: *** 2613494
[M::ha_hist_line]     8: ** 1788197
[M::ha_hist_line]     9: ** 1347389
[M::ha_hist_line]    10: * 1172731
[M::ha_hist_line]    11: ** 1184594
[M::ha_hist_line]    12: ** 1446791
[M::ha_hist_line]    13: *** 1970558
[M::ha_hist_line]    14: **** 2801447
[M::ha_hist_line]    15: ***** 3933013
[M::ha_hist_line]    16: ******* 5427977
[M::ha_hist_line]    17: ********* 7211102
[M::ha_hist_line]    18: ************ 9273429
[M::ha_hist_line]    19: *************** 11475008
[M::ha_hist_line]    20: ****************** 13704531
[M::ha_hist_line]    21: ******************** 15729313
[M::ha_hist_line]    22: ********************** 17582388
[M::ha_hist_line]    23: ************************ 18971677
[M::ha_hist_line]    24: ************************* 19830130
[M::ha_hist_line]    25: ************************** 20214527
[M::ha_hist_line]    26: ************************** 20163022
[M::ha_hist_line]    27: ************************* 19618840
[M::ha_hist_line]    28: ************************ 18830187
[M::ha_hist_line]    29: *********************** 17885445
[M::ha_hist_line]    30: ********************** 16933884
[M::ha_hist_line]    31: ********************* 16155203
[M::ha_hist_line]    32: ******************** 15732807
[M::ha_hist_line]    33: ******************** 15907892
[M::ha_hist_line]    34: ********************* 16639151
[M::ha_hist_line]    35: *********************** 18080578
[M::ha_hist_line]    36: ************************** 20280164
[M::ha_hist_line]    37: ****************************** 23175394
[M::ha_hist_line]    38: ********************************** 26839911
[M::ha_hist_line]    39: **************************************** 31170595
[M::ha_hist_line]    40: ********************************************** 36038672
[M::ha_hist_line]    41: ***************************************************** 41366238
[M::ha_hist_line]    42: ************************************************************ 46943713
[M::ha_hist_line]    43: ******************************************************************* 52512859
[M::ha_hist_line]    44: ************************************************************************** 57985100
[M::ha_hist_line]    45: ********************************************************************************* 63101659
[M::ha_hist_line]    46: *************************************************************************************** 67737729
[M::ha_hist_line]    47: ******************************************************************************************** 71713359
[M::ha_hist_line]    48: ************************************************************************************************ 74775690
[M::ha_hist_line]    49: ************************************************************************************************** 76930873
[M::ha_hist_line]    50: **************************************************************************************************** 78128842
[M::ha_hist_line]    51: **************************************************************************************************** 78255888
[M::ha_hist_line]    52: *************************************************************************************************** 77240780
[M::ha_hist_line]    53: ************************************************************************************************ 75267408
[M::ha_hist_line]    54: ********************************************************************************************* 72389281
[M::ha_hist_line]    55: **************************************************************************************** 68851072
[M::ha_hist_line]    56: *********************************************************************************** 64675234
[M::ha_hist_line]    57: ***************************************************************************** 59941966
[M::ha_hist_line]    58: ********************************************************************** 54959533
[M::ha_hist_line]    59: **************************************************************** 49817569
[M::ha_hist_line]    60: ********************************************************* 44676510
[M::ha_hist_line]    61: *************************************************** 39588337
[M::ha_hist_line]    62: ******************************************** 34747080
[M::ha_hist_line]    63: *************************************** 30164137
[M::ha_hist_line]    64: ********************************* 25940192
[M::ha_hist_line]    65: **************************** 22098976
[M::ha_hist_line]    66: ************************ 18649203
[M::ha_hist_line]    67: ******************** 15605190
[M::ha_hist_line]    68: **************** 12899080
[M::ha_hist_line]    69: ************** 10588204
[M::ha_hist_line]    70: *********** 8653238
[M::ha_hist_line]    71: ********* 7011729
[M::ha_hist_line]    72: ******* 5652389
[M::ha_hist_line]    73: ****** 4545915
[M::ha_hist_line]    74: ***** 3651480
[M::ha_hist_line]    75: **** 2925654
[M::ha_hist_line]    76: *** 2355394
[M::ha_hist_line]    77: ** 1899614
[M::ha_hist_line]    78: ** 1536162
[M::ha_hist_line]    79: ** 1260623
[M::ha_hist_line]    80: * 1042936
[M::ha_hist_line]    81: * 878786
[M::ha_hist_line]    82: * 757995
[M::ha_hist_line]    83: * 662153
[M::ha_hist_line]    84: * 603734
[M::ha_hist_line]    85: * 555745
[M::ha_hist_line]    86: * 516903
[M::ha_hist_line]    87: * 496487
[M::ha_hist_line]    88: * 479826
[M::ha_hist_line]    89: * 469924
[M::ha_hist_line]    90: * 464447
[M::ha_hist_line]    91: * 466338
[M::ha_hist_line]    92: * 466055
[M::ha_hist_line]    93: * 469427
[M::ha_hist_line]    94: * 471276
[M::ha_hist_line]    95: * 477242
[M::ha_hist_line]    96: * 487127
[M::ha_hist_line]    97: * 491897
[M::ha_hist_line]    98: * 499225
[M::ha_hist_line]    99: * 501547
[M::ha_hist_line]   100: * 504279
[M::ha_hist_line]   101: * 507586
[M::ha_hist_line]   102: * 508532
[M::ha_hist_line]   103: * 512023
[M::ha_hist_line]   104: * 510758
[M::ha_hist_line]   105: * 511191
[M::ha_hist_line]   106: * 510694
[M::ha_hist_line]   107: * 509213
[M::ha_hist_line]   108: * 504676
[M::ha_hist_line]   109: * 493880
[M::ha_hist_line]   110: * 488835
[M::ha_hist_line]   111: * 480033
[M::ha_hist_line]   112: * 464759
[M::ha_hist_line]   113: * 452240
[M::ha_hist_line]   114: * 441966
[M::ha_hist_line]   115: * 427159
[M::ha_hist_line]   116: * 413022
[M::ha_hist_line]   117: * 396928
[M::ha_hist_line]  rest: **************************** 21927739
[M::ha_analyze_count] left: count[25] = 20214527
[M::ha_analyze_count] right: none
[M::ha_ft_gen] peak_hom: 51; peak_het: 25
[M::ha_ct_shrink::3058.408*5.09] ==> counted 6459802 distinct minimizer k-mers
[M::ha_ft_gen::3065.567*5.08@50.582GB] ==> filtered out 6459802 k-mers occurring 255 or more times
[M::ha_opt_update_cov] updated max_n_chain to 255
[M::yak_count] collected 2291540915 minimizers
[M::yak_count] collected 2432066399 minimizers
[M::ha_pt_gen::7448.469*4.57] ==> counted 657536354 distinct minimizer k-mers
[M::ha_pt_gen] count[4095] = 0 (for sanity check)
[M::ha_analyze_count] lowest: count[11] = 118010
[M::ha_analyze_count] highest: count[50] = 3084344
[M::ha_hist_line]     1: ****************************************************************************************************> 540738926
[M::ha_hist_line]     2: ****************************************************************************************************> 21308700
[M::ha_hist_line]     3: ****************************************************************************************************> 5946214
[M::ha_hist_line]     4: ********************************************************************************* 2495594
[M::ha_hist_line]     5: *************************************** 1214663
[M::ha_hist_line]     6: ********************* 649592
[M::ha_hist_line]     7: ************ 378579
[M::ha_hist_line]     8: ******** 239918
[M::ha_hist_line]     9: ***** 168640
[M::ha_hist_line]    10: **** 132098
[M::ha_hist_line]    11: **** 118010
[M::ha_hist_line]    12: **** 122450
[M::ha_hist_line]    13: ***** 144528
[M::ha_hist_line]    14: ****** 181570
[M::ha_hist_line]    15: ******** 235715
[M::ha_hist_line]    16: ********** 306701
[M::ha_hist_line]    17: ************* 391415
[M::ha_hist_line]    18: **************** 487913
[M::ha_hist_line]    19: ******************* 589406
[M::ha_hist_line]    20: ********************** 689223
[M::ha_hist_line]    21: ************************* 777412
[M::ha_hist_line]    22: **************************** 856730
[M::ha_hist_line]    23: ****************************** 913468
[M::ha_hist_line]    24: ******************************* 944484
[M::ha_hist_line]    25: ******************************* 955936
[M::ha_hist_line]    26: ******************************* 944112
[M::ha_hist_line]    27: ****************************** 914396
[M::ha_hist_line]    28: **************************** 877851
[M::ha_hist_line]    29: *************************** 831703
[M::ha_hist_line]    30: ************************** 791164
[M::ha_hist_line]    31: ************************* 761507
[M::ha_hist_line]    32: ************************ 744603
[M::ha_hist_line]    33: ************************* 756987
[M::ha_hist_line]    34: ************************** 797145
[M::ha_hist_line]    35: **************************** 862863
[M::ha_hist_line]    36: ******************************* 962874
[M::ha_hist_line]    37: *********************************** 1090372
[M::ha_hist_line]    38: **************************************** 1247373
[M::ha_hist_line]    39: ********************************************** 1425480
[M::ha_hist_line]    40: ***************************************************** 1626988
[M::ha_hist_line]    41: ************************************************************ 1837804
[M::ha_hist_line]    42: ******************************************************************* 2056564
[M::ha_hist_line]    43: ************************************************************************* 2265948
[M::ha_hist_line]    44: ******************************************************************************** 2467500
[M::ha_hist_line]    45: ************************************************************************************** 2648461
[M::ha_hist_line]    46: ******************************************************************************************* 2807916
[M::ha_hist_line]    47: *********************************************************************************************** 2933713
[M::ha_hist_line]    48: ************************************************************************************************** 3020885
[M::ha_hist_line]    49: **************************************************************************************************** 3072160
[M::ha_hist_line]    50: **************************************************************************************************** 3084344
[M::ha_hist_line]    51: *************************************************************************************************** 3055860
[M::ha_hist_line]    52: ************************************************************************************************* 2987780
[M::ha_hist_line]    53: ********************************************************************************************* 2878846
[M::ha_hist_line]    54: ***************************************************************************************** 2742106
[M::ha_hist_line]    55: ************************************************************************************ 2585981
[M::ha_hist_line]    56: ****************************************************************************** 2407820
[M::ha_hist_line]    57: ************************************************************************ 2216661
[M::ha_hist_line]    58: ***************************************************************** 2018802
[M::ha_hist_line]    59: *********************************************************** 1815803
[M::ha_hist_line]    60: ***************************************************** 1619915
[M::ha_hist_line]    61: ********************************************** 1427565
[M::ha_hist_line]    62: **************************************** 1247612
[M::ha_hist_line]    63: *********************************** 1079124
[M::ha_hist_line]    64: ****************************** 923099
[M::ha_hist_line]    65: ************************* 786132
[M::ha_hist_line]    66: ********************** 665356
[M::ha_hist_line]    67: ****************** 554453
[M::ha_hist_line]    68: *************** 461229
[M::ha_hist_line]    69: ************ 380782
[M::ha_hist_line]    70: ********** 313240
[M::ha_hist_line]    71: ******** 256372
[M::ha_hist_line]    72: ******* 209167
[M::ha_hist_line]    73: ****** 171630
[M::ha_hist_line]    74: ***** 140402
[M::ha_hist_line]    75: **** 115135
[M::ha_hist_line]    76: *** 96022
[M::ha_hist_line]    77: *** 81363
[M::ha_hist_line]    78: ** 68447
[M::ha_hist_line]    79: ** 58401
[M::ha_hist_line]    80: ** 51085
[M::ha_hist_line]    81: * 46167
[M::ha_hist_line]    82: * 41986
[M::ha_hist_line]    83: * 38500
[M::ha_hist_line]    84: * 36674
[M::ha_hist_line]    85: * 34974
[M::ha_hist_line]    86: * 33538
[M::ha_hist_line]    87: * 32601
[M::ha_hist_line]    88: * 32200
[M::ha_hist_line]    89: * 31180
[M::ha_hist_line]    90: * 31358
[M::ha_hist_line]    91: * 31211
[M::ha_hist_line]    92: * 30968
[M::ha_hist_line]    93: * 30587
[M::ha_hist_line]    94: * 30642
[M::ha_hist_line]    95: * 30646
[M::ha_hist_line]    96: * 30779
[M::ha_hist_line]    97: * 31138
[M::ha_hist_line]    98: * 31101
[M::ha_hist_line]    99: * 30720
[M::ha_hist_line]   100: * 30776
[M::ha_hist_line]   101: * 30609
[M::ha_hist_line]   102: * 31055
[M::ha_hist_line]   103: * 30554
[M::ha_hist_line]   104: * 30896
[M::ha_hist_line]   105: * 30606
[M::ha_hist_line]   106: * 30761
[M::ha_hist_line]   107: * 30313
[M::ha_hist_line]   108: * 30325
[M::ha_hist_line]   109: * 29628
[M::ha_hist_line]   110: * 29566
[M::ha_hist_line]   111: * 28665
[M::ha_hist_line]   112: * 28348
[M::ha_hist_line]   113: * 27503
[M::ha_hist_line]   114: * 27248
[M::ha_hist_line]   115: * 26486
[M::ha_hist_line]   116: * 25993
[M::ha_hist_line]   117: * 25034
[M::ha_hist_line]   118: * 24359
[M::ha_hist_line]   119: * 23811
[M::ha_hist_line]   120: * 23024
[M::ha_hist_line]   121: * 22269
[M::ha_hist_line]   122: * 21444
[M::ha_hist_line]   123: * 20546
[M::ha_hist_line]   124: * 19944
[M::ha_hist_line]   125: * 19209
[M::ha_hist_line]   126: * 18367
[M::ha_hist_line]   127: * 17992
[M::ha_hist_line]   128: * 17341
[M::ha_hist_line]   129: * 16461
[M::ha_hist_line]   130: * 16290
[M::ha_hist_line]   131: * 15474
[M::ha_hist_line]  rest: **************************** 863699
[M::ha_analyze_count] left: count[25] = 955936
[M::ha_analyze_count] right: none
[M::ha_pt_gen] peak_hom: 50; peak_het: 25
[M::ha_ct_shrink::7450.434*4.57] ==> counted 116797428 distinct minimizer k-mers
[M::ha_pt_gen::] counting in normal mode
[M::yak_count] collected 4723607314 minimizers
[M::yak_count] collected 0 minimizers
[M::ha_pt_gen::7872.847*6.01] ==> indexed 4182868388 positions, counted 116797428 distinct minimizer k-mers
[M::pec::30056.121] # bases: 176276197896; # corrected bases: 1019720617
[M::pec::59.893] # exact o: 430645458; # non-exact o: 235883377
[M::ha_assemble::38078.665*48.39@216.610GB] ==> corrected reads for round 1
[M::ha_assemble] # bases: 176276197896; # corrected bases: 1019720617
[M::yak_count] collected 4697026697 minimizers
[M::yak_count] collected 0 minimizers
[M::ha_pt_gen::38444.368*48.26] ==> counted 267247582 distinct minimizer k-mers
[M::ha_pt_gen] count[4095] = 0 (for sanity check)
[M::ha_analyze_count] lowest: count[10] = 27888
[M::ha_analyze_count] highest: count[56] = 3048997
[M::ha_hist_line]     1: ****************************************************************************************************> 181342955
[M::ha_hist_line]     2: *********************************************** 1426247
[M::ha_hist_line]     3: ********** 311264
[M::ha_hist_line]     4: ***** 137591
[M::ha_hist_line]     5: *** 80202
[M::ha_hist_line]     6: ** 54406
[M::ha_hist_line]     7: * 40366
[M::ha_hist_line]     8: * 32569
[M::ha_hist_line]     9: * 28090
[M::ha_hist_line]    10: * 27888
[M::ha_hist_line]    11: * 29775
[M::ha_hist_line]    12: * 35002
[M::ha_hist_line]    13: ** 46406
[M::ha_hist_line]    14: ** 66373
[M::ha_hist_line]    15: *** 94810
[M::ha_hist_line]    16: **** 133230
[M::ha_hist_line]    17: ****** 184120
[M::ha_hist_line]    18: ******** 247687
[M::ha_hist_line]    19: *********** 329223
[M::ha_hist_line]    20: ************** 419267
[M::ha_hist_line]    21: ***************** 512384
[M::ha_hist_line]    22: ******************** 609032
[M::ha_hist_line]    23: *********************** 704705
[M::ha_hist_line]    24: ************************** 780832
[M::ha_hist_line]    25: **************************** 840795
[M::ha_hist_line]    26: ***************************** 881691
[M::ha_hist_line]    27: ****************************** 903568
[M::ha_hist_line]    28: ****************************** 900871
[M::ha_hist_line]    29: ***************************** 879684
[M::ha_hist_line]    30: **************************** 839571
[M::ha_hist_line]    31: ************************** 786360
[M::ha_hist_line]    32: ************************ 724393
[M::ha_hist_line]    33: ********************** 661174
[M::ha_hist_line]    34: ******************** 610296
[M::ha_hist_line]    35: ******************* 569624
[M::ha_hist_line]    36: ****************** 548497
[M::ha_hist_line]    37: ****************** 543633
[M::ha_hist_line]    38: ******************* 564923
[M::ha_hist_line]    39: ******************** 619380
[M::ha_hist_line]    40: *********************** 694322
[M::ha_hist_line]    41: ************************** 797212
[M::ha_hist_line]    42: ****************************** 926079
[M::ha_hist_line]    43: ************************************ 1087370
[M::ha_hist_line]    44: ****************************************** 1271088
[M::ha_hist_line]    45: ************************************************ 1476378
[M::ha_hist_line]    46: ******************************************************* 1682658
[M::ha_hist_line]    47: ************************************************************** 1899817
[M::ha_hist_line]    48: ********************************************************************* 2106735
[M::ha_hist_line]    49: **************************************************************************** 2312980
[M::ha_hist_line]    50: ********************************************************************************** 2495378
[M::ha_hist_line]    51: **************************************************************************************** 2671252
[M::ha_hist_line]    52: ******************************************************************************************** 2819448
[M::ha_hist_line]    53: ************************************************************************************************ 2939001
[M::ha_hist_line]    54: *************************************************************************************************** 3013364
[M::ha_hist_line]    55: **************************************************************************************************** 3045369
[M::ha_hist_line]    56: **************************************************************************************************** 3048997
[M::ha_hist_line]    57: ************************************************************************************************** 3002480
[M::ha_hist_line]    58: ************************************************************************************************ 2926174
[M::ha_hist_line]    59: ******************************************************************************************** 2811400
[M::ha_hist_line]    60: **************************************************************************************** 2677173
[M::ha_hist_line]    61: ********************************************************************************** 2512872
[M::ha_hist_line]    62: **************************************************************************** 2331773
[M::ha_hist_line]    63: ********************************************************************** 2142774
[M::ha_hist_line]    64: **************************************************************** 1942580
[M::ha_hist_line]    65: ********************************************************* 1736272
[M::ha_hist_line]    66: *************************************************** 1548066
[M::ha_hist_line]    67: ********************************************* 1361438
[M::ha_hist_line]    68: *************************************** 1187021
[M::ha_hist_line]    69: ********************************** 1026555
[M::ha_hist_line]    70: ***************************** 877375
[M::ha_hist_line]    71: ************************ 744462
[M::ha_hist_line]    72: ********************* 627397
[M::ha_hist_line]    73: ***************** 521869
[M::ha_hist_line]    74: ************** 431724
[M::ha_hist_line]    75: ************ 353720
[M::ha_hist_line]    76: ********* 288495
[M::ha_hist_line]    77: ******** 234606
[M::ha_hist_line]    78: ****** 189082
[M::ha_hist_line]    79: ***** 155416
[M::ha_hist_line]    80: **** 127799
[M::ha_hist_line]    81: *** 105013
[M::ha_hist_line]    82: *** 87978
[M::ha_hist_line]    83: ** 74192
[M::ha_hist_line]    84: ** 62190
[M::ha_hist_line]    85: ** 52467
[M::ha_hist_line]    86: ** 46021
[M::ha_hist_line]    87: * 41492
[M::ha_hist_line]    88: * 37703
[M::ha_hist_line]    89: * 34811
[M::ha_hist_line]    90: * 32420
[M::ha_hist_line]    91: * 30511
[M::ha_hist_line]    92: * 29016
[M::ha_hist_line]    93: * 28371
[M::ha_hist_line]    94: * 27431
[M::ha_hist_line]    95: * 26825
[M::ha_hist_line]    96: * 26305
[M::ha_hist_line]    97: * 27160
[M::ha_hist_line]    98: * 27123
[M::ha_hist_line]    99: * 27161
[M::ha_hist_line]   100: * 27913
[M::ha_hist_line]   101: * 28041
[M::ha_hist_line]   102: * 28437
[M::ha_hist_line]   103: * 28740
[M::ha_hist_line]   104: * 29028
[M::ha_hist_line]   105: * 29198
[M::ha_hist_line]   106: * 29663
[M::ha_hist_line]   107: * 29631
[M::ha_hist_line]   108: * 30135
[M::ha_hist_line]   109: * 30842
[M::ha_hist_line]   110: * 30826
[M::ha_hist_line]   111: * 30621
[M::ha_hist_line]   112: * 30988
[M::ha_hist_line]   113: * 30888
[M::ha_hist_line]   114: * 31274
[M::ha_hist_line]   115: * 30886
[M::ha_hist_line]   116: * 30674
[M::ha_hist_line]   117: * 30219
[M::ha_hist_line]   118: * 28972
[M::ha_hist_line]   119: * 28241
[M::ha_hist_line]   120: * 27356
[M::ha_hist_line]   121: * 26716
[M::ha_hist_line]   122: * 25667
[M::ha_hist_line]   123: * 24477
[M::ha_hist_line]   124: * 24324
[M::ha_hist_line]   125: * 22935
[M::ha_hist_line]   126: * 22203
[M::ha_hist_line]   127: * 21270
[M::ha_hist_line]   128: * 20359
[M::ha_hist_line]   129: * 19771
[M::ha_hist_line]   130: * 18739
[M::ha_hist_line]   131: * 18356
[M::ha_hist_line]   132: * 17465
[M::ha_hist_line]   133: * 16655
[M::ha_hist_line]   134: * 15773
[M::ha_hist_line]  rest: ****************************** 911254
[M::ha_analyze_count] left: count[27] = 903568
[M::ha_analyze_count] right: none
[M::ha_pt_gen] peak_hom: 56; peak_het: 27
[M::ha_ct_shrink::38446.333*48.25] ==> counted 85904627 distinct minimizer k-mers
[M::ha_pt_gen::] counting in normal mode
[M::yak_count] collected 4697026697 minimizers
[M::yak_count] collected 0 minimizers
[M::ha_pt_gen::38841.826*48.10] ==> indexed 4515683742 positions, counted 85904627 distinct minimizer k-mers
[M::pec::24579.055] # bases: 176308600789; # corrected bases: 68263491
[M::pec::50.718] # exact o: 633481252; # non-exact o: 101688556
[M::ha_assemble::63522.717*52.53@241.555GB] ==> corrected reads for round 2
[M::ha_assemble] # bases: 176308600789; # corrected bases: 68263491
[M::yak_count] collected 4694253433 minimizers
[M::yak_count] collected 0 minimizers
[M::ha_pt_gen::63893.712*52.42] ==> counted 253530694 distinct minimizer k-mers
[M::ha_pt_gen] count[4095] = 0 (for sanity check)
[M::ha_analyze_count] lowest: count[9] = 21657
[M::ha_analyze_count] highest: count[56] = 3047805
[M::ha_hist_line]     1: ****************************************************************************************************> 168258892
[M::ha_hist_line]     2: *********************************** 1067687
[M::ha_hist_line]     3: ******* 212782
[M::ha_hist_line]     4: *** 92807
[M::ha_hist_line]     5: ** 54396
[M::ha_hist_line]     6: * 37463
[M::ha_hist_line]     7: * 28140
[M::ha_hist_line]     8: * 23561
[M::ha_hist_line]     9: * 21657
[M::ha_hist_line]    10: * 22474
[M::ha_hist_line]    11: * 25032
[M::ha_hist_line]    12: * 31094
[M::ha_hist_line]    13: * 42917
[M::ha_hist_line]    14: ** 62604
[M::ha_hist_line]    15: *** 90885
[M::ha_hist_line]    16: **** 128823
[M::ha_hist_line]    17: ****** 178019
[M::ha_hist_line]    18: ******** 239743
[M::ha_hist_line]    19: ********** 318430
[M::ha_hist_line]    20: ************* 409900
[M::ha_hist_line]    21: ***************** 502934
[M::ha_hist_line]    22: ******************** 598689
[M::ha_hist_line]    23: *********************** 695535
[M::ha_hist_line]    24: ************************* 772625
[M::ha_hist_line]    25: *************************** 831706
[M::ha_hist_line]    26: ***************************** 874752
[M::ha_hist_line]    27: ***************************** 899111
[M::ha_hist_line]    28: ****************************** 899680
[M::ha_hist_line]    29: ***************************** 879001
[M::ha_hist_line]    30: **************************** 838488
[M::ha_hist_line]    31: ************************** 789728
[M::ha_hist_line]    32: ************************ 726363
[M::ha_hist_line]    33: ********************** 663969
[M::ha_hist_line]    34: ******************** 611686
[M::ha_hist_line]    35: ******************* 569448
[M::ha_hist_line]    36: ****************** 546549
[M::ha_hist_line]    37: ****************** 538581
[M::ha_hist_line]    38: ****************** 556508
[M::ha_hist_line]    39: ******************** 608785
[M::ha_hist_line]    40: ********************** 679872
[M::ha_hist_line]    41: ************************** 778726
[M::ha_hist_line]    42: ****************************** 904248
[M::ha_hist_line]    43: *********************************** 1059725
[M::ha_hist_line]    44: ***************************************** 1240297
[M::ha_hist_line]    45: *********************************************** 1443030
[M::ha_hist_line]    46: ****************************************************** 1647924
[M::ha_hist_line]    47: ************************************************************* 1866395
[M::ha_hist_line]    48: ******************************************************************** 2073524
[M::ha_hist_line]    49: *************************************************************************** 2276952
[M::ha_hist_line]    50: ********************************************************************************* 2462697
[M::ha_hist_line]    51: *************************************************************************************** 2646051
[M::ha_hist_line]    52: ******************************************************************************************** 2792939
[M::ha_hist_line]    53: ************************************************************************************************ 2921112
[M::ha_hist_line]    54: ************************************************************************************************** 2999141
[M::ha_hist_line]    55: **************************************************************************************************** 3036249
[M::ha_hist_line]    56: **************************************************************************************************** 3047805
[M::ha_hist_line]    57: *************************************************************************************************** 3009855
[M::ha_hist_line]    58: ************************************************************************************************ 2939412
[M::ha_hist_line]    59: ********************************************************************************************* 2827650
[M::ha_hist_line]    60: ***************************************************************************************** 2698196
[M::ha_hist_line]    61: *********************************************************************************** 2539052
[M::ha_hist_line]    62: ***************************************************************************** 2361632
[M::ha_hist_line]    63: *********************************************************************** 2173989
[M::ha_hist_line]    64: ***************************************************************** 1972459
[M::ha_hist_line]    65: ********************************************************** 1769857
[M::ha_hist_line]    66: **************************************************** 1579769
[M::ha_hist_line]    67: ********************************************** 1391068
[M::ha_hist_line]    68: **************************************** 1213521
[M::ha_hist_line]    69: *********************************** 1052999
[M::ha_hist_line]    70: ****************************** 900693
[M::ha_hist_line]    71: ************************* 766594
[M::ha_hist_line]    72: ********************* 647196
[M::ha_hist_line]    73: ****************** 539381
[M::ha_hist_line]    74: *************** 446657
[M::ha_hist_line]    75: ************ 366853
[M::ha_hist_line]    76: ********** 299713
[M::ha_hist_line]    77: ******** 242175
[M::ha_hist_line]    78: ****** 196435
[M::ha_hist_line]    79: ***** 161188
[M::ha_hist_line]    80: **** 132040
[M::ha_hist_line]    81: **** 108456
[M::ha_hist_line]    82: *** 91200
[M::ha_hist_line]    83: ** 76218
[M::ha_hist_line]    84: ** 64835
[M::ha_hist_line]    85: ** 54070
[M::ha_hist_line]    86: ** 46847
[M::ha_hist_line]    87: * 42003
[M::ha_hist_line]    88: * 38031
[M::ha_hist_line]    89: * 35246
[M::ha_hist_line]    90: * 32802
[M::ha_hist_line]    91: * 30939
[M::ha_hist_line]    92: * 29329
[M::ha_hist_line]    93: * 28204
[M::ha_hist_line]    94: * 27368
[M::ha_hist_line]    95: * 26903
[M::ha_hist_line]    96: * 26261
[M::ha_hist_line]    97: * 26677
[M::ha_hist_line]    98: * 26671
[M::ha_hist_line]    99: * 27106
[M::ha_hist_line]   100: * 27870
[M::ha_hist_line]   101: * 27875
[M::ha_hist_line]   102: * 28070
[M::ha_hist_line]   103: * 28555
[M::ha_hist_line]   104: * 28826
[M::ha_hist_line]   105: * 29015
[M::ha_hist_line]   106: * 29414
[M::ha_hist_line]   107: * 29497
[M::ha_hist_line]   108: * 30113
[M::ha_hist_line]   109: * 30119
[M::ha_hist_line]   110: * 30986
[M::ha_hist_line]   111: * 30559
[M::ha_hist_line]   112: * 30896
[M::ha_hist_line]   113: * 30696
[M::ha_hist_line]   114: * 31345
[M::ha_hist_line]   115: * 30700
[M::ha_hist_line]   116: * 30343
[M::ha_hist_line]   117: * 30638
[M::ha_hist_line]   118: * 29229
[M::ha_hist_line]   119: * 28519
[M::ha_hist_line]   120: * 27718
[M::ha_hist_line]   121: * 26958
[M::ha_hist_line]   122: * 25962
[M::ha_hist_line]   123: * 24696
[M::ha_hist_line]   124: * 24125
[M::ha_hist_line]   125: * 23071
[M::ha_hist_line]   126: * 22434
[M::ha_hist_line]   127: * 21554
[M::ha_hist_line]   128: * 20645
[M::ha_hist_line]   129: * 19731
[M::ha_hist_line]   130: * 19041
[M::ha_hist_line]   131: * 18232
[M::ha_hist_line]   132: * 17558
[M::ha_hist_line]   133: * 17000
[M::ha_hist_line]   134: * 16121
[M::ha_hist_line]   135: * 15300
[M::ha_hist_line]  rest: ****************************** 901602
[M::ha_analyze_count] left: count[28] = 899680
[M::ha_analyze_count] right: none
[M::ha_pt_gen] peak_hom: 56; peak_het: 28
[M::ha_ct_shrink::63895.520*52.42] ==> counted 85271802 distinct minimizer k-mers
[M::ha_pt_gen::] counting in normal mode
[M::yak_count] collected 4694253433 minimizers
[M::yak_count] collected 0 minimizers
[M::ha_pt_gen::64294.769*52.29] ==> indexed 4525994541 positions, counted 85271802 distinct minimizer k-mers
[M::pec::24026.973] # bases: 176310003951; # corrected bases: 24766166
[M::pec::51.758] # exact o: 696077761; # non-exact o: 55372440
[M::ha_assemble::88380.987*54.25@261.327GB] ==> corrected reads for round 3
[M::ha_assemble] # bases: 176310003951; # corrected bases: 24766166
[M::yak_count] collected 4693676276 minimizers
[M::yak_count] collected 0 minimizers
[M::ha_pt_gen::88747.500*54.17] ==> counted 248650530 distinct minimizer k-mers
[M::ha_pt_gen] count[4095] = 0 (for sanity check)
[M::ha_analyze_count] lowest: count[9] = 20052
[M::ha_analyze_count] highest: count[56] = 3044517
[M::ha_hist_line]     1: ****************************************************************************************************> 163523803
[M::ha_hist_line]     2: ******************************** 986300
[M::ha_hist_line]     3: ****** 193213
[M::ha_hist_line]     4: *** 83471
[M::ha_hist_line]     5: ** 49107
[M::ha_hist_line]     6: * 33551
[M::ha_hist_line]     7: * 25643
[M::ha_hist_line]     8: * 21486
[M::ha_hist_line]     9: * 20052
[M::ha_hist_line]    10: * 20981
[M::ha_hist_line]    11: * 24015
[M::ha_hist_line]    12: * 29789
[M::ha_hist_line]    13: * 41905
[M::ha_hist_line]    14: ** 61647
[M::ha_hist_line]    15: *** 90049
[M::ha_hist_line]    16: **** 128099
[M::ha_hist_line]    17: ****** 177616
[M::ha_hist_line]    18: ******** 237040
[M::ha_hist_line]    19: ********** 314180
[M::ha_hist_line]    20: ************* 404942
[M::ha_hist_line]    21: **************** 498728
[M::ha_hist_line]    22: ******************** 595309
[M::ha_hist_line]    23: *********************** 691106
[M::ha_hist_line]    24: ************************* 769676
[M::ha_hist_line]    25: *************************** 829485
[M::ha_hist_line]    26: ***************************** 871718
[M::ha_hist_line]    27: ***************************** 896634
[M::ha_hist_line]    28: ****************************** 899183
[M::ha_hist_line]    29: ***************************** 879128
[M::ha_hist_line]    30: **************************** 838018
[M::ha_hist_line]    31: ************************** 789782
[M::ha_hist_line]    32: ************************ 727879
[M::ha_hist_line]    33: ********************** 663890
[M::ha_hist_line]    34: ******************** 612431
[M::ha_hist_line]    35: ******************* 569339
[M::ha_hist_line]    36: ****************** 545817
[M::ha_hist_line]    37: ****************** 536582
[M::ha_hist_line]    38: ****************** 553820
[M::ha_hist_line]    39: ******************** 604802
[M::ha_hist_line]    40: ********************** 674317
[M::ha_hist_line]    41: ************************* 772240
[M::ha_hist_line]    42: ***************************** 895832
[M::ha_hist_line]    43: ********************************** 1049765
[M::ha_hist_line]    44: **************************************** 1228171
[M::ha_hist_line]    45: *********************************************** 1429687
[M::ha_hist_line]    46: ****************************************************** 1635469
[M::ha_hist_line]    47: ************************************************************* 1852854
[M::ha_hist_line]    48: ******************************************************************** 2060584
[M::ha_hist_line]    49: ************************************************************************** 2265316
[M::ha_hist_line]    50: ********************************************************************************* 2451705
[M::ha_hist_line]    51: *************************************************************************************** 2636033
[M::ha_hist_line]    52: ******************************************************************************************* 2783005
[M::ha_hist_line]    53: ************************************************************************************************ 2914013
[M::ha_hist_line]    54: ************************************************************************************************** 2991898
[M::ha_hist_line]    55: **************************************************************************************************** 3034969
[M::ha_hist_line]    56: **************************************************************************************************** 3044517
[M::ha_hist_line]    57: *************************************************************************************************** 3012389
[M::ha_hist_line]    58: ************************************************************************************************* 2941604
[M::ha_hist_line]    59: ********************************************************************************************* 2835735
[M::ha_hist_line]    60: ***************************************************************************************** 2705214
[M::ha_hist_line]    61: ************************************************************************************ 2549911
[M::ha_hist_line]    62: ****************************************************************************** 2372362
[M::ha_hist_line]    63: ************************************************************************ 2186737
[M::ha_hist_line]    64: ***************************************************************** 1984178
[M::ha_hist_line]    65: *********************************************************** 1781524
[M::ha_hist_line]    66: **************************************************** 1591146
[M::ha_hist_line]    67: ********************************************** 1402507
[M::ha_hist_line]    68: **************************************** 1224296
[M::ha_hist_line]    69: *********************************** 1062847
[M::ha_hist_line]    70: ****************************** 909846
[M::ha_hist_line]    71: ************************* 774485
[M::ha_hist_line]    72: ********************** 655148
[M::ha_hist_line]    73: ****************** 546114
[M::ha_hist_line]    74: *************** 453487
[M::ha_hist_line]    75: ************ 371716
[M::ha_hist_line]    76: ********** 303709
[M::ha_hist_line]    77: ******** 245457
[M::ha_hist_line]    78: ******* 199848
[M::ha_hist_line]    79: ***** 163174
[M::ha_hist_line]    80: **** 134073
[M::ha_hist_line]    81: **** 110112
[M::ha_hist_line]    82: *** 92349
[M::ha_hist_line]    83: *** 77222
[M::ha_hist_line]    84: ** 65409
[M::ha_hist_line]    85: ** 54902
[M::ha_hist_line]    86: ** 47133
[M::ha_hist_line]    87: * 42531
[M::ha_hist_line]    88: * 38003
[M::ha_hist_line]    89: * 35421
[M::ha_hist_line]    90: * 32816
[M::ha_hist_line]    91: * 31171
[M::ha_hist_line]    92: * 29380
[M::ha_hist_line]    93: * 28126
[M::ha_hist_line]    94: * 27519
[M::ha_hist_line]    95: * 26543
[M::ha_hist_line]    96: * 26293
[M::ha_hist_line]    97: * 26608
[M::ha_hist_line]    98: * 26575
[M::ha_hist_line]    99: * 27173
[M::ha_hist_line]   100: * 27772
[M::ha_hist_line]   101: * 28069
[M::ha_hist_line]   102: * 28005
[M::ha_hist_line]   103: * 28323
[M::ha_hist_line]   104: * 28879
[M::ha_hist_line]   105: * 28926
[M::ha_hist_line]   106: * 29365
[M::ha_hist_line]   107: * 29595
[M::ha_hist_line]   108: * 29948
[M::ha_hist_line]   109: * 30086
[M::ha_hist_line]   110: * 30812
[M::ha_hist_line]   111: * 30760
[M::ha_hist_line]   112: * 30895
[M::ha_hist_line]   113: * 30664
[M::ha_hist_line]   114: * 31015
[M::ha_hist_line]   115: * 30772
[M::ha_hist_line]   116: * 30268
[M::ha_hist_line]   117: * 30612
[M::ha_hist_line]   118: * 29249
[M::ha_hist_line]   119: * 28610
[M::ha_hist_line]   120: * 27786
[M::ha_hist_line]   121: * 26925
[M::ha_hist_line]   122: * 26154
[M::ha_hist_line]   123: * 24866
[M::ha_hist_line]   124: * 24086
[M::ha_hist_line]   125: * 23259
[M::ha_hist_line]   126: * 22146
[M::ha_hist_line]   127: * 21965
[M::ha_hist_line]   128: * 20716
[M::ha_hist_line]   129: * 19776
[M::ha_hist_line]   130: * 19191
[M::ha_hist_line]   131: * 18268
[M::ha_hist_line]   132: * 17628
[M::ha_hist_line]   133: * 16888
[M::ha_hist_line]   134: * 16192
[M::ha_hist_line]   135: * 15478
[M::ha_hist_line]  rest: ****************************** 903197
[M::ha_analyze_count] left: count[28] = 899183
[M::ha_analyze_count] right: none
[M::ha_pt_gen] peak_hom: 56; peak_het: 28
[M::ha_ct_shrink::88749.544*54.17] ==> counted 85126727 distinct minimizer k-mers
[M::ha_pt_gen::] counting in normal mode
[M::yak_count] collected 4693676276 minimizers
[M::yak_count] collected 0 minimizers
[M::ha_pt_gen::89141.195*54.08] ==> indexed 4530152473 positions, counted 85126727 distinct minimizer k-mers
[M::ha_print_ovlp_stat_0] # overlaps: 742514559
[M::ha_print_ovlp_stat_0] # strong overlaps: 394134541
[M::ha_print_ovlp_stat_0] # weak overlaps: 348380018
[M::ha_print_ovlp_stat_0] # exact overlaps: 687972879
[M::ha_print_ovlp_stat_0] # inexact overlaps: 54541680
[M::ha_print_ovlp_stat_0] # overlaps without large indels: 736459365
[M::ha_print_ovlp_stat_0] # reverse overlaps: 535738668
[M::ha_print_ovlp_stat_0] # running time: 2601.726
[M::ha_assemble::91757.053*54.23@268.030GB] ==> found overlaps for the final round
[M::ha_triobin_yak::92705.088*54.13] ==> partitioned reads using yak dumps
[M::ha_opt_update_cov_min] updated max_n_chain to 280
Writing reads to disk... 
Reads has been written.
Writing binning to disk ...... 
Binning has been written.
Writing ma_hit_ts to disk... 
ma_hit_ts has been written.
Writing ma_hit_ts to disk... 
ma_hit_ts has been written.
bin files have been written.
[M::gen_chemical_arc_rf] # chimeric reads: 1270822
[M::purge_dups] homozygous read coverage threshold: 56
[M::purge_dups] purge duplication coverage threshold: 70
[M::ug_ext_gfa::] # tips::48
Writing raw unitig GFA to disk... 
Writing processed unitig GFA to disk... 
[M::reduce_hamming_error_adv::2.244] # inserted edges: 59696, # fixed bubbles: 862
[M::adjust_utg_by_trio] primary contig coverage range: [47, infinity]
[M::recall_arcs] # transitive arcs::480
[M::recall_arcs] # new arcs::278180, # old arcs::160306
[M::clean_trio_untig_graph] # adjusted arcs::0
[M::purge_dups] homozygous read coverage threshold: 56
[M::purge_dups] purge duplication coverage threshold: 70
[M::mc_solve:: # edges: 264]
[M::mc_solve_core_adv::0.032] ==> Partition
[M::adjust_utg_by_trio] primary contig coverage range: [47, infinity]
[M::recall_arcs] # transitive arcs::622
[M::recall_arcs] # new arcs::279274, # old arcs::161398
[M::clean_trio_untig_graph] # adjusted arcs::0
[M::purge_dups] homozygous read coverage threshold: 56
[M::purge_dups] purge duplication coverage threshold: 70
[M::mc_solve:: # edges: 292]
[M::mc_solve_core_adv::0.028] ==> Partition
[M::output_trio_graph_joint] dedup_base::1526708, miss_base::0
Writing hg01243.ont.dip.hap1.p_ctg.gfa to disk... 
Writing hg01243.ont.dip.hap2.p_ctg.gfa to disk... 
Inconsistency threshold for low-quality regions in BED files: 70%
[M::main] Version: 0.25.0-r726
[M::main] CMD: hifiasm -o hg01243.ont -l1 -t 60 -1 yak/pat.yak -2 yak/mat.yak --ont HG005_standar_ont_sup_PAW87816.fastq.gz HG005_standar_ont_sup_PAW88001.fastq.gz
[M::main] Real time: 94808.261 sec; CPU: 5021577.679 sec; Peak RSS: 278.633 GB
