[M::ha_analyze_count] lowest: count[8] = 2742519
[M::ha_analyze_count] highest: count[27] = 84477026
[M::ha_hist_line]     2: ****************************************************************************************************> 191693203
[M::ha_hist_line]     3: ********************************** 29065200
[M::ha_hist_line]     4: ************* 10674336
[M::ha_hist_line]     5: ******* 5839976
[M::ha_hist_line]     6: ***** 3993620
[M::ha_hist_line]     7: **** 3100096
[M::ha_hist_line]     8: *** 2742519
[M::ha_hist_line]     9: *** 2779981
[M::ha_hist_line]    10: **** 3224541
[M::ha_hist_line]    11: ***** 4123610
[M::ha_hist_line]    12: ******* 5680479
[M::ha_hist_line]    13: ********** 8068853
[M::ha_hist_line]    14: ************* 11390281
[M::ha_hist_line]    15: ******************* 15839687
[M::ha_hist_line]    16: ************************* 21376005
[M::ha_hist_line]    17: ********************************* 27995946
[M::ha_hist_line]    18: ****************************************** 35562708
[M::ha_hist_line]    19: **************************************************** 43626806
[M::ha_hist_line]    20: ************************************************************** 52061529
[M::ha_hist_line]    21: *********************************************************************** 60254788
[M::ha_hist_line]    22: ******************************************************************************** 67717468
[M::ha_hist_line]    23: **************************************************************************************** 74183168
[M::ha_hist_line]    24: ********************************************************************************************** 79295526
[M::ha_hist_line]    25: ************************************************************************************************** 82751944
[M::ha_hist_line]    26: **************************************************************************************************** 84421065
[M::ha_hist_line]    27: **************************************************************************************************** 84477026
[M::ha_hist_line]    28: ************************************************************************************************** 83038962
[M::ha_hist_line]    29: *********************************************************************************************** 80425537
[M::ha_hist_line]    30: ******************************************************************************************* 76899346
[M::ha_hist_line]    31: ************************************************************************************** 72724573
[M::ha_hist_line]    32: ********************************************************************************* 68192602
[M::ha_hist_line]    33: *************************************************************************** 63592464
[M::ha_hist_line]    34: ********************************************************************** 59038354
[M::ha_hist_line]    35: ***************************************************************** 54675256
[M::ha_hist_line]    36: ************************************************************ 50562138
[M::ha_hist_line]    37: ******************************************************* 46839654
[M::ha_hist_line]    38: *************************************************** 43444359
[M::ha_hist_line]    39: ************************************************ 40338139
[M::ha_hist_line]    40: ******************************************** 37570610
[M::ha_hist_line]    41: ***************************************** 34913746
[M::ha_hist_line]    42: *************************************** 32539895
[M::ha_hist_line]    43: ************************************ 30273162
[M::ha_hist_line]    44: ********************************* 28164644
[M::ha_hist_line]    45: ******************************* 26117013
[M::ha_hist_line]    46: ***************************** 24205588
[M::ha_hist_line]    47: ************************** 22317918
[M::ha_hist_line]    48: ************************ 20517418
[M::ha_hist_line]    49: ********************** 18780782
[M::ha_hist_line]    50: ******************** 17112568
[M::ha_hist_line]    51: ****************** 15491147
[M::ha_hist_line]    52: **************** 13898958
[M::ha_hist_line]    53: *************** 12390500
[M::ha_hist_line]    54: ************* 10984622
[M::ha_hist_line]    55: *********** 9669891
[M::ha_hist_line]    56: ********** 8475007
[M::ha_hist_line]    57: ********* 7393597
[M::ha_hist_line]    58: ******** 6406241
[M::ha_hist_line]    59: ******* 5517651
[M::ha_hist_line]    60: ****** 4754156
[M::ha_hist_line]    61: ***** 4072315
[M::ha_hist_line]    62: **** 3465688
[M::ha_hist_line]    63: *** 2936976
[M::ha_hist_line]    64: *** 2489999
[M::ha_hist_line]    65: *** 2120547
[M::ha_hist_line]    66: ** 1798094
[M::ha_hist_line]    67: ** 1531707
[M::ha_hist_line]    68: ** 1325302
[M::ha_hist_line]    69: * 1139124
[M::ha_hist_line]    70: * 993446
[M::ha_hist_line]    71: * 879543
[M::ha_hist_line]    72: * 781469
[M::ha_hist_line]    73: * 708486
[M::ha_hist_line]    74: * 639421
[M::ha_hist_line]    75: * 592437
[M::ha_hist_line]    76: * 547919
[M::ha_hist_line]    77: * 510595
[M::ha_hist_line]    78: * 481010
[M::ha_hist_line]    79: * 453683
[M::ha_hist_line]    80: * 431249
[M::ha_hist_line]  rest: *********************** 19257996
[M::ha_analyze_count] left: none
[M::ha_analyze_count] right: none
[M::ha_ft_gen] peak_hom: 27; peak_het: -1
[M::ha_ct_shrink::2704.267*5.17] ==> counted 8212981 distinct minimizer k-mers
[M::ha_ft_gen::2714.439*5.16@50.319GB] ==> filtered out 8212981 k-mers occurring 135 or more times
[M::ha_opt_update_cov] updated max_n_chain to 135
[M::yak_count] collected 883434286 minimizers
[M::yak_count] collected 947508434 minimizers
[M::yak_count] collected 572733720 minimizers
[M::yak_count] collected 588721646 minimizers
[M::ha_pt_gen::5278.084*5.10] ==> counted 469220943 distinct minimizer k-mers
[M::ha_pt_gen] count[4095] = 0 (for sanity check)
[M::ha_analyze_count] lowest: count[9] = 204099
[M::ha_analyze_count] highest: count[26] = 3454422
[M::ha_hist_line]     1: ****************************************************************************************************> 369969111
[M::ha_hist_line]     2: ****************************************************************************************************> 13043771
[M::ha_hist_line]     3: **************************************************************************************************** 3462253
[M::ha_hist_line]     4: ***************************************** 1401325
[M::ha_hist_line]     5: ******************** 697286
[M::ha_hist_line]     6: ************ 414495
[M::ha_hist_line]     7: ******** 284118
[M::ha_hist_line]     8: ******* 224712
[M::ha_hist_line]     9: ****** 204099
[M::ha_hist_line]    10: ****** 212535
[M::ha_hist_line]    11: ******* 247056
[M::ha_hist_line]    12: ********* 315331
[M::ha_hist_line]    13: ************ 420493
[M::ha_hist_line]    14: **************** 567996
[M::ha_hist_line]    15: ********************** 762138
[M::ha_hist_line]    16: ***************************** 1004000
[M::ha_hist_line]    17: ************************************* 1287916
[M::ha_hist_line]    18: ********************************************** 1605526
[M::ha_hist_line]    19: ******************************************************** 1941667
[M::ha_hist_line]    20: ****************************************************************** 2279452
[M::ha_hist_line]    21: *************************************************************************** 2601888
[M::ha_hist_line]    22: ************************************************************************************ 2888930
[M::ha_hist_line]    23: ******************************************************************************************* 3127346
[M::ha_hist_line]    24: ************************************************************************************************ 3306984
[M::ha_hist_line]    25: *************************************************************************************************** 3419027
[M::ha_hist_line]    26: **************************************************************************************************** 3454422
[M::ha_hist_line]    27: *************************************************************************************************** 3429468
[M::ha_hist_line]    28: ************************************************************************************************* 3346794
[M::ha_hist_line]    29: ********************************************************************************************* 3220883
[M::ha_hist_line]    30: ***************************************************************************************** 3067316
[M::ha_hist_line]    31: ************************************************************************************ 2885293
[M::ha_hist_line]    32: ****************************************************************************** 2693659
[M::ha_hist_line]    33: ************************************************************************* 2509058
[M::ha_hist_line]    34: ******************************************************************* 2324948
[M::ha_hist_line]    35: ************************************************************** 2152378
[M::ha_hist_line]    36: ********************************************************** 1987209
[M::ha_hist_line]    37: ***************************************************** 1840949
[M::ha_hist_line]    38: ************************************************* 1706809
[M::ha_hist_line]    39: ********************************************** 1585235
[M::ha_hist_line]    40: ******************************************* 1474370
[M::ha_hist_line]    41: **************************************** 1370413
[M::ha_hist_line]    42: ************************************* 1276592
[M::ha_hist_line]    43: ********************************** 1184731
[M::ha_hist_line]    44: ******************************** 1098754
[M::ha_hist_line]    45: ***************************** 1018409
[M::ha_hist_line]    46: *************************** 942915
[M::ha_hist_line]    47: ************************* 867620
[M::ha_hist_line]    48: *********************** 799458
[M::ha_hist_line]    49: ********************* 728060
[M::ha_hist_line]    50: ******************* 663027
[M::ha_hist_line]    51: ***************** 598025
[M::ha_hist_line]    52: **************** 535954
[M::ha_hist_line]    53: ************** 479069
[M::ha_hist_line]    54: ************ 427109
[M::ha_hist_line]    55: *********** 375260
[M::ha_hist_line]    56: ********** 331651
[M::ha_hist_line]    57: ******** 290192
[M::ha_hist_line]    58: ******* 252851
[M::ha_hist_line]    59: ****** 219737
[M::ha_hist_line]    60: ****** 192258
[M::ha_hist_line]    61: ***** 167884
[M::ha_hist_line]    62: **** 144775
[M::ha_hist_line]    63: **** 125402
[M::ha_hist_line]    64: *** 108972
[M::ha_hist_line]    65: *** 95306
[M::ha_hist_line]    66: ** 83374
[M::ha_hist_line]    67: ** 73940
[M::ha_hist_line]    68: ** 65728
[M::ha_hist_line]    69: ** 58807
[M::ha_hist_line]    70: ** 53366
[M::ha_hist_line]    71: * 49013
[M::ha_hist_line]    72: * 44585
[M::ha_hist_line]    73: * 41463
[M::ha_hist_line]    74: * 39133
[M::ha_hist_line]    75: * 36734
[M::ha_hist_line]    76: * 34929
[M::ha_hist_line]    77: * 33365
[M::ha_hist_line]    78: * 31742
[M::ha_hist_line]    79: * 30401
[M::ha_hist_line]    80: * 29535
[M::ha_hist_line]    81: * 28503
[M::ha_hist_line]    82: * 27828
[M::ha_hist_line]    83: * 27075
[M::ha_hist_line]    84: * 26261
[M::ha_hist_line]    85: * 25141
[M::ha_hist_line]    86: * 24239
[M::ha_hist_line]    87: * 23597
[M::ha_hist_line]    88: * 22912
[M::ha_hist_line]    89: * 22243
[M::ha_hist_line]    90: * 21707
[M::ha_hist_line]    91: * 21037
[M::ha_hist_line]    92: * 20614
[M::ha_hist_line]    93: * 19955
[M::ha_hist_line]    94: * 19133
[M::ha_hist_line]    95: * 18697
[M::ha_hist_line]    96: * 18167
[M::ha_hist_line]    97: * 17648
[M::ha_hist_line]  rest: ************** 467401
[M::ha_analyze_count] left: none
[M::ha_analyze_count] right: none
[M::ha_pt_gen] peak_hom: 26; peak_het: -1
[M::ha_ct_shrink::5279.943*5.10] ==> counted 99251832 distinct minimizer k-mers
[M::ha_pt_gen::] counting in normal mode
[M::yak_count] collected 2992398086 minimizers
[M::yak_count] collected 0 minimizers
[M::yak_count] collected 0 minimizers
[M::yak_count] collected 0 minimizers
[M::ha_pt_gen::5660.668*6.41] ==> indexed 2622428975 positions, counted 99251832 distinct minimizer k-mers
[M::pec::5669.525] # bases: 111744263931; # corrected bases: 648001283
[M::pec::28.936] # exact o: 261346498; # non-exact o: 130725693
[M::ha_assemble::11408.697*33.12@127.843GB] ==> corrected reads for round 1
[M::ha_assemble] # bases: 111744263931; # corrected bases: 648001283
[M::yak_count] collected 2974080573 minimizers
[M::yak_count] collected 0 minimizers
[M::yak_count] collected 0 minimizers
[M::yak_count] collected 0 minimizers
[M::ha_pt_gen::11706.231*32.99] ==> counted 214366999 distinct minimizer k-mers
[M::ha_pt_gen] count[4095] = 0 (for sanity check)
[M::ha_analyze_count] lowest: count[9] = 102106
[M::ha_analyze_count] highest: count[29] = 3240948
[M::ha_hist_line]     1: ****************************************************************************************************> 132819574
[M::ha_hist_line]     2: *********************************** 1135022
[M::ha_hist_line]     3: *********** 350713
[M::ha_hist_line]     4: ******* 212920
[M::ha_hist_line]     5: ***** 158786
[M::ha_hist_line]     6: **** 131027
[M::ha_hist_line]     7: *** 112850
[M::ha_hist_line]     8: *** 103462
[M::ha_hist_line]     9: *** 102106
[M::ha_hist_line]    10: *** 106247
[M::ha_hist_line]    11: **** 120666
[M::ha_hist_line]    12: ***** 146635
[M::ha_hist_line]    13: ****** 187096
[M::ha_hist_line]    14: ******** 253148
[M::ha_hist_line]    15: *********** 346067
[M::ha_hist_line]    16: *************** 471897
[M::ha_hist_line]    17: ******************** 634137
[M::ha_hist_line]    18: ************************** 835518
[M::ha_hist_line]    19: ********************************* 1070099
[M::ha_hist_line]    20: ****************************************** 1349324
[M::ha_hist_line]    21: *************************************************** 1642766
[M::ha_hist_line]    22: ************************************************************ 1944479
[M::ha_hist_line]    23: ********************************************************************* 2250269
[M::ha_hist_line]    24: ****************************************************************************** 2535325
[M::ha_hist_line]    25: ************************************************************************************** 2786773
[M::ha_hist_line]    26: ******************************************************************************************** 2986685
[M::ha_hist_line]    27: ************************************************************************************************* 3136147
[M::ha_hist_line]    28: *************************************************************************************************** 3221927
[M::ha_hist_line]    29: **************************************************************************************************** 3240948
[M::ha_hist_line]    30: *************************************************************************************************** 3224139
[M::ha_hist_line]    31: ************************************************************************************************* 3134423
[M::ha_hist_line]    32: ********************************************************************************************* 3022914
[M::ha_hist_line]    33: ***************************************************************************************** 2878443
[M::ha_hist_line]    34: ************************************************************************************ 2718859
[M::ha_hist_line]    35: ******************************************************************************* 2548350
[M::ha_hist_line]    36: ************************************************************************* 2381785
[M::ha_hist_line]    37: ******************************************************************** 2213776
[M::ha_hist_line]    38: *************************************************************** 2056723
[M::ha_hist_line]    39: *********************************************************** 1917768
[M::ha_hist_line]    40: ******************************************************* 1778482
[M::ha_hist_line]    41: *************************************************** 1661392
[M::ha_hist_line]    42: ************************************************ 1553495
[M::ha_hist_line]    43: ********************************************* 1455413
[M::ha_hist_line]    44: ****************************************** 1360757
[M::ha_hist_line]    45: *************************************** 1279084
[M::ha_hist_line]    46: ************************************* 1205868
[M::ha_hist_line]    47: *********************************** 1132682
[M::ha_hist_line]    48: ********************************* 1058055
[M::ha_hist_line]    49: ******************************* 990387
[M::ha_hist_line]    50: ***************************** 928289
[M::ha_hist_line]    51: *************************** 867622
[M::ha_hist_line]    52: ************************* 805992
[M::ha_hist_line]    53: *********************** 744177
[M::ha_hist_line]    54: ********************* 686648
[M::ha_hist_line]    55: ******************* 625554
[M::ha_hist_line]    56: ****************** 568718
[M::ha_hist_line]    57: **************** 513976
[M::ha_hist_line]    58: ************** 461591
[M::ha_hist_line]    59: ************* 414049
[M::ha_hist_line]    60: *********** 368047
[M::ha_hist_line]    61: ********** 325430
[M::ha_hist_line]    62: ********* 289102
[M::ha_hist_line]    63: ******** 253406
[M::ha_hist_line]    64: ******* 220833
[M::ha_hist_line]    65: ****** 190313
[M::ha_hist_line]    66: ***** 165690
[M::ha_hist_line]    67: **** 142914
[M::ha_hist_line]    68: **** 123645
[M::ha_hist_line]    69: *** 106237
[M::ha_hist_line]    70: *** 91747
[M::ha_hist_line]    71: ** 81028
[M::ha_hist_line]    72: ** 71194
[M::ha_hist_line]    73: ** 61906
[M::ha_hist_line]    74: ** 56458
[M::ha_hist_line]    75: ** 50529
[M::ha_hist_line]    76: * 46324
[M::ha_hist_line]    77: * 42313
[M::ha_hist_line]    78: * 39491
[M::ha_hist_line]    79: * 36717
[M::ha_hist_line]    80: * 34221
[M::ha_hist_line]    81: * 32676
[M::ha_hist_line]    82: * 30710
[M::ha_hist_line]    83: * 29338
[M::ha_hist_line]    84: * 28466
[M::ha_hist_line]    85: * 27862
[M::ha_hist_line]    86: * 26510
[M::ha_hist_line]    87: * 25593
[M::ha_hist_line]    88: * 25132
[M::ha_hist_line]    89: * 23653
[M::ha_hist_line]    90: * 23331
[M::ha_hist_line]    91: * 22745
[M::ha_hist_line]    92: * 21920
[M::ha_hist_line]    93: * 21115
[M::ha_hist_line]    94: * 20896
[M::ha_hist_line]    95: * 19604
[M::ha_hist_line]    96: * 19108
[M::ha_hist_line]    97: * 18314
[M::ha_hist_line]    98: * 18268
[M::ha_hist_line]    99: * 17701
[M::ha_hist_line]   100: * 16873
[M::ha_hist_line]   101: * 16938
[M::ha_hist_line]   102: * 16346
[M::ha_hist_line]  rest: *************** 484331
[M::ha_analyze_count] left: none
[M::ha_analyze_count] right: none
[M::ha_pt_gen] peak_hom: 29; peak_het: -1
[M::ha_ct_shrink::11707.582*32.99] ==> counted 81547425 distinct minimizer k-mers
[M::ha_pt_gen::] counting in normal mode
[M::yak_count] collected 2974080573 minimizers
[M::yak_count] collected 0 minimizers
[M::yak_count] collected 0 minimizers
[M::yak_count] collected 0 minimizers
[M::ha_pt_gen::12069.869*32.74] ==> indexed 2841260999 positions, counted 81547425 distinct minimizer k-mers
[M::pec::3983.422] # bases: 111763264856; # corrected bases: 42972819
[M::pec::26.139] # exact o: 385214039; # non-exact o: 47964494
[M::ha_assemble::16102.465*39.47@146.838GB] ==> corrected reads for round 2
[M::ha_assemble] # bases: 111763264856; # corrected bases: 42972819
[M::yak_count] collected 2972013096 minimizers
[M::yak_count] collected 0 minimizers
[M::yak_count] collected 0 minimizers
[M::yak_count] collected 0 minimizers
[M::ha_pt_gen::16400.408*39.27] ==> counted 205321853 distinct minimizer k-mers
[M::ha_pt_gen] count[4095] = 0 (for sanity check)
[M::ha_analyze_count] lowest: count[9] = 94533
[M::ha_analyze_count] highest: count[29] = 3233710
[M::ha_hist_line]     1: ****************************************************************************************************> 124270098
[M::ha_hist_line]     2: *************************** 866652
[M::ha_hist_line]     3: ******** 271980
[M::ha_hist_line]     4: ***** 175386
[M::ha_hist_line]     5: **** 137082
[M::ha_hist_line]     6: **** 115749
[M::ha_hist_line]     7: *** 101077
[M::ha_hist_line]     8: *** 94557
[M::ha_hist_line]     9: *** 94533
[M::ha_hist_line]    10: *** 100582
[M::ha_hist_line]    11: **** 114767
[M::ha_hist_line]    12: **** 141043
[M::ha_hist_line]    13: ****** 180886
[M::ha_hist_line]    14: ******** 244783
[M::ha_hist_line]    15: ********** 335465
[M::ha_hist_line]    16: ************** 459774
[M::ha_hist_line]    17: ******************* 619464
[M::ha_hist_line]    18: ************************* 818403
[M::ha_hist_line]    19: ******************************** 1049094
[M::ha_hist_line]    20: ***************************************** 1323666
[M::ha_hist_line]    21: ************************************************** 1616153
[M::ha_hist_line]    22: *********************************************************** 1916402
[M::ha_hist_line]    23: ********************************************************************* 2221365
[M::ha_hist_line]    24: ****************************************************************************** 2508640
[M::ha_hist_line]    25: ************************************************************************************* 2764641
[M::ha_hist_line]    26: ******************************************************************************************** 2964543
[M::ha_hist_line]    27: ************************************************************************************************ 3119106
[M::ha_hist_line]    28: *************************************************************************************************** 3211075
[M::ha_hist_line]    29: **************************************************************************************************** 3233710
[M::ha_hist_line]    30: **************************************************************************************************** 3218606
[M::ha_hist_line]    31: ************************************************************************************************* 3134302
[M::ha_hist_line]    32: ********************************************************************************************** 3028790
[M::ha_hist_line]    33: ***************************************************************************************** 2885284
[M::ha_hist_line]    34: ************************************************************************************ 2727553
[M::ha_hist_line]    35: ******************************************************************************* 2559490
[M::ha_hist_line]    36: ************************************************************************** 2390225
[M::ha_hist_line]    37: ********************************************************************* 2226224
[M::ha_hist_line]    38: **************************************************************** 2066251
[M::ha_hist_line]    39: ************************************************************ 1927287
[M::ha_hist_line]    40: ******************************************************* 1791143
[M::ha_hist_line]    41: **************************************************** 1669646
[M::ha_hist_line]    42: ************************************************ 1560857
[M::ha_hist_line]    43: ********************************************* 1463813
[M::ha_hist_line]    44: ****************************************** 1367733
[M::ha_hist_line]    45: **************************************** 1285221
[M::ha_hist_line]    46: ************************************** 1212935
[M::ha_hist_line]    47: *********************************** 1138210
[M::ha_hist_line]    48: ********************************* 1065340
[M::ha_hist_line]    49: ******************************* 996977
[M::ha_hist_line]    50: ***************************** 934592
[M::ha_hist_line]    51: *************************** 873810
[M::ha_hist_line]    52: ************************* 813732
[M::ha_hist_line]    53: *********************** 752060
[M::ha_hist_line]    54: ********************* 693831
[M::ha_hist_line]    55: ******************** 632712
[M::ha_hist_line]    56: ****************** 577403
[M::ha_hist_line]    57: **************** 520482
[M::ha_hist_line]    58: *************** 469048
[M::ha_hist_line]    59: ************* 419891
[M::ha_hist_line]    60: ************ 375203
[M::ha_hist_line]    61: ********** 331453
[M::ha_hist_line]    62: ********* 294605
[M::ha_hist_line]    63: ******** 257565
[M::ha_hist_line]    64: ******* 226209
[M::ha_hist_line]    65: ****** 194426
[M::ha_hist_line]    66: ***** 169486
[M::ha_hist_line]    67: ***** 146360
[M::ha_hist_line]    68: **** 126391
[M::ha_hist_line]    69: *** 108209
[M::ha_hist_line]    70: *** 93971
[M::ha_hist_line]    71: *** 82286
[M::ha_hist_line]    72: ** 72153
[M::ha_hist_line]    73: ** 63305
[M::ha_hist_line]    74: ** 56661
[M::ha_hist_line]    75: ** 51504
[M::ha_hist_line]    76: * 47130
[M::ha_hist_line]    77: * 43272
[M::ha_hist_line]    78: * 39593
[M::ha_hist_line]    79: * 36965
[M::ha_hist_line]    80: * 34239
[M::ha_hist_line]    81: * 32877
[M::ha_hist_line]    82: * 31246
[M::ha_hist_line]    83: * 29561
[M::ha_hist_line]    84: * 28399
[M::ha_hist_line]    85: * 27765
[M::ha_hist_line]    86: * 26630
[M::ha_hist_line]    87: * 26067
[M::ha_hist_line]    88: * 25444
[M::ha_hist_line]    89: * 24008
[M::ha_hist_line]    90: * 23483
[M::ha_hist_line]    91: * 22762
[M::ha_hist_line]    92: * 21906
[M::ha_hist_line]    93: * 21200
[M::ha_hist_line]    94: * 20827
[M::ha_hist_line]    95: * 19956
[M::ha_hist_line]    96: * 19024
[M::ha_hist_line]    97: * 18487
[M::ha_hist_line]    98: * 17993
[M::ha_hist_line]    99: * 17752
[M::ha_hist_line]   100: * 17207
[M::ha_hist_line]   101: * 16869
[M::ha_hist_line]   102: * 16529
[M::ha_hist_line]  rest: *************** 490751
[M::ha_analyze_count] left: none
[M::ha_analyze_count] right: none
[M::ha_pt_gen] peak_hom: 29; peak_het: -1
[M::ha_ct_shrink::16401.787*39.27] ==> counted 81051755 distinct minimizer k-mers
[M::ha_pt_gen::] counting in normal mode
[M::yak_count] collected 2972013096 minimizers
[M::yak_count] collected 0 minimizers
[M::yak_count] collected 0 minimizers
[M::yak_count] collected 0 minimizers
[M::ha_pt_gen::16765.454*38.95] ==> indexed 2847742998 positions, counted 81051755 distinct minimizer k-mers
[M::pec::3602.867] # bases: 111764059492; # corrected bases: 15185570
[M::pec::25.559] # exact o: 420726848; # non-exact o: 20588468
[M::ha_assemble::20396.937*42.63@162.706GB] ==> corrected reads for round 3
[M::ha_assemble] # bases: 111764059492; # corrected bases: 15185570
[M::yak_count] collected 2971529480 minimizers
[M::yak_count] collected 0 minimizers
[M::yak_count] collected 0 minimizers
[M::yak_count] collected 0 minimizers
[M::ha_pt_gen::20695.219*42.43] ==> counted 202194458 distinct minimizer k-mers
[M::ha_pt_gen] count[4095] = 0 (for sanity check)
[M::ha_analyze_count] lowest: count[8] = 91320
[M::ha_analyze_count] highest: count[29] = 3232793
[M::ha_hist_line]     1: ****************************************************************************************************> 121263905
[M::ha_hist_line]     2: ************************* 803528
[M::ha_hist_line]     3: ******** 253829
[M::ha_hist_line]     4: ***** 166188
[M::ha_hist_line]     5: **** 130577
[M::ha_hist_line]     6: *** 111924
[M::ha_hist_line]     7: *** 98060
[M::ha_hist_line]     8: *** 91320
[M::ha_hist_line]     9: *** 91947
[M::ha_hist_line]    10: *** 98706
[M::ha_hist_line]    11: **** 113298
[M::ha_hist_line]    12: **** 138960
[M::ha_hist_line]    13: ****** 178323
[M::ha_hist_line]    14: ******* 242209
[M::ha_hist_line]    15: ********** 332624
[M::ha_hist_line]    16: ************** 456320
[M::ha_hist_line]    17: ******************* 614654
[M::ha_hist_line]    18: ************************* 812631
[M::ha_hist_line]    19: ******************************** 1042565
[M::ha_hist_line]    20: ***************************************** 1314880
[M::ha_hist_line]    21: ************************************************** 1607397
[M::ha_hist_line]    22: *********************************************************** 1906642
[M::ha_hist_line]    23: ******************************************************************** 2211676
[M::ha_hist_line]    24: ***************************************************************************** 2498882
[M::ha_hist_line]    25: ************************************************************************************* 2755142
[M::ha_hist_line]    26: ******************************************************************************************* 2956815
[M::ha_hist_line]    27: ************************************************************************************************ 3113163
[M::ha_hist_line]    28: *************************************************************************************************** 3204975
[M::ha_hist_line]    29: **************************************************************************************************** 3232793
[M::ha_hist_line]    30: **************************************************************************************************** 3217100
[M::ha_hist_line]    31: ************************************************************************************************* 3133942
[M::ha_hist_line]    32: ********************************************************************************************** 3031081
[M::ha_hist_line]    33: ***************************************************************************************** 2888587
[M::ha_hist_line]    34: ************************************************************************************* 2731885
[M::ha_hist_line]    35: ******************************************************************************* 2562256
[M::ha_hist_line]    36: ************************************************************************** 2392420
[M::ha_hist_line]    37: ********************************************************************* 2228745
[M::ha_hist_line]    38: **************************************************************** 2070877
[M::ha_hist_line]    39: ************************************************************ 1930731
[M::ha_hist_line]    40: ******************************************************* 1793457
[M::ha_hist_line]    41: **************************************************** 1672713
[M::ha_hist_line]    42: ************************************************ 1562310
[M::ha_hist_line]    43: ********************************************* 1467809
[M::ha_hist_line]    44: ****************************************** 1369082
[M::ha_hist_line]    45: **************************************** 1287748
[M::ha_hist_line]    46: ************************************** 1215480
[M::ha_hist_line]    47: *********************************** 1140608
[M::ha_hist_line]    48: ********************************* 1069055
[M::ha_hist_line]    49: ******************************* 1000720
[M::ha_hist_line]    50: ***************************** 936532
[M::ha_hist_line]    51: *************************** 876079
[M::ha_hist_line]    52: ************************* 815695
[M::ha_hist_line]    53: *********************** 755129
[M::ha_hist_line]    54: ********************** 696741
[M::ha_hist_line]    55: ******************** 635112
[M::ha_hist_line]    56: ****************** 580508
[M::ha_hist_line]    57: **************** 524058
[M::ha_hist_line]    58: *************** 471774
[M::ha_hist_line]    59: ************* 421552
[M::ha_hist_line]    60: ************ 377320
[M::ha_hist_line]    61: ********** 334232
[M::ha_hist_line]    62: ********* 296484
[M::ha_hist_line]    63: ******** 259420
[M::ha_hist_line]    64: ******* 227615
[M::ha_hist_line]    65: ****** 196225
[M::ha_hist_line]    66: ***** 170957
[M::ha_hist_line]    67: ***** 147210
[M::ha_hist_line]    68: **** 127587
[M::ha_hist_line]    69: *** 109327
[M::ha_hist_line]    70: *** 94967
[M::ha_hist_line]    71: *** 82967
[M::ha_hist_line]    72: ** 72609
[M::ha_hist_line]    73: ** 63776
[M::ha_hist_line]    74: ** 56919
[M::ha_hist_line]    75: ** 51518
[M::ha_hist_line]    76: * 47372
[M::ha_hist_line]    77: * 43545
[M::ha_hist_line]    78: * 40044
[M::ha_hist_line]    79: * 37177
[M::ha_hist_line]    80: * 34342
[M::ha_hist_line]    81: * 33219
[M::ha_hist_line]    82: * 31146
[M::ha_hist_line]    83: * 29505
[M::ha_hist_line]    84: * 28365
[M::ha_hist_line]    85: * 27930
[M::ha_hist_line]    86: * 26643
[M::ha_hist_line]    87: * 26129
[M::ha_hist_line]    88: * 25117
[M::ha_hist_line]    89: * 24276
[M::ha_hist_line]    90: * 23506
[M::ha_hist_line]    91: * 22854
[M::ha_hist_line]    92: * 21880
[M::ha_hist_line]    93: * 21252
[M::ha_hist_line]    94: * 20907
[M::ha_hist_line]    95: * 19810
[M::ha_hist_line]    96: * 19163
[M::ha_hist_line]    97: * 18600
[M::ha_hist_line]    98: * 18032
[M::ha_hist_line]    99: * 17616
[M::ha_hist_line]   100: * 17397
[M::ha_hist_line]   101: * 16833
[M::ha_hist_line]   102: * 16482
[M::ha_hist_line]  rest: *************** 492464
[M::ha_analyze_count] left: none
[M::ha_analyze_count] right: none
[M::ha_pt_gen] peak_hom: 29; peak_het: -1
[M::ha_ct_shrink::20696.540*42.42] ==> counted 80930553 distinct minimizer k-mers
[M::ha_pt_gen::] counting in normal mode
[M::yak_count] collected 2971529480 minimizers
[M::yak_count] collected 0 minimizers
[M::yak_count] collected 0 minimizers
[M::yak_count] collected 0 minimizers
[M::ha_pt_gen::21055.605*42.12] ==> indexed 2850265575 positions, counted 80930553 distinct minimizer k-mers
[M::ha_print_ovlp_stat_0] # overlaps: 435583914
[M::ha_print_ovlp_stat_0] # strong overlaps: 115899118
[M::ha_print_ovlp_stat_0] # weak overlaps: 319684796
[M::ha_print_ovlp_stat_0] # exact overlaps: 415112707
[M::ha_print_ovlp_stat_0] # inexact overlaps: 20471207
[M::ha_print_ovlp_stat_0] # overlaps without large indels: 433268905
[M::ha_print_ovlp_stat_0] # reverse overlaps: 136889256
[M::ha_print_ovlp_stat_0] # running time: 833.945
[M::ha_assemble::21904.629*42.76@171.207GB] ==> found overlaps for the final round
[M::ha_opt_update_cov_min] updated max_n_chain to 145
Writing reads to disk... 
Reads has been written.
Writing ma_hit_ts to disk... 
ma_hit_ts has been written.
Writing ma_hit_ts to disk... 
ma_hit_ts has been written.
bin files have been written.
[M::gen_chemical_arc_rf] # chimeric reads: 970805
[M::purge_dups] homozygous read coverage threshold: 53
[M::purge_dups] purge duplication coverage threshold: 67
[M::ug_ext_gfa::] # tips::1326
Writing raw unitig GFA to disk... 
[M::ug_ext_gfa::] # tips::4
Writing processed unitig GFA to disk... 
[M::purge_dups] homozygous read coverage threshold: 53
[M::purge_dups] purge duplication coverage threshold: 67
[M::mc_solve:: # edges: 10152]
[M::mc_solve_core_adv::2.610] ==> Partition
[M::adjust_utg_by_primary] primary contig coverage range: [45, infinity]
Writing hapA.ont.bp.p_ctg.gfa to disk... 
[M::reduce_hamming_error_adv::0.801] # inserted edges: 4142, # fixed bubbles: 316
[M::adjust_utg_by_trio] primary contig coverage range: [45, infinity]
[M::recall_arcs] # transitive arcs::258
[M::recall_arcs] # new arcs::98828, # old arcs::56434
[M::clean_trio_untig_graph] # adjusted arcs::0
[M::adjust_utg_by_trio] primary contig coverage range: [45, infinity]
[M::recall_arcs] # transitive arcs::292
[M::recall_arcs] # new arcs::99156, # old arcs::55944
[M::clean_trio_untig_graph] # adjusted arcs::0
[M::output_trio_graph_joint] dedup_base::20920157, miss_base::0
Writing hapA.ont.bp.hap1.p_ctg.gfa to disk... 
Writing hapA.ont.bp.hap2.p_ctg.gfa to disk... 
Inconsistency threshold for low-quality regions in BED files: 70%
[M::main] Version: 0.25.0-r726
[M::main] CMD: hifiasm -o hapA.ont --ont -t 60 HG005_standar_ont_sup_PAW87816.fastq_fastkm_matrix.hapA.fq.gz HG005_standar_ont_sup_PAW88001.fastq_fastkm_matrix.hapA.fq.gz HG005_standar_ont_sup_PAW87816.fastq_fastkm_matrix.hapU.fq.gz HG005_standar_ont_sup_PAW88001.fastq_fastkm_matrix.hapU.fq.gz
[M::main] Real time: 23223.075 sec; CPU: 939795.041 sec; Peak RSS: 171.207 GB
