[M::ha_analyze_count] lowest: count[9] = 5045322
[M::ha_analyze_count] highest: count[27] = 80694145
[M::ha_hist_line]     2: ****************************************************************************************************> 189940205
[M::ha_hist_line]     3: ***************************************** 33045766
[M::ha_hist_line]     4: ****************** 14332851
[M::ha_hist_line]     5: *********** 9130989
[M::ha_hist_line]     6: ********* 6923070
[M::ha_hist_line]     7: ******* 5818309
[M::ha_hist_line]     8: ****** 5193458
[M::ha_hist_line]     9: ****** 5045322
[M::ha_hist_line]    10: ******* 5329421
[M::ha_hist_line]    11: ******** 6140776
[M::ha_hist_line]    12: ********* 7517605
[M::ha_hist_line]    13: ************ 9686079
[M::ha_hist_line]    14: **************** 12771430
[M::ha_hist_line]    15: ********************* 16816989
[M::ha_hist_line]    16: *************************** 21935256
[M::ha_hist_line]    17: *********************************** 28074281
[M::ha_hist_line]    18: ******************************************* 35048028
[M::ha_hist_line]    19: ***************************************************** 42588500
[M::ha_hist_line]    20: ************************************************************** 50398683
[M::ha_hist_line]    21: ************************************************************************ 57939677
[M::ha_hist_line]    22: ********************************************************************************* 64971152
[M::ha_hist_line]    23: **************************************************************************************** 70913140
[M::ha_hist_line]    24: ********************************************************************************************** 75567157
[M::ha_hist_line]    25: ************************************************************************************************** 78744731
[M::ha_hist_line]    26: **************************************************************************************************** 80429020
[M::ha_hist_line]    27: **************************************************************************************************** 80694145
[M::ha_hist_line]    28: *************************************************************************************************** 79518675
[M::ha_hist_line]    29: ************************************************************************************************ 77182642
[M::ha_hist_line]    30: ******************************************************************************************** 73962739
[M::ha_hist_line]    31: *************************************************************************************** 70104747
[M::ha_hist_line]    32: ********************************************************************************** 65886071
[M::ha_hist_line]    33: **************************************************************************** 61609540
[M::ha_hist_line]    34: *********************************************************************** 57304107
[M::ha_hist_line]    35: ****************************************************************** 53060350
[M::ha_hist_line]    36: ************************************************************* 49095570
[M::ha_hist_line]    37: ******************************************************** 45349032
[M::ha_hist_line]    38: **************************************************** 42019508
[M::ha_hist_line]    39: ************************************************ 38965894
[M::ha_hist_line]    40: ********************************************* 36217892
[M::ha_hist_line]    41: ****************************************** 33669687
[M::ha_hist_line]    42: *************************************** 31394147
[M::ha_hist_line]    43: ************************************ 29155702
[M::ha_hist_line]    44: ********************************** 27086915
[M::ha_hist_line]    45: ******************************* 25076917
[M::ha_hist_line]    46: ***************************** 23126711
[M::ha_hist_line]    47: ************************** 21237796
[M::ha_hist_line]    48: ************************ 19428817
[M::ha_hist_line]    49: ********************** 17646209
[M::ha_hist_line]    50: ******************** 15983920
[M::ha_hist_line]    51: ****************** 14348201
[M::ha_hist_line]    52: **************** 12838820
[M::ha_hist_line]    53: ************** 11405015
[M::ha_hist_line]    54: ************ 10081557
[M::ha_hist_line]    55: *********** 8853459
[M::ha_hist_line]    56: ********** 7722352
[M::ha_hist_line]    57: ******** 6734334
[M::ha_hist_line]    58: ******* 5821845
[M::ha_hist_line]    59: ****** 5014988
[M::ha_hist_line]    60: ***** 4300397
[M::ha_hist_line]    61: ***** 3672207
[M::ha_hist_line]    62: **** 3126048
[M::ha_hist_line]    63: *** 2659822
[M::ha_hist_line]    64: *** 2252137
[M::ha_hist_line]    65: ** 1916410
[M::ha_hist_line]    66: ** 1636892
[M::ha_hist_line]    67: ** 1393382
[M::ha_hist_line]    68: * 1197991
[M::ha_hist_line]    69: * 1045654
[M::ha_hist_line]    70: * 912322
[M::ha_hist_line]    71: * 807184
[M::ha_hist_line]    72: * 723170
[M::ha_hist_line]    73: * 655917
[M::ha_hist_line]    74: * 600425
[M::ha_hist_line]    75: * 554042
[M::ha_hist_line]    76: * 524492
[M::ha_hist_line]    77: * 492734
[M::ha_hist_line]    78: * 467958
[M::ha_hist_line]    79: * 445785
[M::ha_hist_line]    80: * 423104
[M::ha_hist_line]    81: * 406408
[M::ha_hist_line]  rest: ************************ 19035510
[M::ha_analyze_count] left: none
[M::ha_analyze_count] right: none
[M::ha_ft_gen] peak_hom: 27; peak_het: -1
[M::ha_ct_shrink::3153.266*5.27] ==> counted 8343981 distinct minimizer k-mers
[M::ha_ft_gen::3161.444*5.26@49.436GB] ==> filtered out 8343981 k-mers occurring 135 or more times
[M::ha_opt_update_cov] updated max_n_chain to 135
[M::yak_count] collected 835139375 minimizers
[M::yak_count] collected 895439161 minimizers
[M::yak_count] collected 572866069 minimizers
[M::yak_count] collected 588868027 minimizers
[M::ha_pt_gen::6297.966*5.07] ==> counted 455956490 distinct minimizer k-mers
[M::ha_pt_gen] count[4095] = 0 (for sanity check)
[M::ha_analyze_count] lowest: count[9] = 297981
[M::ha_analyze_count] highest: count[26] = 3299364
[M::ha_hist_line]     1: ****************************************************************************************************> 358533227
[M::ha_hist_line]     2: ****************************************************************************************************> 12918509
[M::ha_hist_line]     3: ****************************************************************************************************> 3563750
[M::ha_hist_line]     4: ********************************************** 1522810
[M::ha_hist_line]     5: ************************* 821536
[M::ha_hist_line]     6: **************** 529087
[M::ha_hist_line]     7: ************ 394486
[M::ha_hist_line]     8: ********** 324942
[M::ha_hist_line]     9: ********* 297981
[M::ha_hist_line]    10: ********* 299374
[M::ha_hist_line]    11: ********** 328830
[M::ha_hist_line]    12: ************ 388508
[M::ha_hist_line]    13: *************** 484147
[M::ha_hist_line]    14: ******************* 620621
[M::ha_hist_line]    15: ************************ 801126
[M::ha_hist_line]    16: ******************************* 1023332
[M::ha_hist_line]    17: *************************************** 1286409
[M::ha_hist_line]    18: ************************************************ 1583001
[M::ha_hist_line]    19: ********************************************************* 1894269
[M::ha_hist_line]    20: ******************************************************************* 2211445
[M::ha_hist_line]    21: **************************************************************************** 2505953
[M::ha_hist_line]    22: ************************************************************************************ 2778177
[M::ha_hist_line]    23: ******************************************************************************************* 2997981
[M::ha_hist_line]    24: ************************************************************************************************ 3163305
[M::ha_hist_line]    25: *************************************************************************************************** 3257836
[M::ha_hist_line]    26: **************************************************************************************************** 3299364
[M::ha_hist_line]    27: **************************************************************************************************** 3286499
[M::ha_hist_line]    28: ************************************************************************************************* 3214828
[M::ha_hist_line]    29: ********************************************************************************************** 3099523
[M::ha_hist_line]    30: ****************************************************************************************** 2955224
[M::ha_hist_line]    31: ************************************************************************************* 2790606
[M::ha_hist_line]    32: ******************************************************************************* 2609738
[M::ha_hist_line]    33: ************************************************************************** 2437823
[M::ha_hist_line]    34: ******************************************************************** 2258577
[M::ha_hist_line]    35: *************************************************************** 2087053
[M::ha_hist_line]    36: ********************************************************** 1927614
[M::ha_hist_line]    37: ****************************************************** 1783966
[M::ha_hist_line]    38: ************************************************** 1653405
[M::ha_hist_line]    39: ********************************************** 1530323
[M::ha_hist_line]    40: ******************************************* 1422913
[M::ha_hist_line]    41: **************************************** 1322257
[M::ha_hist_line]    42: ************************************* 1231616
[M::ha_hist_line]    43: *********************************** 1141095
[M::ha_hist_line]    44: ******************************** 1058106
[M::ha_hist_line]    45: ****************************** 976798
[M::ha_hist_line]    46: *************************** 898171
[M::ha_hist_line]    47: ************************* 825790
[M::ha_hist_line]    48: *********************** 751090
[M::ha_hist_line]    49: ********************* 683625
[M::ha_hist_line]    50: ******************* 617400
[M::ha_hist_line]    51: ***************** 556126
[M::ha_hist_line]    52: *************** 497546
[M::ha_hist_line]    53: ************* 442156
[M::ha_hist_line]    54: ************ 392815
[M::ha_hist_line]    55: ********** 346156
[M::ha_hist_line]    56: ********* 303149
[M::ha_hist_line]    57: ******** 266449
[M::ha_hist_line]    58: ******* 233161
[M::ha_hist_line]    59: ****** 203434
[M::ha_hist_line]    60: ***** 176480
[M::ha_hist_line]    61: ***** 153252
[M::ha_hist_line]    62: **** 132717
[M::ha_hist_line]    63: **** 115634
[M::ha_hist_line]    64: *** 100678
[M::ha_hist_line]    65: *** 88636
[M::ha_hist_line]    66: ** 78291
[M::ha_hist_line]    67: ** 68704
[M::ha_hist_line]    68: ** 61561
[M::ha_hist_line]    69: ** 55662
[M::ha_hist_line]    70: ** 50673
[M::ha_hist_line]    71: * 46490
[M::ha_hist_line]    72: * 43012
[M::ha_hist_line]    73: * 40038
[M::ha_hist_line]    74: * 38109
[M::ha_hist_line]    75: * 35715
[M::ha_hist_line]    76: * 34457
[M::ha_hist_line]    77: * 33018
[M::ha_hist_line]    78: * 32024
[M::ha_hist_line]    79: * 30682
[M::ha_hist_line]    80: * 30026
[M::ha_hist_line]    81: * 29038
[M::ha_hist_line]    82: * 28357
[M::ha_hist_line]    83: * 27630
[M::ha_hist_line]    84: * 26214
[M::ha_hist_line]    85: * 25650
[M::ha_hist_line]    86: * 24940
[M::ha_hist_line]    87: * 24185
[M::ha_hist_line]    88: * 23410
[M::ha_hist_line]    89: * 22627
[M::ha_hist_line]    90: * 22116
[M::ha_hist_line]    91: * 21661
[M::ha_hist_line]    92: * 21087
[M::ha_hist_line]    93: * 20340
[M::ha_hist_line]    94: * 19708
[M::ha_hist_line]    95: * 19200
[M::ha_hist_line]    96: * 18492
[M::ha_hist_line]    97: * 18073
[M::ha_hist_line]    98: * 17962
[M::ha_hist_line]    99: * 17139
[M::ha_hist_line]   100: * 16686
[M::ha_hist_line]   101: * 16664
[M::ha_hist_line]  rest: ************* 414414
[M::ha_analyze_count] left: none
[M::ha_analyze_count] right: none
[M::ha_pt_gen] peak_hom: 26; peak_het: -1
[M::ha_ct_shrink::6299.971*5.07] ==> counted 97423263 distinct minimizer k-mers
[M::ha_pt_gen::] counting in normal mode
[M::yak_count] collected 2892312632 minimizers
[M::yak_count] collected 0 minimizers
[M::yak_count] collected 0 minimizers
[M::yak_count] collected 0 minimizers
[M::ha_pt_gen::6730.308*6.42] ==> indexed 2533779405 positions, counted 97423263 distinct minimizer k-mers
[M::pec::6818.211] # bases: 108255191000; # corrected bases: 626242958
[M::pec::29.735] # exact o: 252416725; # non-exact o: 124575733
[M::ha_assemble::13640.640*32.76@124.028GB] ==> corrected reads for round 1
[M::ha_assemble] # bases: 108255191000; # corrected bases: 626242958
[M::yak_count] collected 2873023484 minimizers
[M::yak_count] collected 0 minimizers
[M::yak_count] collected 0 minimizers
[M::yak_count] collected 0 minimizers
[M::ha_pt_gen::13970.414*32.70] ==> counted 209690954 distinct minimizer k-mers
[M::ha_pt_gen] count[4095] = 0 (for sanity check)
[M::ha_analyze_count] lowest: count[10] = 191920
[M::ha_analyze_count] highest: count[29] = 3109093
[M::ha_hist_line]     1: ****************************************************************************************************> 129447726
[M::ha_hist_line]     2: ******************************************* 1352182
[M::ha_hist_line]     3: ***************** 532020
[M::ha_hist_line]     4: ************ 364821
[M::ha_hist_line]     5: ********* 290763
[M::ha_hist_line]     6: ******** 248356
[M::ha_hist_line]     7: ******* 221750
[M::ha_hist_line]     8: ****** 198731
[M::ha_hist_line]     9: ****** 192078
[M::ha_hist_line]    10: ****** 191920
[M::ha_hist_line]    11: ******* 203537
[M::ha_hist_line]    12: ******* 221800
[M::ha_hist_line]    13: ******** 261365
[M::ha_hist_line]    14: ********** 315894
[M::ha_hist_line]    15: ************* 401159
[M::ha_hist_line]    16: ***************** 516382
[M::ha_hist_line]    17: ********************** 670016
[M::ha_hist_line]    18: *************************** 852882
[M::ha_hist_line]    19: *********************************** 1079818
[M::ha_hist_line]    20: ******************************************* 1332457
[M::ha_hist_line]    21: **************************************************** 1604989
[M::ha_hist_line]    22: ************************************************************* 1891444
[M::ha_hist_line]    23: ********************************************************************** 2170804
[M::ha_hist_line]    24: ****************************************************************************** 2425523
[M::ha_hist_line]    25: ************************************************************************************* 2653528
[M::ha_hist_line]    26: ******************************************************************************************** 2847242
[M::ha_hist_line]    27: ************************************************************************************************ 2987313
[M::ha_hist_line]    28: *************************************************************************************************** 3074670
[M::ha_hist_line]    29: **************************************************************************************************** 3109093
[M::ha_hist_line]    30: *************************************************************************************************** 3087603
[M::ha_hist_line]    31: ************************************************************************************************* 3020611
[M::ha_hist_line]    32: ********************************************************************************************* 2906061
[M::ha_hist_line]    33: ***************************************************************************************** 2776291
[M::ha_hist_line]    34: ************************************************************************************* 2630584
[M::ha_hist_line]    35: ******************************************************************************* 2470090
[M::ha_hist_line]    36: ************************************************************************** 2309612
[M::ha_hist_line]    37: ********************************************************************* 2157099
[M::ha_hist_line]    38: **************************************************************** 2000534
[M::ha_hist_line]    39: ************************************************************ 1861150
[M::ha_hist_line]    40: ******************************************************** 1729904
[M::ha_hist_line]    41: **************************************************** 1602884
[M::ha_hist_line]    42: ************************************************ 1494554
[M::ha_hist_line]    43: ********************************************* 1402627
[M::ha_hist_line]    44: ****************************************** 1318157
[M::ha_hist_line]    45: **************************************** 1238459
[M::ha_hist_line]    46: ************************************* 1163320
[M::ha_hist_line]    47: *********************************** 1092826
[M::ha_hist_line]    48: ********************************* 1023339
[M::ha_hist_line]    49: ******************************* 953316
[M::ha_hist_line]    50: ***************************** 888788
[M::ha_hist_line]    51: *************************** 825522
[M::ha_hist_line]    52: ************************* 762711
[M::ha_hist_line]    53: *********************** 700780
[M::ha_hist_line]    54: ********************* 644603
[M::ha_hist_line]    55: ******************* 582789
[M::ha_hist_line]    56: ***************** 528348
[M::ha_hist_line]    57: *************** 474407
[M::ha_hist_line]    58: ************** 423948
[M::ha_hist_line]    59: ************ 375853
[M::ha_hist_line]    60: *********** 334629
[M::ha_hist_line]    61: ********* 295393
[M::ha_hist_line]    62: ******** 262032
[M::ha_hist_line]    63: ******* 229684
[M::ha_hist_line]    64: ******* 202329
[M::ha_hist_line]    65: ****** 175466
[M::ha_hist_line]    66: ***** 152986
[M::ha_hist_line]    67: **** 131196
[M::ha_hist_line]    68: **** 114373
[M::ha_hist_line]    69: *** 99240
[M::ha_hist_line]    70: *** 85890
[M::ha_hist_line]    71: ** 75470
[M::ha_hist_line]    72: ** 66318
[M::ha_hist_line]    73: ** 57863
[M::ha_hist_line]    74: ** 52903
[M::ha_hist_line]    75: ** 47572
[M::ha_hist_line]    76: * 43749
[M::ha_hist_line]    77: * 39859
[M::ha_hist_line]    78: * 37012
[M::ha_hist_line]    79: * 34765
[M::ha_hist_line]    80: * 33249
[M::ha_hist_line]    81: * 32017
[M::ha_hist_line]    82: * 30454
[M::ha_hist_line]    83: * 29754
[M::ha_hist_line]    84: * 28477
[M::ha_hist_line]    85: * 27316
[M::ha_hist_line]    86: * 27086
[M::ha_hist_line]    87: * 25942
[M::ha_hist_line]    88: * 25313
[M::ha_hist_line]    89: * 24690
[M::ha_hist_line]    90: * 23911
[M::ha_hist_line]    91: * 23337
[M::ha_hist_line]    92: * 22915
[M::ha_hist_line]    93: * 22395
[M::ha_hist_line]    94: * 21399
[M::ha_hist_line]    95: * 20792
[M::ha_hist_line]    96: * 20001
[M::ha_hist_line]    97: * 19291
[M::ha_hist_line]    98: * 18680
[M::ha_hist_line]    99: * 18427
[M::ha_hist_line]   100: * 17636
[M::ha_hist_line]   101: * 16543
[M::ha_hist_line]   102: * 16297
[M::ha_hist_line]   103: * 15939
[M::ha_hist_line]  rest: **************** 483331
[M::ha_analyze_count] left: none
[M::ha_analyze_count] right: none
[M::ha_pt_gen] peak_hom: 29; peak_het: -1
[M::ha_ct_shrink::13972.390*32.69] ==> counted 80243228 distinct minimizer k-mers
[M::ha_pt_gen::] counting in normal mode
[M::yak_count] collected 2873023484 minimizers
[M::yak_count] collected 0 minimizers
[M::yak_count] collected 0 minimizers
[M::yak_count] collected 0 minimizers
[M::ha_pt_gen::14381.107*32.50] ==> indexed 2743575758 positions, counted 80243228 distinct minimizer k-mers
[M::pec::4785.764] # bases: 108273573762; # corrected bases: 42429902
[M::pec::26.621] # exact o: 369807179; # non-exact o: 47108168
[M::ha_assemble::19218.101*39.33@143.067GB] ==> corrected reads for round 2
[M::ha_assemble] # bases: 108273573762; # corrected bases: 42429902
[M::yak_count] collected 2870650337 minimizers
[M::yak_count] collected 0 minimizers
[M::yak_count] collected 0 minimizers
[M::yak_count] collected 0 minimizers
[M::ha_pt_gen::19555.015*39.16] ==> counted 200767373 distinct minimizer k-mers
[M::ha_pt_gen] count[4095] = 0 (for sanity check)
[M::ha_analyze_count] lowest: count[9] = 183927
[M::ha_analyze_count] highest: count[29] = 3098331
[M::ha_hist_line]     1: ****************************************************************************************************> 121033084
[M::ha_hist_line]     2: *********************************** 1076613
[M::ha_hist_line]     3: *************** 454784
[M::ha_hist_line]     4: *********** 327812
[M::ha_hist_line]     5: ********* 269226
[M::ha_hist_line]     6: ******* 231627
[M::ha_hist_line]     7: ******* 209591
[M::ha_hist_line]     8: ****** 188900
[M::ha_hist_line]     9: ****** 183927
[M::ha_hist_line]    10: ****** 185545
[M::ha_hist_line]    11: ****** 196286
[M::ha_hist_line]    12: ******* 215622
[M::ha_hist_line]    13: ******** 253947
[M::ha_hist_line]    14: ********** 308155
[M::ha_hist_line]    15: ************* 390891
[M::ha_hist_line]    16: **************** 505504
[M::ha_hist_line]    17: ********************* 656838
[M::ha_hist_line]    18: *************************** 835850
[M::ha_hist_line]    19: ********************************** 1057576
[M::ha_hist_line]    20: ****************************************** 1308442
[M::ha_hist_line]    21: *************************************************** 1579945
[M::ha_hist_line]    22: ************************************************************ 1864612
[M::ha_hist_line]    23: ********************************************************************* 2146155
[M::ha_hist_line]    24: ***************************************************************************** 2399512
[M::ha_hist_line]    25: ************************************************************************************* 2629266
[M::ha_hist_line]    26: ******************************************************************************************* 2825982
[M::ha_hist_line]    27: ************************************************************************************************ 2972757
[M::ha_hist_line]    28: *************************************************************************************************** 3060863
[M::ha_hist_line]    29: **************************************************************************************************** 3098331
[M::ha_hist_line]    30: **************************************************************************************************** 3084230
[M::ha_hist_line]    31: ************************************************************************************************* 3019240
[M::ha_hist_line]    32: ********************************************************************************************** 2911580
[M::ha_hist_line]    33: ****************************************************************************************** 2781119
[M::ha_hist_line]    34: ************************************************************************************* 2639115
[M::ha_hist_line]    35: ******************************************************************************** 2477141
[M::ha_hist_line]    36: *************************************************************************** 2323527
[M::ha_hist_line]    37: ********************************************************************** 2168667
[M::ha_hist_line]    38: ***************************************************************** 2012019
[M::ha_hist_line]    39: ************************************************************ 1869549
[M::ha_hist_line]    40: ******************************************************** 1740068
[M::ha_hist_line]    41: **************************************************** 1610895
[M::ha_hist_line]    42: ************************************************* 1505966
[M::ha_hist_line]    43: ********************************************** 1409927
[M::ha_hist_line]    44: ******************************************* 1324318
[M::ha_hist_line]    45: **************************************** 1244427
[M::ha_hist_line]    46: ************************************** 1169470
[M::ha_hist_line]    47: *********************************** 1099865
[M::ha_hist_line]    48: ********************************* 1030418
[M::ha_hist_line]    49: ******************************* 959050
[M::ha_hist_line]    50: ***************************** 895568
[M::ha_hist_line]    51: *************************** 833086
[M::ha_hist_line]    52: ************************* 769924
[M::ha_hist_line]    53: *********************** 707200
[M::ha_hist_line]    54: ********************* 650809
[M::ha_hist_line]    55: ******************* 591131
[M::ha_hist_line]    56: ***************** 535885
[M::ha_hist_line]    57: **************** 481701
[M::ha_hist_line]    58: ************** 430322
[M::ha_hist_line]    59: ************ 382446
[M::ha_hist_line]    60: *********** 340650
[M::ha_hist_line]    61: ********** 300295
[M::ha_hist_line]    62: ********* 267037
[M::ha_hist_line]    63: ******** 234002
[M::ha_hist_line]    64: ******* 206046
[M::ha_hist_line]    65: ****** 179877
[M::ha_hist_line]    66: ***** 156148
[M::ha_hist_line]    67: **** 134594
[M::ha_hist_line]    68: **** 116797
[M::ha_hist_line]    69: *** 101555
[M::ha_hist_line]    70: *** 88021
[M::ha_hist_line]    71: ** 77416
[M::ha_hist_line]    72: ** 67654
[M::ha_hist_line]    73: ** 59027
[M::ha_hist_line]    74: ** 53419
[M::ha_hist_line]    75: ** 48595
[M::ha_hist_line]    76: * 44009
[M::ha_hist_line]    77: * 40736
[M::ha_hist_line]    78: * 37103
[M::ha_hist_line]    79: * 34855
[M::ha_hist_line]    80: * 33533
[M::ha_hist_line]    81: * 32202
[M::ha_hist_line]    82: * 30658
[M::ha_hist_line]    83: * 29546
[M::ha_hist_line]    84: * 28391
[M::ha_hist_line]    85: * 27624
[M::ha_hist_line]    86: * 26977
[M::ha_hist_line]    87: * 26304
[M::ha_hist_line]    88: * 25406
[M::ha_hist_line]    89: * 24682
[M::ha_hist_line]    90: * 24269
[M::ha_hist_line]    91: * 23124
[M::ha_hist_line]    92: * 22845
[M::ha_hist_line]    93: * 22577
[M::ha_hist_line]    94: * 21370
[M::ha_hist_line]    95: * 20896
[M::ha_hist_line]    96: * 20202
[M::ha_hist_line]    97: * 19368
[M::ha_hist_line]    98: * 18747
[M::ha_hist_line]    99: * 18168
[M::ha_hist_line]   100: * 17499
[M::ha_hist_line]   101: * 16797
[M::ha_hist_line]   102: * 16589
[M::ha_hist_line]   103: * 15669
[M::ha_hist_line]   104: * 15566
[M::ha_hist_line]  rest: *************** 474222
[M::ha_analyze_count] left: none
[M::ha_analyze_count] right: none
[M::ha_pt_gen] peak_hom: 29; peak_het: -1
[M::ha_ct_shrink::19556.889*39.16] ==> counted 79734289 distinct minimizer k-mers
[M::ha_pt_gen::] counting in normal mode
[M::yak_count] collected 2870650337 minimizers
[M::yak_count] collected 0 minimizers
[M::yak_count] collected 0 minimizers
[M::yak_count] collected 0 minimizers
[M::ha_pt_gen::19965.658*38.89] ==> indexed 2749617253 positions, counted 79734289 distinct minimizer k-mers
[M::pec::4982.507] # bases: 108274408210; # corrected bases: 14819882
[M::pec::26.943] # exact o: 404381762; # non-exact o: 21397361
[M::ha_assemble::24978.393*41.97@159.968GB] ==> corrected reads for round 3
[M::ha_assemble] # bases: 108274408210; # corrected bases: 14819882
[M::yak_count] collected 2870101352 minimizers
[M::yak_count] collected 0 minimizers
[M::yak_count] collected 0 minimizers
[M::yak_count] collected 0 minimizers
[M::ha_pt_gen::25315.233*41.81] ==> counted 197733017 distinct minimizer k-mers
[M::ha_pt_gen] count[4095] = 0 (for sanity check)
[M::ha_analyze_count] lowest: count[9] = 181374
[M::ha_analyze_count] highest: count[29] = 3094101
[M::ha_hist_line]     1: ****************************************************************************************************> 118121663
[M::ha_hist_line]     2: ********************************* 1013337
[M::ha_hist_line]     3: ************** 436949
[M::ha_hist_line]     4: ********** 318262
[M::ha_hist_line]     5: ********* 263115
[M::ha_hist_line]     6: ******* 227555
[M::ha_hist_line]     7: ******* 205881
[M::ha_hist_line]     8: ****** 186116
[M::ha_hist_line]     9: ****** 181374
[M::ha_hist_line]    10: ****** 183231
[M::ha_hist_line]    11: ****** 194535
[M::ha_hist_line]    12: ******* 213321
[M::ha_hist_line]    13: ******** 251288
[M::ha_hist_line]    14: ********** 306160
[M::ha_hist_line]    15: ************* 386864
[M::ha_hist_line]    16: **************** 502090
[M::ha_hist_line]    17: ********************* 652338
[M::ha_hist_line]    18: *************************** 830112
[M::ha_hist_line]    19: ********************************** 1050331
[M::ha_hist_line]    20: ****************************************** 1301562
[M::ha_hist_line]    21: *************************************************** 1571816
[M::ha_hist_line]    22: ************************************************************ 1856308
[M::ha_hist_line]    23: ********************************************************************* 2138445
[M::ha_hist_line]    24: ***************************************************************************** 2391340
[M::ha_hist_line]    25: ************************************************************************************* 2619400
[M::ha_hist_line]    26: ******************************************************************************************* 2818592
[M::ha_hist_line]    27: ************************************************************************************************ 2965848
[M::ha_hist_line]    28: *************************************************************************************************** 3056746
[M::ha_hist_line]    29: **************************************************************************************************** 3094101
[M::ha_hist_line]    30: **************************************************************************************************** 3080765
[M::ha_hist_line]    31: ************************************************************************************************** 3018767
[M::ha_hist_line]    32: ********************************************************************************************** 2912632
[M::ha_hist_line]    33: ****************************************************************************************** 2785253
[M::ha_hist_line]    34: ************************************************************************************* 2641601
[M::ha_hist_line]    35: ******************************************************************************** 2482027
[M::ha_hist_line]    36: *************************************************************************** 2325560
[M::ha_hist_line]    37: ********************************************************************** 2171526
[M::ha_hist_line]    38: ***************************************************************** 2013989
[M::ha_hist_line]    39: ************************************************************* 1874339
[M::ha_hist_line]    40: ******************************************************** 1742460
[M::ha_hist_line]    41: **************************************************** 1614644
[M::ha_hist_line]    42: ************************************************* 1509106
[M::ha_hist_line]    43: ********************************************** 1413257
[M::ha_hist_line]    44: ******************************************* 1326874
[M::ha_hist_line]    45: **************************************** 1246164
[M::ha_hist_line]    46: ************************************** 1172339
[M::ha_hist_line]    47: ************************************ 1102979
[M::ha_hist_line]    48: ********************************* 1033461
[M::ha_hist_line]    49: ******************************* 961345
[M::ha_hist_line]    50: ***************************** 896890
[M::ha_hist_line]    51: *************************** 835675
[M::ha_hist_line]    52: ************************* 773620
[M::ha_hist_line]    53: *********************** 709225
[M::ha_hist_line]    54: ********************* 653680
[M::ha_hist_line]    55: ******************* 594100
[M::ha_hist_line]    56: ***************** 538290
[M::ha_hist_line]    57: **************** 484502
[M::ha_hist_line]    58: ************** 432359
[M::ha_hist_line]    59: ************ 385154
[M::ha_hist_line]    60: *********** 342029
[M::ha_hist_line]    61: ********** 302756
[M::ha_hist_line]    62: ********* 268677
[M::ha_hist_line]    63: ******** 235319
[M::ha_hist_line]    64: ******* 207653
[M::ha_hist_line]    65: ****** 181431
[M::ha_hist_line]    66: ***** 158037
[M::ha_hist_line]    67: **** 135283
[M::ha_hist_line]    68: **** 117888
[M::ha_hist_line]    69: *** 102486
[M::ha_hist_line]    70: *** 88780
[M::ha_hist_line]    71: *** 78388
[M::ha_hist_line]    72: ** 68062
[M::ha_hist_line]    73: ** 59749
[M::ha_hist_line]    74: ** 53702
[M::ha_hist_line]    75: ** 48585
[M::ha_hist_line]    76: * 44516
[M::ha_hist_line]    77: * 40737
[M::ha_hist_line]    78: * 37324
[M::ha_hist_line]    79: * 34877
[M::ha_hist_line]    80: * 33538
[M::ha_hist_line]    81: * 32201
[M::ha_hist_line]    82: * 30909
[M::ha_hist_line]    83: * 29533
[M::ha_hist_line]    84: * 28327
[M::ha_hist_line]    85: * 27737
[M::ha_hist_line]    86: * 26980
[M::ha_hist_line]    87: * 26233
[M::ha_hist_line]    88: * 25361
[M::ha_hist_line]    89: * 24758
[M::ha_hist_line]    90: * 24236
[M::ha_hist_line]    91: * 23230
[M::ha_hist_line]    92: * 22851
[M::ha_hist_line]    93: * 22425
[M::ha_hist_line]    94: * 21504
[M::ha_hist_line]    95: * 20873
[M::ha_hist_line]    96: * 20228
[M::ha_hist_line]    97: * 19533
[M::ha_hist_line]    98: * 18722
[M::ha_hist_line]    99: * 18253
[M::ha_hist_line]   100: * 17647
[M::ha_hist_line]   101: * 16730
[M::ha_hist_line]   102: * 16481
[M::ha_hist_line]   103: * 15790
[M::ha_hist_line]  rest: **************** 491395
[M::ha_analyze_count] left: none
[M::ha_analyze_count] right: none
[M::ha_pt_gen] peak_hom: 29; peak_het: -1
[M::ha_ct_shrink::25317.108*41.80] ==> counted 79611354 distinct minimizer k-mers
[M::ha_pt_gen::] counting in normal mode
[M::yak_count] collected 2870101352 minimizers
[M::yak_count] collected 0 minimizers
[M::yak_count] collected 0 minimizers
[M::yak_count] collected 0 minimizers
[M::ha_pt_gen::25719.881*41.56] ==> indexed 2751979689 positions, counted 79611354 distinct minimizer k-mers
[M::ha_print_ovlp_stat_0] # overlaps: 420088601
[M::ha_print_ovlp_stat_0] # strong overlaps: 114448667
[M::ha_print_ovlp_stat_0] # weak overlaps: 305639934
[M::ha_print_ovlp_stat_0] # exact overlaps: 399260968
[M::ha_print_ovlp_stat_0] # inexact overlaps: 20827633
[M::ha_print_ovlp_stat_0] # overlaps without large indels: 417467187
[M::ha_print_ovlp_stat_0] # reverse overlaps: 142667940
[M::ha_print_ovlp_stat_0] # running time: 926.798
[M::ha_assemble::26662.634*42.16@169.136GB] ==> found overlaps for the final round
[M::ha_opt_update_cov_min] updated max_n_chain to 145
Writing reads to disk... 
Reads has been written.
Writing ma_hit_ts to disk... 
ma_hit_ts has been written.
Writing ma_hit_ts to disk... 
ma_hit_ts has been written.
bin files have been written.
[M::gen_chemical_arc_rf] # chimeric reads: 964580
[M::purge_dups] homozygous read coverage threshold: 53
[M::purge_dups] purge duplication coverage threshold: 67
[M::ug_ext_gfa::] # tips::2085
Writing raw unitig GFA to disk... 
[M::ug_ext_gfa::] # tips::4
Writing processed unitig GFA to disk... 
[M::purge_dups] homozygous read coverage threshold: 53
[M::purge_dups] purge duplication coverage threshold: 67
[M::mc_solve:: # edges: 11682]
[M::mc_solve_core_adv::3.592] ==> Partition
[M::adjust_utg_by_primary] primary contig coverage range: [45, infinity]
Writing hapB.ont.bp.p_ctg.gfa to disk... 
[M::reduce_hamming_error_adv::0.967] # inserted edges: 3532, # fixed bubbles: 284
[M::adjust_utg_by_trio] primary contig coverage range: [45, infinity]
[M::recall_arcs] # transitive arcs::258
[M::recall_arcs] # new arcs::94006, # old arcs::53608
[M::clean_trio_untig_graph] # adjusted arcs::0
[M::adjust_utg_by_trio] primary contig coverage range: [45, infinity]
[M::recall_arcs] # transitive arcs::282
[M::recall_arcs] # new arcs::94504, # old arcs::53474
[M::clean_trio_untig_graph] # adjusted arcs::0
[M::output_trio_graph_joint] dedup_base::45759139, miss_base::0
Writing hapB.ont.bp.hap1.p_ctg.gfa to disk... 
Writing hapB.ont.bp.hap2.p_ctg.gfa to disk... 
Inconsistency threshold for low-quality regions in BED files: 70%
[M::main] Version: 0.25.0-r726
[M::main] CMD: hifiasm -o hapB.ont --ont -t 60 HG005_standar_ont_sup_PAW87816.fastq_fastkm_matrix.hapB.fq.gz HG005_standar_ont_sup_PAW88001.fastq_fastkm_matrix.hapB.fq.gz HG005_standar_ont_sup_PAW87816.fastq_fastkm_matrix.hapU.fq.gz HG005_standar_ont_sup_PAW88001.fastq_fastkm_matrix.hapU.fq.gz
[M::main] Real time: 28113.056 sec; CPU: 1127609.999 sec; Peak RSS: 169.136 GB
