[M::ha_analyze_count] lowest: count[16] = 1363285
[M::ha_analyze_count] highest: count[43] = 66977856
[M::ha_hist_line]     2: ****************************************************************************************************> 480583929
[M::ha_hist_line]     3: *********************************************************************************************** 63781966
[M::ha_hist_line]     4: ******************************** 21345506
[M::ha_hist_line]     5: *************** 10355735
[M::ha_hist_line]     6: ********* 6247614
[M::ha_hist_line]     7: ****** 4324740
[M::ha_hist_line]     8: ***** 3259000
[M::ha_hist_line]     9: **** 2586244
[M::ha_hist_line]    10: *** 2149076
[M::ha_hist_line]    11: *** 1833957
[M::ha_hist_line]    12: ** 1622461
[M::ha_hist_line]    13: ** 1475600
[M::ha_hist_line]    14: ** 1396901
[M::ha_hist_line]    15: ** 1366056
[M::ha_hist_line]    16: ** 1363285
[M::ha_hist_line]    17: ** 1408677
[M::ha_hist_line]    18: ** 1529018
[M::ha_hist_line]    19: *** 1713412
[M::ha_hist_line]    20: *** 2000783
[M::ha_hist_line]    21: **** 2400215
[M::ha_hist_line]    22: **** 2981373
[M::ha_hist_line]    23: ****** 3795926
[M::ha_hist_line]    24: ******* 4886936
[M::ha_hist_line]    25: ********* 6304174
[M::ha_hist_line]    26: ************ 8112419
[M::ha_hist_line]    27: *************** 10365002
[M::ha_hist_line]    28: ******************** 13084565
[M::ha_hist_line]    29: ************************ 16286913
[M::ha_hist_line]    30: ****************************** 19993249
[M::ha_hist_line]    31: ************************************ 24168117
[M::ha_hist_line]    32: ******************************************* 28774761
[M::ha_hist_line]    33: ************************************************** 33601192
[M::ha_hist_line]    34: ********************************************************** 38675075
[M::ha_hist_line]    35: ***************************************************************** 43697548
[M::ha_hist_line]    36: ************************************************************************* 48610368
[M::ha_hist_line]    37: ******************************************************************************* 53136885
[M::ha_hist_line]    38: ************************************************************************************* 57261111
[M::ha_hist_line]    39: ******************************************************************************************* 60731198
[M::ha_hist_line]    40: *********************************************************************************************** 63539413
[M::ha_hist_line]    41: ************************************************************************************************** 65519895
[M::ha_hist_line]    42: **************************************************************************************************** 66681748
[M::ha_hist_line]    43: **************************************************************************************************** 66977856
[M::ha_hist_line]    44: *************************************************************************************************** 66412841
[M::ha_hist_line]    45: ************************************************************************************************* 65160196
[M::ha_hist_line]    46: ********************************************************************************************** 63124663
[M::ha_hist_line]    47: ******************************************************************************************* 60693949
[M::ha_hist_line]    48: ************************************************************************************** 57818235
[M::ha_hist_line]    49: ********************************************************************************** 54675463
[M::ha_hist_line]    50: ***************************************************************************** 51322712
[M::ha_hist_line]    51: ************************************************************************ 47987859
[M::ha_hist_line]    52: ******************************************************************* 44673345
[M::ha_hist_line]    53: ************************************************************** 41454041
[M::ha_hist_line]    54: ********************************************************* 38433434
[M::ha_hist_line]    55: ***************************************************** 35561798
[M::ha_hist_line]    56: ************************************************* 32957107
[M::ha_hist_line]    57: ********************************************** 30587319
[M::ha_hist_line]    58: ****************************************** 28463488
[M::ha_hist_line]    59: **************************************** 26591244
[M::ha_hist_line]    60: ************************************* 24896187
[M::ha_hist_line]    61: *********************************** 23416188
[M::ha_hist_line]    62: ********************************* 22084588
[M::ha_hist_line]    63: ******************************* 20856205
[M::ha_hist_line]    64: ****************************** 19820213
[M::ha_hist_line]    65: **************************** 18850756
[M::ha_hist_line]    66: *************************** 17973035
[M::ha_hist_line]    67: ************************** 17189636
[M::ha_hist_line]    68: ************************* 16447366
[M::ha_hist_line]    69: *********************** 15736589
[M::ha_hist_line]    70: ********************** 15069258
[M::ha_hist_line]    71: ********************** 14429475
[M::ha_hist_line]    72: ********************* 13795807
[M::ha_hist_line]    73: ******************** 13195073
[M::ha_hist_line]    74: ******************* 12591106
[M::ha_hist_line]    75: ****************** 11948646
[M::ha_hist_line]    76: ***************** 11347189
[M::ha_hist_line]    77: **************** 10728641
[M::ha_hist_line]    78: *************** 10154306
[M::ha_hist_line]    79: ************** 9563701
[M::ha_hist_line]    80: ************* 8967251
[M::ha_hist_line]    81: ************ 8365540
[M::ha_hist_line]    82: ************ 7805002
[M::ha_hist_line]    83: *********** 7244059
[M::ha_hist_line]    84: ********** 6682987
[M::ha_hist_line]    85: ********* 6143793
[M::ha_hist_line]    86: ******** 5641977
[M::ha_hist_line]    87: ******** 5137527
[M::ha_hist_line]    88: ******* 4685212
[M::ha_hist_line]    89: ****** 4245950
[M::ha_hist_line]    90: ****** 3855889
[M::ha_hist_line]    91: ***** 3470143
[M::ha_hist_line]    92: ***** 3117238
[M::ha_hist_line]    93: **** 2784295
[M::ha_hist_line]    94: **** 2488999
[M::ha_hist_line]    95: *** 2216409
[M::ha_hist_line]    96: *** 1977853
[M::ha_hist_line]    97: *** 1768558
[M::ha_hist_line]    98: ** 1571858
[M::ha_hist_line]    99: ** 1392262
[M::ha_hist_line]   100: ** 1234327
[M::ha_hist_line]   101: ** 1110348
[M::ha_hist_line]   102: * 994285
[M::ha_hist_line]   103: * 892854
[M::ha_hist_line]   104: * 805153
[M::ha_hist_line]   105: * 723106
[M::ha_hist_line]   106: * 659331
[M::ha_hist_line]   107: * 604322
[M::ha_hist_line]   108: * 556602
[M::ha_hist_line]   109: * 506091
[M::ha_hist_line]   110: * 475818
[M::ha_hist_line]   111: * 448279
[M::ha_hist_line]   112: * 421639
[M::ha_hist_line]   113: * 398745
[M::ha_hist_line]   114: * 381650
[M::ha_hist_line]   115: * 364886
[M::ha_hist_line]   116: * 349215
[M::ha_hist_line]  rest: *********************************** 23280337
[M::ha_analyze_count] left: none
[M::ha_analyze_count] right: none
[M::ha_ft_gen] peak_hom: 43; peak_het: -1
[M::ha_ct_shrink::6353.977*6.31] ==> counted 8707157 distinct minimizer k-mers
[M::ha_ft_gen::6363.128*6.30@49.747GB] ==> filtered out 8707157 k-mers occurring 215 or more times
[M::ha_opt_update_cov] updated max_n_chain to 215
[M::yak_count] collected 1643552246 minimizers
[M::yak_count] collected 1508736156 minimizers
[M::yak_count] collected 849871725 minimizers
[M::yak_count] collected 782708147 minimizers
[M::ha_pt_gen::12210.502*5.91] ==> counted 755594579 distinct minimizer k-mers
[M::ha_pt_gen] count[4095] = 0 (for sanity check)
[M::ha_analyze_count] lowest: count[16] = 95638
[M::ha_analyze_count] highest: count[42] = 2716595
[M::ha_hist_line]     1: ****************************************************************************************************> 640161682
[M::ha_hist_line]     2: ****************************************************************************************************> 22604131
[M::ha_hist_line]     3: ****************************************************************************************************> 6434546
[M::ha_hist_line]     4: ****************************************************************************************************> 2764330
[M::ha_hist_line]     5: **************************************************** 1401272
[M::ha_hist_line]     6: ***************************** 788956
[M::ha_hist_line]     7: ****************** 492888
[M::ha_hist_line]     8: ************ 334272
[M::ha_hist_line]     9: ********* 242577
[M::ha_hist_line]    10: ******* 188607
[M::ha_hist_line]    11: ****** 154430
[M::ha_hist_line]    12: ***** 130298
[M::ha_hist_line]    13: **** 115770
[M::ha_hist_line]    14: **** 105860
[M::ha_hist_line]    15: **** 99493
[M::ha_hist_line]    16: **** 95638
[M::ha_hist_line]    17: **** 95804
[M::ha_hist_line]    18: **** 99891
[M::ha_hist_line]    19: **** 106972
[M::ha_hist_line]    20: **** 120122
[M::ha_hist_line]    21: ***** 138733
[M::ha_hist_line]    22: ****** 166530
[M::ha_hist_line]    23: ******** 206252
[M::ha_hist_line]    24: ********** 258950
[M::ha_hist_line]    25: ************ 325130
[M::ha_hist_line]    26: *************** 409859
[M::ha_hist_line]    27: ******************* 510514
[M::ha_hist_line]    28: *********************** 633200
[M::ha_hist_line]    29: ***************************** 777115
[M::ha_hist_line]    30: *********************************** 939352
[M::ha_hist_line]    31: ***************************************** 1120729
[M::ha_hist_line]    32: ************************************************ 1313716
[M::ha_hist_line]    33: ******************************************************** 1514144
[M::ha_hist_line]    34: *************************************************************** 1716891
[M::ha_hist_line]    35: *********************************************************************** 1916430
[M::ha_hist_line]    36: ***************************************************************************** 2105182
[M::ha_hist_line]    37: ************************************************************************************ 2277724
[M::ha_hist_line]    38: ***************************************************************************************** 2427039
[M::ha_hist_line]    39: ********************************************************************************************** 2545614
[M::ha_hist_line]    40: ************************************************************************************************* 2636294
[M::ha_hist_line]    41: *************************************************************************************************** 2697171
[M::ha_hist_line]    42: **************************************************************************************************** 2716595
[M::ha_hist_line]    43: **************************************************************************************************** 2708024
[M::ha_hist_line]    44: ************************************************************************************************** 2663318
[M::ha_hist_line]    45: *********************************************************************************************** 2590299
[M::ha_hist_line]    46: ******************************************************************************************** 2494105
[M::ha_hist_line]    47: **************************************************************************************** 2387425
[M::ha_hist_line]    48: *********************************************************************************** 2261973
[M::ha_hist_line]    49: ******************************************************************************* 2132946
[M::ha_hist_line]    50: ************************************************************************** 1997930
[M::ha_hist_line]    51: ********************************************************************* 1861086
[M::ha_hist_line]    52: **************************************************************** 1732027
[M::ha_hist_line]    53: *********************************************************** 1607019
[M::ha_hist_line]    54: ******************************************************* 1486325
[M::ha_hist_line]    55: *************************************************** 1377734
[M::ha_hist_line]    56: *********************************************** 1278498
[M::ha_hist_line]    57: ******************************************** 1191359
[M::ha_hist_line]    58: ***************************************** 1109637
[M::ha_hist_line]    59: ************************************** 1038495
[M::ha_hist_line]    60: ************************************ 973620
[M::ha_hist_line]    61: ********************************** 917750
[M::ha_hist_line]    62: ******************************** 864852
[M::ha_hist_line]    63: ****************************** 820091
[M::ha_hist_line]    64: ***************************** 779626
[M::ha_hist_line]    65: *************************** 741140
[M::ha_hist_line]    66: ************************** 707254
[M::ha_hist_line]    67: ************************* 677425
[M::ha_hist_line]    68: ************************ 647704
[M::ha_hist_line]    69: *********************** 619666
[M::ha_hist_line]    70: ********************** 592619
[M::ha_hist_line]    71: ********************* 566195
[M::ha_hist_line]    72: ******************** 539695
[M::ha_hist_line]    73: ******************* 516408
[M::ha_hist_line]    74: ****************** 490226
[M::ha_hist_line]    75: ***************** 465667
[M::ha_hist_line]    76: **************** 440966
[M::ha_hist_line]    77: *************** 416693
[M::ha_hist_line]    78: ************** 393916
[M::ha_hist_line]    79: ************** 370426
[M::ha_hist_line]    80: ************* 347906
[M::ha_hist_line]    81: ************ 323705
[M::ha_hist_line]    82: *********** 301377
[M::ha_hist_line]    83: ********** 280809
[M::ha_hist_line]    84: ********** 259788
[M::ha_hist_line]    85: ********* 238678
[M::ha_hist_line]    86: ******** 219515
[M::ha_hist_line]    87: ******* 201373
[M::ha_hist_line]    88: ******* 184416
[M::ha_hist_line]    89: ****** 168893
[M::ha_hist_line]    90: ****** 153878
[M::ha_hist_line]    91: ***** 139618
[M::ha_hist_line]    92: ***** 126212
[M::ha_hist_line]    93: **** 114331
[M::ha_hist_line]    94: **** 103749
[M::ha_hist_line]    95: *** 94008
[M::ha_hist_line]    96: *** 84839
[M::ha_hist_line]    97: *** 76880
[M::ha_hist_line]    98: *** 69726
[M::ha_hist_line]    99: ** 64441
[M::ha_hist_line]   100: ** 58465
[M::ha_hist_line]   101: ** 53044
[M::ha_hist_line]   102: ** 48958
[M::ha_hist_line]   103: ** 44460
[M::ha_hist_line]   104: ** 42030
[M::ha_hist_line]   105: * 38576
[M::ha_hist_line]   106: * 36545
[M::ha_hist_line]   107: * 33863
[M::ha_hist_line]   108: * 31988
[M::ha_hist_line]   109: * 30195
[M::ha_hist_line]   110: * 28972
[M::ha_hist_line]   111: * 27756
[M::ha_hist_line]   112: * 26288
[M::ha_hist_line]   113: * 25707
[M::ha_hist_line]   114: * 24646
[M::ha_hist_line]   115: * 23499
[M::ha_hist_line]   116: * 22815
[M::ha_hist_line]   117: * 22266
[M::ha_hist_line]   118: * 21737
[M::ha_hist_line]   119: * 21405
[M::ha_hist_line]   120: * 20619
[M::ha_hist_line]   121: * 20418
[M::ha_hist_line]   122: * 20147
[M::ha_hist_line]   123: * 19778
[M::ha_hist_line]   124: * 19563
[M::ha_hist_line]   125: * 18916
[M::ha_hist_line]   126: * 18947
[M::ha_hist_line]   127: * 18624
[M::ha_hist_line]   128: * 18437
[M::ha_hist_line]   129: * 18004
[M::ha_hist_line]   130: * 17878
[M::ha_hist_line]   131: * 17493
[M::ha_hist_line]   132: * 17248
[M::ha_hist_line]   133: * 16912
[M::ha_hist_line]   134: * 16698
[M::ha_hist_line]   135: * 16250
[M::ha_hist_line]   136: * 16101
[M::ha_hist_line]   137: * 15943
[M::ha_hist_line]   138: * 15606
[M::ha_hist_line]   139: * 15263
[M::ha_hist_line]   140: * 14996
[M::ha_hist_line]   141: * 14743
[M::ha_hist_line]   142: * 14421
[M::ha_hist_line]   143: * 14166
[M::ha_hist_line]   144: * 13890
[M::ha_hist_line]  rest: ********************** 595319
[M::ha_analyze_count] left: none
[M::ha_analyze_count] right: none
[M::ha_pt_gen] peak_hom: 42; peak_het: -1
[M::ha_ct_shrink::12213.598*5.91] ==> counted 115432897 distinct minimizer k-mers
[M::ha_pt_gen::] counting in normal mode
[M::yak_count] collected 4784868274 minimizers
[M::yak_count] collected 0 minimizers
[M::yak_count] collected 0 minimizers
[M::yak_count] collected 0 minimizers
[M::ha_pt_gen::13358.927*7.44] ==> indexed 4144706592 positions, counted 115432897 distinct minimizer k-mers
[M::pec::12573.806] # bases: 177968364933; # corrected bases: 1025777181
[M::pec::57.048] # exact o: 462427590; # non-exact o: 261282202
[M::ha_assemble::26199.062*32.69@206.437GB] ==> corrected reads for round 1
[M::ha_assemble] # bases: 177968364933; # corrected bases: 1025777181
[M::yak_count] collected 4760842752 minimizers
[M::yak_count] collected 0 minimizers
[M::yak_count] collected 0 minimizers
[M::yak_count] collected 0 minimizers
[M::ha_pt_gen::27080.311*32.53] ==> counted 363009116 distinct minimizer k-mers
[M::ha_pt_gen] count[4095] = 0 (for sanity check)
[M::ha_analyze_count] lowest: count[15] = 59108
[M::ha_analyze_count] highest: count[47] = 2597981
[M::ha_hist_line]     1: ****************************************************************************************************> 279121165
[M::ha_hist_line]     2: ************************************************************************************************ 2485713
[M::ha_hist_line]     3: ************************ 635342
[M::ha_hist_line]     4: ************ 316322
[M::ha_hist_line]     5: ******** 207718
[M::ha_hist_line]     6: ****** 156578
[M::ha_hist_line]     7: ***** 125590
[M::ha_hist_line]     8: **** 106889
[M::ha_hist_line]     9: **** 93664
[M::ha_hist_line]    10: *** 82311
[M::ha_hist_line]    11: *** 74047
[M::ha_hist_line]    12: *** 68228
[M::ha_hist_line]    13: ** 63052
[M::ha_hist_line]    14: ** 60184
[M::ha_hist_line]    15: ** 59108
[M::ha_hist_line]    16: ** 59615
[M::ha_hist_line]    17: ** 59138
[M::ha_hist_line]    18: ** 60202
[M::ha_hist_line]    19: ** 62587
[M::ha_hist_line]    20: *** 66144
[M::ha_hist_line]    21: *** 70220
[M::ha_hist_line]    22: *** 77458
[M::ha_hist_line]    23: *** 86585
[M::ha_hist_line]    24: **** 101024
[M::ha_hist_line]    25: ***** 120410
[M::ha_hist_line]    26: ****** 149311
[M::ha_hist_line]    27: ******* 181406
[M::ha_hist_line]    28: ********* 229607
[M::ha_hist_line]    29: *********** 291272
[M::ha_hist_line]    30: ************** 365655
[M::ha_hist_line]    31: ***************** 454466
[M::ha_hist_line]    32: ********************* 558144
[M::ha_hist_line]    33: ************************** 684952
[M::ha_hist_line]    34: ******************************** 832820
[M::ha_hist_line]    35: ************************************** 998637
[M::ha_hist_line]    36: ********************************************* 1171927
[M::ha_hist_line]    37: **************************************************** 1350231
[M::ha_hist_line]    38: *********************************************************** 1540069
[M::ha_hist_line]    39: ******************************************************************* 1732123
[M::ha_hist_line]    40: ************************************************************************** 1912846
[M::ha_hist_line]    41: ******************************************************************************** 2074410
[M::ha_hist_line]    42: ************************************************************************************** 2228982
[M::ha_hist_line]    43: ******************************************************************************************* 2365328
[M::ha_hist_line]    44: *********************************************************************************************** 2476429
[M::ha_hist_line]    45: ************************************************************************************************** 2547450
[M::ha_hist_line]    46: **************************************************************************************************** 2588825
[M::ha_hist_line]    47: **************************************************************************************************** 2597981
[M::ha_hist_line]    48: *************************************************************************************************** 2582324
[M::ha_hist_line]    49: ************************************************************************************************* 2531868
[M::ha_hist_line]    50: *********************************************************************************************** 2466892
[M::ha_hist_line]    51: ******************************************************************************************** 2377525
[M::ha_hist_line]    52: *************************************************************************************** 2264834
[M::ha_hist_line]    53: *********************************************************************************** 2150570
[M::ha_hist_line]    54: ****************************************************************************** 2025807
[M::ha_hist_line]    55: ************************************************************************* 1900388
[M::ha_hist_line]    56: ******************************************************************** 1766129
[M::ha_hist_line]    57: *************************************************************** 1638983
[M::ha_hist_line]    58: *********************************************************** 1523194
[M::ha_hist_line]    59: ****************************************************** 1413415
[M::ha_hist_line]    60: *************************************************** 1313623
[M::ha_hist_line]    61: *********************************************** 1219436
[M::ha_hist_line]    62: ******************************************** 1135196
[M::ha_hist_line]    63: ***************************************** 1057366
[M::ha_hist_line]    64: ************************************** 992710
[M::ha_hist_line]    65: ************************************ 931307
[M::ha_hist_line]    66: ********************************** 879679
[M::ha_hist_line]    67: ******************************** 836217
[M::ha_hist_line]    68: ******************************* 795903
[M::ha_hist_line]    69: ***************************** 754721
[M::ha_hist_line]    70: **************************** 726210
[M::ha_hist_line]    71: *************************** 696863
[M::ha_hist_line]    72: ************************** 670797
[M::ha_hist_line]    73: ************************* 646736
[M::ha_hist_line]    74: ************************ 624258
[M::ha_hist_line]    75: *********************** 597988
[M::ha_hist_line]    76: ********************** 580014
[M::ha_hist_line]    77: ********************** 560342
[M::ha_hist_line]    78: ********************* 539898
[M::ha_hist_line]    79: ******************** 521341
[M::ha_hist_line]    80: ******************* 501877
[M::ha_hist_line]    81: ****************** 480408
[M::ha_hist_line]    82: ****************** 459179
[M::ha_hist_line]    83: ***************** 437843
[M::ha_hist_line]    84: **************** 417600
[M::ha_hist_line]    85: *************** 398421
[M::ha_hist_line]    86: *************** 378749
[M::ha_hist_line]    87: ************** 357541
[M::ha_hist_line]    88: ************* 336216
[M::ha_hist_line]    89: ************ 316491
[M::ha_hist_line]    90: *********** 297713
[M::ha_hist_line]    91: *********** 274840
[M::ha_hist_line]    92: ********** 254402
[M::ha_hist_line]    93: ********* 236132
[M::ha_hist_line]    94: ******** 217174
[M::ha_hist_line]    95: ******** 198019
[M::ha_hist_line]    96: ******* 181340
[M::ha_hist_line]    97: ****** 165485
[M::ha_hist_line]    98: ****** 151246
[M::ha_hist_line]    99: ***** 137633
[M::ha_hist_line]   100: ***** 124267
[M::ha_hist_line]   101: **** 113462
[M::ha_hist_line]   102: **** 101603
[M::ha_hist_line]   103: **** 92576
[M::ha_hist_line]   104: *** 83021
[M::ha_hist_line]   105: *** 74620
[M::ha_hist_line]   106: *** 66639
[M::ha_hist_line]   107: ** 60006
[M::ha_hist_line]   108: ** 55034
[M::ha_hist_line]   109: ** 50054
[M::ha_hist_line]   110: ** 45892
[M::ha_hist_line]   111: ** 42011
[M::ha_hist_line]   112: * 38532
[M::ha_hist_line]   113: * 35482
[M::ha_hist_line]   114: * 33069
[M::ha_hist_line]   115: * 30793
[M::ha_hist_line]   116: * 28377
[M::ha_hist_line]   117: * 27001
[M::ha_hist_line]   118: * 25863
[M::ha_hist_line]   119: * 24747
[M::ha_hist_line]   120: * 23378
[M::ha_hist_line]   121: * 22516
[M::ha_hist_line]   122: * 21990
[M::ha_hist_line]   123: * 21052
[M::ha_hist_line]   124: * 20780
[M::ha_hist_line]   125: * 20213
[M::ha_hist_line]   126: * 19924
[M::ha_hist_line]   127: * 19197
[M::ha_hist_line]   128: * 19284
[M::ha_hist_line]   129: * 18982
[M::ha_hist_line]   130: * 18856
[M::ha_hist_line]   131: * 18476
[M::ha_hist_line]   132: * 18118
[M::ha_hist_line]   133: * 17774
[M::ha_hist_line]   134: * 17553
[M::ha_hist_line]   135: * 17538
[M::ha_hist_line]   136: * 17012
[M::ha_hist_line]   137: * 16832
[M::ha_hist_line]   138: * 16716
[M::ha_hist_line]   139: * 16451
[M::ha_hist_line]   140: * 16674
[M::ha_hist_line]   141: * 15717
[M::ha_hist_line]   142: * 16186
[M::ha_hist_line]   143: * 15701
[M::ha_hist_line]   144: * 15242
[M::ha_hist_line]   145: * 14952
[M::ha_hist_line]   146: * 14747
[M::ha_hist_line]   147: * 14284
[M::ha_hist_line]   148: * 13979
[M::ha_hist_line]   149: * 13783
[M::ha_hist_line]   150: * 13569
[M::ha_hist_line]  rest: ************************ 635583
[M::ha_analyze_count] left: none
[M::ha_analyze_count] right: none
[M::ha_pt_gen] peak_hom: 47; peak_het: -1
[M::ha_ct_shrink::27082.888*32.52] ==> counted 83887951 distinct minimizer k-mers
[M::ha_pt_gen::] counting in normal mode
[M::yak_count] collected 4760842752 minimizers
[M::yak_count] collected 0 minimizers
[M::yak_count] collected 0 minimizers
[M::yak_count] collected 0 minimizers
[M::ha_pt_gen::28156.780*32.20] ==> indexed 4481721587 positions, counted 83887951 distinct minimizer k-mers
[M::pec::9258.634] # bases: 178009348874; # corrected bases: 70214297
[M::pec::50.012] # exact o: 702489217; # non-exact o: 90646229
[M::ha_assemble::37507.229*39.04@232.246GB] ==> corrected reads for round 2
[M::ha_assemble] # bases: 178009348874; # corrected bases: 70214297
[M::yak_count] collected 4757970705 minimizers
[M::yak_count] collected 0 minimizers
[M::yak_count] collected 0 minimizers
[M::yak_count] collected 0 minimizers
[M::ha_pt_gen::38396.457*38.77] ==> counted 347202182 distinct minimizer k-mers
[M::ha_pt_gen] count[4095] = 0 (for sanity check)
[M::ha_analyze_count] lowest: count[15] = 54649
[M::ha_analyze_count] highest: count[47] = 2592127
[M::ha_hist_line]     1: ****************************************************************************************************> 264157456
[M::ha_hist_line]     2: ***************************************************************************** 2004616
[M::ha_hist_line]     3: ******************* 500124
[M::ha_hist_line]     4: ********** 253884
[M::ha_hist_line]     5: ******* 173249
[M::ha_hist_line]     6: ***** 133540
[M::ha_hist_line]     7: **** 109757
[M::ha_hist_line]     8: **** 95071
[M::ha_hist_line]     9: *** 84521
[M::ha_hist_line]    10: *** 74756
[M::ha_hist_line]    11: *** 68248
[M::ha_hist_line]    12: ** 63514
[M::ha_hist_line]    13: ** 59331
[M::ha_hist_line]    14: ** 56333
[M::ha_hist_line]    15: ** 54649
[M::ha_hist_line]    16: ** 55108
[M::ha_hist_line]    17: ** 55970
[M::ha_hist_line]    18: ** 56848
[M::ha_hist_line]    19: ** 59443
[M::ha_hist_line]    20: ** 63718
[M::ha_hist_line]    21: *** 67997
[M::ha_hist_line]    22: *** 74462
[M::ha_hist_line]    23: *** 83300
[M::ha_hist_line]    24: **** 97386
[M::ha_hist_line]    25: **** 116408
[M::ha_hist_line]    26: ****** 145083
[M::ha_hist_line]    27: ******* 174508
[M::ha_hist_line]    28: ********* 220480
[M::ha_hist_line]    29: *********** 280955
[M::ha_hist_line]    30: ************** 353244
[M::ha_hist_line]    31: ***************** 439751
[M::ha_hist_line]    32: ********************* 540403
[M::ha_hist_line]    33: ************************** 663289
[M::ha_hist_line]    34: ******************************* 811023
[M::ha_hist_line]    35: ************************************** 972273
[M::ha_hist_line]    36: ******************************************** 1142189
[M::ha_hist_line]    37: *************************************************** 1319912
[M::ha_hist_line]    38: ********************************************************** 1509128
[M::ha_hist_line]    39: ****************************************************************** 1698213
[M::ha_hist_line]    40: ************************************************************************* 1882587
[M::ha_hist_line]    41: ******************************************************************************* 2047148
[M::ha_hist_line]    42: ************************************************************************************* 2200823
[M::ha_hist_line]    43: ****************************************************************************************** 2341886
[M::ha_hist_line]    44: *********************************************************************************************** 2453460
[M::ha_hist_line]    45: ************************************************************************************************** 2533977
[M::ha_hist_line]    46: **************************************************************************************************** 2579528
[M::ha_hist_line]    47: **************************************************************************************************** 2592127
[M::ha_hist_line]    48: *************************************************************************************************** 2577165
[M::ha_hist_line]    49: ************************************************************************************************** 2534173
[M::ha_hist_line]    50: *********************************************************************************************** 2472302
[M::ha_hist_line]    51: ******************************************************************************************** 2390027
[M::ha_hist_line]    52: **************************************************************************************** 2277746
[M::ha_hist_line]    53: ************************************************************************************ 2167700
[M::ha_hist_line]    54: ******************************************************************************* 2045508
[M::ha_hist_line]    55: ************************************************************************** 1918080
[M::ha_hist_line]    56: ********************************************************************* 1783340
[M::ha_hist_line]    57: **************************************************************** 1655862
[M::ha_hist_line]    58: *********************************************************** 1539881
[M::ha_hist_line]    59: ******************************************************* 1428017
[M::ha_hist_line]    60: *************************************************** 1329971
[M::ha_hist_line]    61: ************************************************ 1234271
[M::ha_hist_line]    62: ******************************************** 1147749
[M::ha_hist_line]    63: ***************************************** 1069207
[M::ha_hist_line]    64: *************************************** 1001902
[M::ha_hist_line]    65: ************************************ 941485
[M::ha_hist_line]    66: ********************************** 887768
[M::ha_hist_line]    67: ********************************* 843351
[M::ha_hist_line]    68: ******************************* 802344
[M::ha_hist_line]    69: ***************************** 760620
[M::ha_hist_line]    70: **************************** 732685
[M::ha_hist_line]    71: *************************** 701347
[M::ha_hist_line]    72: ************************** 675003
[M::ha_hist_line]    73: ************************* 651068
[M::ha_hist_line]    74: ************************ 628121
[M::ha_hist_line]    75: *********************** 603079
[M::ha_hist_line]    76: ********************** 582359
[M::ha_hist_line]    77: ********************** 564286
[M::ha_hist_line]    78: ********************* 544410
[M::ha_hist_line]    79: ******************** 526958
[M::ha_hist_line]    80: ******************* 505176
[M::ha_hist_line]    81: ******************* 484803
[M::ha_hist_line]    82: ****************** 463178
[M::ha_hist_line]    83: ***************** 442317
[M::ha_hist_line]    84: **************** 421868
[M::ha_hist_line]    85: **************** 402511
[M::ha_hist_line]    86: *************** 383480
[M::ha_hist_line]    87: ************** 361986
[M::ha_hist_line]    88: ************* 340508
[M::ha_hist_line]    89: ************ 321203
[M::ha_hist_line]    90: ************ 302603
[M::ha_hist_line]    91: *********** 280280
[M::ha_hist_line]    92: ********** 260156
[M::ha_hist_line]    93: ********* 240630
[M::ha_hist_line]    94: ********* 221471
[M::ha_hist_line]    95: ******** 203150
[M::ha_hist_line]    96: ******* 185783
[M::ha_hist_line]    97: ******* 169177
[M::ha_hist_line]    98: ****** 155529
[M::ha_hist_line]    99: ***** 141605
[M::ha_hist_line]   100: ***** 127187
[M::ha_hist_line]   101: **** 115831
[M::ha_hist_line]   102: **** 104618
[M::ha_hist_line]   103: **** 94610
[M::ha_hist_line]   104: *** 86000
[M::ha_hist_line]   105: *** 76392
[M::ha_hist_line]   106: *** 68613
[M::ha_hist_line]   107: ** 61703
[M::ha_hist_line]   108: ** 56558
[M::ha_hist_line]   109: ** 51295
[M::ha_hist_line]   110: ** 46814
[M::ha_hist_line]   111: ** 42684
[M::ha_hist_line]   112: ** 39705
[M::ha_hist_line]   113: * 36460
[M::ha_hist_line]   114: * 33417
[M::ha_hist_line]   115: * 31372
[M::ha_hist_line]   116: * 29241
[M::ha_hist_line]   117: * 27285
[M::ha_hist_line]   118: * 26177
[M::ha_hist_line]   119: * 24865
[M::ha_hist_line]   120: * 24053
[M::ha_hist_line]   121: * 22758
[M::ha_hist_line]   122: * 22087
[M::ha_hist_line]   123: * 21146
[M::ha_hist_line]   124: * 21016
[M::ha_hist_line]   125: * 20344
[M::ha_hist_line]   126: * 19934
[M::ha_hist_line]   127: * 19375
[M::ha_hist_line]   128: * 19122
[M::ha_hist_line]   129: * 19208
[M::ha_hist_line]   130: * 18954
[M::ha_hist_line]   131: * 18444
[M::ha_hist_line]   132: * 18048
[M::ha_hist_line]   133: * 17858
[M::ha_hist_line]   134: * 17789
[M::ha_hist_line]   135: * 17426
[M::ha_hist_line]   136: * 16852
[M::ha_hist_line]   137: * 16448
[M::ha_hist_line]   138: * 16893
[M::ha_hist_line]   139: * 16398
[M::ha_hist_line]   140: * 16700
[M::ha_hist_line]   141: * 16192
[M::ha_hist_line]   142: * 15958
[M::ha_hist_line]   143: * 15729
[M::ha_hist_line]   144: * 15343
[M::ha_hist_line]   145: * 15041
[M::ha_hist_line]   146: * 14920
[M::ha_hist_line]   147: * 14619
[M::ha_hist_line]   148: * 13995
[M::ha_hist_line]   149: * 14109
[M::ha_hist_line]   150: * 13778
[M::ha_hist_line]   151: * 13410
[M::ha_hist_line]  rest: ************************ 630533
[M::ha_analyze_count] left: none
[M::ha_analyze_count] right: none
[M::ha_pt_gen] peak_hom: 47; peak_het: -1
[M::ha_ct_shrink::38399.021*38.77] ==> counted 83044726 distinct minimizer k-mers
[M::ha_pt_gen::] counting in normal mode
[M::yak_count] collected 4757970705 minimizers
[M::yak_count] collected 0 minimizers
[M::yak_count] collected 0 minimizers
[M::yak_count] collected 0 minimizers
[M::ha_pt_gen::39468.016*38.36] ==> indexed 4493813249 positions, counted 83044726 distinct minimizer k-mers
[M::pec::8550.715] # bases: 178012719498; # corrected bases: 26822881
[M::pec::52.839] # exact o: 770901636; # non-exact o: 35374176
[M::ha_assemble::48080.203*42.17@255.021GB] ==> corrected reads for round 3
[M::ha_assemble] # bases: 178012719498; # corrected bases: 26822881
[M::yak_count] collected 4757280682 minimizers
[M::yak_count] collected 0 minimizers
[M::yak_count] collected 0 minimizers
[M::yak_count] collected 0 minimizers
[M::ha_pt_gen::48964.142*41.90] ==> counted 341435814 distinct minimizer k-mers
[M::ha_pt_gen] count[4095] = 0 (for sanity check)
[M::ha_analyze_count] lowest: count[15] = 53350
[M::ha_analyze_count] highest: count[47] = 2588255
[M::ha_hist_line]     1: ****************************************************************************************************> 258599736
[M::ha_hist_line]     2: ************************************************************************* 1885423
[M::ha_hist_line]     3: ****************** 467995
[M::ha_hist_line]     4: ********* 239744
[M::ha_hist_line]     5: ****** 165101
[M::ha_hist_line]     6: ***** 127884
[M::ha_hist_line]     7: **** 105821
[M::ha_hist_line]     8: **** 91346
[M::ha_hist_line]     9: *** 81924
[M::ha_hist_line]    10: *** 72879
[M::ha_hist_line]    11: *** 66336
[M::ha_hist_line]    12: ** 61760
[M::ha_hist_line]    13: ** 58032
[M::ha_hist_line]    14: ** 55192
[M::ha_hist_line]    15: ** 53350
[M::ha_hist_line]    16: ** 53715
[M::ha_hist_line]    17: ** 55057
[M::ha_hist_line]    18: ** 56250
[M::ha_hist_line]    19: ** 58448
[M::ha_hist_line]    20: ** 62735
[M::ha_hist_line]    21: *** 67654
[M::ha_hist_line]    22: *** 73522
[M::ha_hist_line]    23: *** 82516
[M::ha_hist_line]    24: **** 96416
[M::ha_hist_line]    25: **** 115002
[M::ha_hist_line]    26: ****** 142922
[M::ha_hist_line]    27: ******* 172373
[M::ha_hist_line]    28: ******** 217781
[M::ha_hist_line]    29: *********** 277426
[M::ha_hist_line]    30: ************* 348788
[M::ha_hist_line]    31: ***************** 434436
[M::ha_hist_line]    32: ********************* 534598
[M::ha_hist_line]    33: ************************* 654992
[M::ha_hist_line]    34: ******************************* 802402
[M::ha_hist_line]    35: ************************************* 963298
[M::ha_hist_line]    36: ******************************************** 1131113
[M::ha_hist_line]    37: *************************************************** 1310124
[M::ha_hist_line]    38: ********************************************************** 1496841
[M::ha_hist_line]    39: ***************************************************************** 1686405
[M::ha_hist_line]    40: ************************************************************************ 1869788
[M::ha_hist_line]    41: ******************************************************************************* 2038153
[M::ha_hist_line]    42: ************************************************************************************* 2190355
[M::ha_hist_line]    43: ****************************************************************************************** 2332746
[M::ha_hist_line]    44: ********************************************************************************************** 2445569
[M::ha_hist_line]    45: ************************************************************************************************** 2528057
[M::ha_hist_line]    46: **************************************************************************************************** 2577225
[M::ha_hist_line]    47: **************************************************************************************************** 2588255
[M::ha_hist_line]    48: **************************************************************************************************** 2577488
[M::ha_hist_line]    49: ************************************************************************************************** 2533672
[M::ha_hist_line]    50: ************************************************************************************************ 2473489
[M::ha_hist_line]    51: ******************************************************************************************** 2392140
[M::ha_hist_line]    52: **************************************************************************************** 2283600
[M::ha_hist_line]    53: ************************************************************************************ 2174271
[M::ha_hist_line]    54: ******************************************************************************* 2052660
[M::ha_hist_line]    55: ************************************************************************** 1924133
[M::ha_hist_line]    56: ********************************************************************* 1790202
[M::ha_hist_line]    57: **************************************************************** 1663661
[M::ha_hist_line]    58: ************************************************************ 1545240
[M::ha_hist_line]    59: ******************************************************* 1432622
[M::ha_hist_line]    60: **************************************************** 1335830
[M::ha_hist_line]    61: ************************************************ 1240255
[M::ha_hist_line]    62: ********************************************* 1152000
[M::ha_hist_line]    63: ***************************************** 1073930
[M::ha_hist_line]    64: *************************************** 1004535
[M::ha_hist_line]    65: ************************************ 944439
[M::ha_hist_line]    66: ********************************** 891338
[M::ha_hist_line]    67: ********************************* 845867
[M::ha_hist_line]    68: ******************************* 805868
[M::ha_hist_line]    69: ***************************** 762544
[M::ha_hist_line]    70: **************************** 733607
[M::ha_hist_line]    71: *************************** 703789
[M::ha_hist_line]    72: ************************** 677407
[M::ha_hist_line]    73: ************************* 652306
[M::ha_hist_line]    74: ************************ 628826
[M::ha_hist_line]    75: *********************** 605038
[M::ha_hist_line]    76: *********************** 583518
[M::ha_hist_line]    77: ********************** 565965
[M::ha_hist_line]    78: ********************* 546906
[M::ha_hist_line]    79: ******************** 528198
[M::ha_hist_line]    80: ******************** 507781
[M::ha_hist_line]    81: ******************* 486190
[M::ha_hist_line]    82: ****************** 464986
[M::ha_hist_line]    83: ***************** 442924
[M::ha_hist_line]    84: **************** 423937
[M::ha_hist_line]    85: **************** 404456
[M::ha_hist_line]    86: *************** 385433
[M::ha_hist_line]    87: ************** 363632
[M::ha_hist_line]    88: ************* 342534
[M::ha_hist_line]    89: ************ 323298
[M::ha_hist_line]    90: ************ 304449
[M::ha_hist_line]    91: *********** 282138
[M::ha_hist_line]    92: ********** 262726
[M::ha_hist_line]    93: ********* 242207
[M::ha_hist_line]    94: ********* 222402
[M::ha_hist_line]    95: ******** 204782
[M::ha_hist_line]    96: ******* 187742
[M::ha_hist_line]    97: ******* 170609
[M::ha_hist_line]    98: ****** 156497
[M::ha_hist_line]    99: ****** 143217
[M::ha_hist_line]   100: ***** 128877
[M::ha_hist_line]   101: ***** 116986
[M::ha_hist_line]   102: **** 106144
[M::ha_hist_line]   103: **** 95826
[M::ha_hist_line]   104: *** 87046
[M::ha_hist_line]   105: *** 77316
[M::ha_hist_line]   106: *** 69405
[M::ha_hist_line]   107: ** 62302
[M::ha_hist_line]   108: ** 57260
[M::ha_hist_line]   109: ** 51751
[M::ha_hist_line]   110: ** 47167
[M::ha_hist_line]   111: ** 43130
[M::ha_hist_line]   112: ** 39845
[M::ha_hist_line]   113: * 36936
[M::ha_hist_line]   114: * 33616
[M::ha_hist_line]   115: * 31649
[M::ha_hist_line]   116: * 29232
[M::ha_hist_line]   117: * 27545
[M::ha_hist_line]   118: * 26328
[M::ha_hist_line]   119: * 25130
[M::ha_hist_line]   120: * 24345
[M::ha_hist_line]   121: * 22668
[M::ha_hist_line]   122: * 22170
[M::ha_hist_line]   123: * 21195
[M::ha_hist_line]   124: * 21040
[M::ha_hist_line]   125: * 20324
[M::ha_hist_line]   126: * 20002
[M::ha_hist_line]   127: * 19597
[M::ha_hist_line]   128: * 18959
[M::ha_hist_line]   129: * 19105
[M::ha_hist_line]   130: * 18837
[M::ha_hist_line]   131: * 18639
[M::ha_hist_line]   132: * 18039
[M::ha_hist_line]   133: * 17948
[M::ha_hist_line]   134: * 17767
[M::ha_hist_line]   135: * 17747
[M::ha_hist_line]   136: * 16817
[M::ha_hist_line]   137: * 16577
[M::ha_hist_line]   138: * 16824
[M::ha_hist_line]   139: * 16249
[M::ha_hist_line]   140: * 16583
[M::ha_hist_line]   141: * 16226
[M::ha_hist_line]   142: * 16103
[M::ha_hist_line]   143: * 15585
[M::ha_hist_line]   144: * 15302
[M::ha_hist_line]   145: * 15144
[M::ha_hist_line]   146: * 15128
[M::ha_hist_line]   147: * 14327
[M::ha_hist_line]   148: * 14040
[M::ha_hist_line]   149: * 14111
[M::ha_hist_line]   150: * 13803
[M::ha_hist_line]   151: * 13382
[M::ha_hist_line]  rest: ************************ 632971
[M::ha_analyze_count] left: none
[M::ha_analyze_count] right: none
[M::ha_pt_gen] peak_hom: 47; peak_het: -1
[M::ha_ct_shrink::48966.674*41.90] ==> counted 82836078 distinct minimizer k-mers
[M::ha_pt_gen::] counting in normal mode
[M::yak_count] collected 4757280682 minimizers
[M::yak_count] collected 0 minimizers
[M::yak_count] collected 0 minimizers
[M::yak_count] collected 0 minimizers
[M::ha_pt_gen::50023.313*41.52] ==> indexed 4498680946 positions, counted 82836078 distinct minimizer k-mers
[M::ha_print_ovlp_stat_0] # overlaps: 795920449
[M::ha_print_ovlp_stat_0] # strong overlaps: 234007610
[M::ha_print_ovlp_stat_0] # weak overlaps: 561912839
[M::ha_print_ovlp_stat_0] # exact overlaps: 760247890
[M::ha_print_ovlp_stat_0] # inexact overlaps: 35672559
[M::ha_print_ovlp_stat_0] # overlaps without large indels: 791708596
[M::ha_print_ovlp_stat_0] # reverse overlaps: 249906950
[M::ha_print_ovlp_stat_0] # running time: 1920.631
[M::ha_assemble::51972.532*42.06@277.762GB] ==> found overlaps for the final round
[M::ha_opt_update_cov_min] updated max_n_chain to 235
Writing reads to disk... 
Reads has been written.
Writing ma_hit_ts to disk... 
ma_hit_ts has been written.
Writing ma_hit_ts to disk... 
ma_hit_ts has been written.
bin files have been written.
[M::gen_chemical_arc_rf] # chimeric reads: 1364918
[M::purge_dups] homozygous read coverage threshold: 88
[M::purge_dups] purge duplication coverage threshold: 110
[M::ug_ext_gfa::] # tips::688
Writing raw unitig GFA to disk... 
[M::ug_ext_gfa::] # tips::5
Writing processed unitig GFA to disk... 
[M::purge_dups] homozygous read coverage threshold: 88
[M::purge_dups] purge duplication coverage threshold: 110
[M::mc_solve:: # edges: 7630]
[M::mc_solve_core_adv::1.524] ==> Partition
[M::adjust_utg_by_primary] primary contig coverage range: [74, infinity]
Writing hapA.ont.bp.p_ctg.gfa to disk... 
[M::reduce_hamming_error_adv::1.174] # inserted edges: 9234, # fixed bubbles: 505
[M::adjust_utg_by_trio] primary contig coverage range: [74, infinity]
[M::recall_arcs] # transitive arcs::462
[M::recall_arcs] # new arcs::109608, # old arcs::62672
[M::clean_trio_untig_graph] # adjusted arcs::0
[M::adjust_utg_by_trio] primary contig coverage range: [74, infinity]
[M::recall_arcs] # transitive arcs::490
[M::recall_arcs] # new arcs::110944, # old arcs::60938
[M::clean_trio_untig_graph] # adjusted arcs::0
[M::output_trio_graph_joint] dedup_base::9817820, miss_base::0
Writing hapA.ont.bp.hap1.p_ctg.gfa to disk... 
Writing hapA.ont.bp.hap2.p_ctg.gfa to disk... 
Inconsistency threshold for low-quality regions in BED files: 70%
[M::main] Version: 0.25.0-r726
[M::main] CMD: hifiasm -o hapA.ont --ont -t 60 HG002_standar_ont_sup_PAW70337.fastq_fastkm_matrix.hapA.fq.gz HG002_standar_ont_sup_PAW71238.fastq_fastkm_matrix.hapA.fq.gz HG002_standar_ont_sup_PAW70337.fastq_fastkm_matrix.hapU.fq.gz HG002_standar_ont_sup_PAW71238.fastq_fastkm_matrix.hapU.fq.gz
[M::main] Real time: 54682.619 sec; CPU: 2193986.005 sec; Peak RSS: 277.762 GB
